
> client@0.1.0 dev
> next dev

▲ Next.js 16.2.9 (Turbopack)
- Local:         http://localhost:3000
- Network:       http://100.67.68.102:3000
- Environments: .env.local
✓ Ready in 1925ms
⚠ Slow filesystem detected. The benchmark took 210ms. If D:\PROJECT\APLIKASI HABITAT\V2\habitat-saas\client\.next/dev is a network drive, consider moving it to a local folder.
See more: https://nextjs.org/docs/app/guides/local-development

○ Compiling / ...
 GET / 307 in 20.5s (next.js: 20.4s, application-code: 124ms)
 GET /api/sponsor/benefits 200 in 2.3s (next.js: 683ms, application-code: 1607ms)
 GET /api/sponsor/benefits 200 in 232ms (next.js: 6ms, application-code: 225ms)
 GET /login 200 in 128ms (next.js: 61ms, application-code: 67ms)
 POST /api/auth/login 200 in 1389ms (next.js: 7ms, application-code: 1383ms)
 GET /dashboard 200 in 56ms (next.js: 39ms, application-code: 17ms)
 GET /api/events 200 in 178ms (next.js: 6ms, application-code: 172ms)
 GET /dashboard/sponsor 200 in 192ms (next.js: 42ms, application-code: 150ms)
 GET /api/sponsor/deals 200 in 383ms (next.js: 3ms, application-code: 380ms)
 GET /api/sponsor/deliverables?dealId=8729fe56-41e2-43ec-938e-134f249c730f 200 in 200ms (next.js: 7ms, application-code: 193ms)
 GET /api/sponsor/deliverables?dealId=8729fe56-41e2-43ec-938e-134f249c730f 200 in 194ms (next.js: 2ms, application-code: 192ms)
 GET /api/sponsor/benefits 200 in 1317ms (next.js: 1946µs, application-code: 1315ms)
 GET /api/sponsor/packages 200 in 1683ms (next.js: 9ms, application-code: 1674ms)
 GET /api/sponsor/deliverables?dealId=46c46bfe-02f6-492d-afb6-e1f67ea8f91b 200 in 1321ms (next.js: 12ms, application-code: 1309ms)
 GET /api/sponsor/thresholds 200 in 1873ms (next.js: 3ms, application-code: 1870ms)
 GET /api/sponsor/deliverables?dealId=46c46bfe-02f6-492d-afb6-e1f67ea8f91b 200 in 194ms (next.js: 3ms, application-code: 191ms)
 GET /api/sponsor/thresholds 200 in 193ms (next.js: 1939µs, application-code: 191ms)
 GET /api/sponsor/packages 200 in 567ms (next.js: 6ms, application-code: 561ms)
 POST /api/sponsor/benefits 201 in 199ms (next.js: 6ms, application-code: 193ms)
 GET /api/sponsor/benefits 200 in 195ms (next.js: 1819µs, application-code: 193ms)
 POST /api/sponsor/benefits 201 in 197ms (next.js: 6ms, application-code: 191ms)
 GET /api/sponsor/benefits 200 in 192ms (next.js: 1790µs, application-code: 190ms)
 POST /api/sponsor/benefits 201 in 197ms (next.js: 6ms, application-code: 191ms)
 GET /api/sponsor/benefits 200 in 191ms (next.js: 1523µs, application-code: 190ms)
 GET /login 200 in 32ms (next.js: 3ms, application-code: 29ms)
 POST /api/auth/login 200 in 255ms (next.js: 6ms, application-code: 249ms)
 GET /dashboard 200 in 16ms (next.js: 3ms, application-code: 13ms)
 GET /api/events 200 in 49ms (next.js: 2ms, application-code: 47ms)
 GET /dashboard/sponsor 200 in 41ms (next.js: 3ms, application-code: 38ms)
 GET /api/sponsor/thresholds 200 in 1294ms (next.js: 2ms, application-code: 1291ms)
 GET /api/sponsor/benefits 200 in 1361ms (next.js: 1573µs, application-code: 1360ms)
 GET /api/sponsor/deals 200 in 1489ms (next.js: 3ms, application-code: 1486ms)
 GET /api/sponsor/thresholds 200 in 202ms (next.js: 6ms, application-code: 196ms)
 GET /api/sponsor/deliverables?dealId=8729fe56-41e2-43ec-938e-134f249c730f 200 in 191ms (next.js: 1877µs, application-code: 189ms)
 GET /api/sponsor/deliverables?dealId=46c46bfe-02f6-492d-afb6-e1f67ea8f91b 200 in 198ms (next.js: 6ms, application-code: 192ms)
 GET /api/sponsor/packages 200 in 1701ms (next.js: 7ms, application-code: 1694ms)
 GET /api/sponsor/deliverables?dealId=8729fe56-41e2-43ec-938e-134f249c730f 200 in 191ms (next.js: 1767µs, application-code: 189ms)
 GET /api/sponsor/deliverables?dealId=46c46bfe-02f6-492d-afb6-e1f67ea8f91b 200 in 193ms (next.js: 1847µs, application-code: 191ms)
 GET /api/sponsor/packages 200 in 560ms (next.js: 1760µs, application-code: 558ms)
 POST /api/sponsor/benefits 201 in 198ms (next.js: 6ms, application-code: 192ms)
 GET /api/sponsor/benefits 200 in 191ms (next.js: 1580µs, application-code: 189ms)
 POST /api/sponsor/benefits 201 in 197ms (next.js: 5ms, application-code: 192ms)
 GET /api/sponsor/benefits 200 in 193ms (next.js: 1880µs, application-code: 191ms)
 POST /api/sponsor/benefits 201 in 197ms (next.js: 6ms, application-code: 191ms)
 GET /api/sponsor/benefits 200 in 191ms (next.js: 1575µs, application-code: 190ms)
 POST /api/sponsor/thresholds 200 in 207ms (next.js: 5ms, application-code: 202ms)
 POST /api/sponsor/packages 201 in 1560ms (next.js: 6ms, application-code: 1555ms)
 POST /api/sponsor/codes 201 in 399ms (next.js: 6ms, application-code: 394ms)
 GET /sponsor-portal 200 in 74ms (next.js: 26ms, application-code: 48ms)
 POST /api/sponsor/codes/validate 200 in 403ms (next.js: 6ms, application-code: 397ms)
 GET /api/sponsor/benefits 200 in 199ms (next.js: 6ms, application-code: 193ms)
 GET /api/sponsor/packages 200 in 587ms (next.js: 1982µs, application-code: 585ms)
 GET /login 200 in 30ms (next.js: 3ms, application-code: 27ms)
 POST /api/auth/login 200 in 1464ms (next.js: 6ms, application-code: 1458ms)
 GET /dashboard 200 in 17ms (next.js: 3ms, application-code: 14ms)
 GET /api/events 200 in 59ms (next.js: 6ms, application-code: 53ms)
 GET /dashboard/sponsor 200 in 49ms (next.js: 4ms, application-code: 45ms)
 GET /api/sponsor/benefits 200 in 194ms (next.js: 1509µs, application-code: 192ms)
 GET /api/sponsor/thresholds 200 in 1308ms (next.js: 4ms, application-code: 1305ms)
 GET /api/sponsor/deals 200 in 1503ms (next.js: 3ms, application-code: 1500ms)
 GET /api/sponsor/thresholds 200 in 198ms (next.js: 5ms, application-code: 192ms)
 GET /api/sponsor/packages 200 in 1687ms (next.js: 7ms, application-code: 1679ms)
 GET /api/sponsor/deliverables?dealId=8729fe56-41e2-43ec-938e-134f249c730f 200 in 192ms (next.js: 1690µs, application-code: 190ms)
 GET /api/sponsor/deliverables?dealId=46c46bfe-02f6-492d-afb6-e1f67ea8f91b 200 in 193ms (next.js: 3ms, application-code: 190ms)
 GET /api/sponsor/deliverables?dealId=8729fe56-41e2-43ec-938e-134f249c730f 200 in 194ms (next.js: 4ms, application-code: 189ms)
 GET /api/sponsor/deliverables?dealId=46c46bfe-02f6-492d-afb6-e1f67ea8f91b 200 in 190ms (next.js: 1438µs, application-code: 189ms)
 GET /api/sponsor/packages 200 in 562ms (next.js: 1781µs, application-code: 560ms)
 POST /api/sponsor/benefits 201 in 202ms (next.js: 6ms, application-code: 196ms)
 GET /api/sponsor/benefits 200 in 192ms (next.js: 1619µs, application-code: 190ms)
 POST /api/sponsor/benefits 201 in 197ms (next.js: 6ms, application-code: 192ms)
 GET /api/sponsor/benefits 200 in 191ms (next.js: 1541µs, application-code: 189ms)
 POST /api/sponsor/benefits 201 in 197ms (next.js: 6ms, application-code: 192ms)
 GET /api/sponsor/benefits 200 in 191ms (next.js: 1750µs, application-code: 190ms)
 POST /api/sponsor/thresholds 200 in 204ms (next.js: 9ms, application-code: 196ms)
 POST /api/sponsor/packages 201 in 1497ms (next.js: 6ms, application-code: 1491ms)
 POST /api/sponsor/codes 201 in 384ms (next.js: 6ms, application-code: 378ms)
 GET /sponsor-portal 200 in 31ms (next.js: 3ms, application-code: 28ms)
 POST /api/sponsor/codes/validate 200 in 1509ms (next.js: 9ms, application-code: 1500ms)
 GET /api/sponsor/packages 200 in 571ms (next.js: 6ms, application-code: 565ms)
 GET /api/sponsor/benefits 200 in 1309ms (next.js: 1751µs, application-code: 1307ms)
 GET /login 200 in 28ms (next.js: 3ms, application-code: 26ms)
 POST /api/auth/login 200 in 255ms (next.js: 7ms, application-code: 249ms)
 GET /dashboard 200 in 16ms (next.js: 3ms, application-code: 13ms)
 GET /api/events 200 in 47ms (next.js: 1946µs, application-code: 45ms)
 GET /dashboard/sponsor 200 in 38ms (next.js: 3ms, application-code: 36ms)
 GET /api/sponsor/deals 200 in 380ms (next.js: 2ms, application-code: 378ms)
 GET /api/sponsor/deliverables?dealId=8729fe56-41e2-43ec-938e-134f249c730f 200 in 197ms (next.js: 6ms, application-code: 191ms)
 GET /api/sponsor/deliverables?dealId=46c46bfe-02f6-492d-afb6-e1f67ea8f91b 200 in 204ms (next.js: 10ms, application-code: 194ms)
 GET /api/sponsor/deliverables?dealId=8729fe56-41e2-43ec-938e-134f249c730f 200 in 192ms (next.js: 1541µs, application-code: 190ms)
 GET /api/sponsor/deliverables?dealId=46c46bfe-02f6-492d-afb6-e1f67ea8f91b 200 in 193ms (next.js: 1578µs, application-code: 191ms)
 GET /api/sponsor/benefits 200 in 1548ms (next.js: 1373µs, application-code: 1546ms)
 GET /api/sponsor/packages 200 in 1663ms (next.js: 6ms, application-code: 1657ms)
 GET /api/sponsor/thresholds 200 in 2.0s (next.js: 1610µs, application-code: 2.0s)
 GET /api/sponsor/packages 200 in 560ms (next.js: 6ms, application-code: 554ms)
 GET /api/sponsor/thresholds 200 in 195ms (next.js: 1722µs, application-code: 193ms)
 GET /sponsor-dashboard 200 in 212ms (next.js: 181ms, application-code: 32ms)
 POST /api/sponsor/accounts/verify 200 in 257ms (next.js: 6ms, application-code: 251ms)
 GET /api/sponsor/deliverables?dealId=8729fe56-41e2-43ec-938e-134f249c730f 200 in 196ms (next.js: 2ms, application-code: 194ms)
 GET /api/sponsor/deliverables?dealId=8729fe56-41e2-43ec-938e-134f249c730f 200 in 194ms (next.js: 1885µs, application-code: 193ms)
 GET /login 200 in 27ms (next.js: 3ms, application-code: 24ms)
 POST /api/auth/login 200 in 2.7s (next.js: 6ms, application-code: 2.7s)
 GET /dashboard 200 in 18ms (next.js: 3ms, application-code: 15ms)
 GET /dashboard/sponsor 200 in 43ms (next.js: 3ms, application-code: 40ms)
 GET /api/events 200 in 55ms (next.js: 6ms, application-code: 49ms)
 GET /api/sponsor/thresholds 200 in 1313ms (next.js: 6ms, application-code: 1307ms)
 GET /api/sponsor/benefits 200 in 1315ms (next.js: 1691µs, application-code: 1314ms)
 GET /api/sponsor/deals 200 in 1517ms (next.js: 3ms, application-code: 1514ms)
 GET /api/sponsor/thresholds 200 in 197ms (next.js: 5ms, application-code: 191ms)
 GET /api/sponsor/packages 200 in 1709ms (next.js: 6ms, application-code: 1703ms)
 GET /api/sponsor/deliverables?dealId=8729fe56-41e2-43ec-938e-134f249c730f 200 in 192ms (next.js: 1958µs, application-code: 190ms)
 GET /api/sponsor/deliverables?dealId=46c46bfe-02f6-492d-afb6-e1f67ea8f91b 200 in 199ms (next.js: 6ms, application-code: 193ms)
 GET /api/sponsor/deliverables?dealId=8729fe56-41e2-43ec-938e-134f249c730f 200 in 192ms (next.js: 1557µs, application-code: 191ms)
 GET /api/sponsor/deliverables?dealId=46c46bfe-02f6-492d-afb6-e1f67ea8f91b 200 in 191ms (next.js: 1722µs, application-code: 190ms)
 GET /api/sponsor/packages 200 in 574ms (next.js: 1694µs, application-code: 572ms)
 POST /api/sponsor/benefits 201 in 201ms (next.js: 6ms, application-code: 195ms)
 GET /api/sponsor/benefits 200 in 194ms (next.js: 1620µs, application-code: 193ms)
 POST /api/sponsor/benefits 201 in 202ms (next.js: 6ms, application-code: 196ms)
 GET /api/sponsor/benefits 200 in 194ms (next.js: 1469µs, application-code: 193ms)
 POST /api/sponsor/benefits 201 in 201ms (next.js: 6ms, application-code: 195ms)
 GET /api/sponsor/benefits 200 in 194ms (next.js: 1501µs, application-code: 192ms)
 POST /api/sponsor/thresholds 200 in 202ms (next.js: 6ms, application-code: 196ms)
 POST /api/sponsor/packages 201 in 1512ms (next.js: 5ms, application-code: 1507ms)
 POST /api/sponsor/codes 201 in 388ms (next.js: 6ms, application-code: 382ms)
 GET /sponsor-portal 200 in 30ms (next.js: 3ms, application-code: 27ms)
 POST /api/sponsor/codes/validate 200 in 388ms (next.js: 6ms, application-code: 382ms)
 GET /api/sponsor/benefits 200 in 199ms (next.js: 6ms, application-code: 193ms)
 GET /api/sponsor/packages 200 in 572ms (next.js: 2ms, application-code: 569ms)
 POST /api/sponsor/deals 201 in 203ms (next.js: 7ms, application-code: 196ms)
 GET /login 200 in 28ms (next.js: 3ms, application-code: 26ms)
 POST /api/auth/login 200 in 251ms (next.js: 1740µs, application-code: 249ms)
 GET /dashboard 200 in 16ms (next.js: 3ms, application-code: 13ms)
 GET /api/events 200 in 57ms (next.js: 6ms, application-code: 51ms)
 GET /dashboard/sponsor 200 in 48ms (next.js: 3ms, application-code: 44ms)
 GET /api/sponsor/deals 200 in 387ms (next.js: 3ms, application-code: 384ms)
 GET /api/sponsor/deliverables?dealId=8729fe56-41e2-43ec-938e-134f249c730f 200 in 197ms (next.js: 2ms, application-code: 194ms)
 GET /api/sponsor/deliverables?dealId=46c46bfe-02f6-492d-afb6-e1f67ea8f91b 200 in 197ms (next.js: 6ms, application-code: 192ms)
 GET /api/sponsor/deliverables?dealId=8729fe56-41e2-43ec-938e-134f249c730f 200 in 199ms (next.js: 6ms, application-code: 194ms)
 GET /api/sponsor/deliverables?dealId=46c46bfe-02f6-492d-afb6-e1f67ea8f91b 200 in 200ms (next.js: 10ms, application-code: 191ms)
 GET /api/sponsor/benefits 200 in 1308ms (next.js: 1479µs, application-code: 1307ms)
 GET /api/sponsor/packages 200 in 1681ms (next.js: 7ms, application-code: 1674ms)
 GET /api/sponsor/packages 200 in 566ms (next.js: 6ms, application-code: 560ms)
 GET /api/sponsor/thresholds 200 in 2.7s (next.js: 2ms, application-code: 2.7s)
 GET /api/sponsor/thresholds 200 in 197ms (next.js: 5ms, application-code: 192ms)
 PATCH /api/sponsor/deals/a7cb4fcd-177d-4567-8d55-b053c3067a7f 200 in 203ms (next.js: 7ms, application-code: 196ms)
 POST /api/sponsor/accounts 201 in 872ms (next.js: 2ms, application-code: 870ms)
 GET /api/sponsor/deliverables?dealId=a7cb4fcd-177d-4567-8d55-b053c3067a7f 200 in 198ms (next.js: 5ms, application-code: 193ms)
 GET /api/sponsor/deliverables?dealId=a7cb4fcd-177d-4567-8d55-b053c3067a7f 200 in 194ms (next.js: 1917µs, application-code: 192ms)
 GET /sponsor-dashboard 200 in 25ms (next.js: 3ms, application-code: 22ms)
 POST /api/sponsor/accounts/verify 401 in 199ms (next.js: 6ms, application-code: 193ms)
 GET /login 200 in 26ms (next.js: 3ms, application-code: 23ms)
 POST /api/auth/login 200 in 1665ms (next.js: 5ms, application-code: 1659ms)
 GET /dashboard 200 in 15ms (next.js: 3ms, application-code: 12ms)
 GET /api/events 200 in 49ms (next.js: 5ms, application-code: 44ms)
 GET /dashboard/sponsor 200 in 45ms (next.js: 3ms, application-code: 43ms)
 GET /api/sponsor/thresholds 200 in 1502ms (next.js: 1839µs, application-code: 1500ms)
 GET /api/sponsor/benefits 200 in 1508ms (next.js: 1311µs, application-code: 1507ms)
 GET /api/sponsor/deals 200 in 1732ms (next.js: 2ms, application-code: 1730ms)
 GET /api/sponsor/thresholds 200 in 224ms (next.js: 6ms, application-code: 218ms)
 GET /api/sponsor/packages 200 in 1934ms (next.js: 7ms, application-code: 1927ms)
 GET /api/sponsor/deliverables?dealId=a7cb4fcd-177d-4567-8d55-b053c3067a7f 200 in 221ms (next.js: 1973µs, application-code: 219ms)
 GET /api/sponsor/deliverables?dealId=8729fe56-41e2-43ec-938e-134f249c730f 200 in 224ms (next.js: 6ms, application-code: 218ms)
 GET /api/sponsor/deliverables?dealId=46c46bfe-02f6-492d-afb6-e1f67ea8f91b 200 in 222ms (next.js: 1856µs, application-code: 220ms)
 GET /api/sponsor/deliverables?dealId=a7cb4fcd-177d-4567-8d55-b053c3067a7f 200 in 218ms (next.js: 1903µs, application-code: 217ms)
 GET /api/sponsor/deliverables?dealId=8729fe56-41e2-43ec-938e-134f249c730f 200 in 220ms (next.js: 1720µs, application-code: 218ms)
 GET /api/sponsor/deliverables?dealId=46c46bfe-02f6-492d-afb6-e1f67ea8f91b 200 in 219ms (next.js: 1530µs, application-code: 218ms)
 GET /api/sponsor/packages 200 in 640ms (next.js: 1651µs, application-code: 639ms)
 POST /api/sponsor/benefits 201 in 224ms (next.js: 5ms, application-code: 218ms)
 GET /api/sponsor/benefits 200 in 218ms (next.js: 1537µs, application-code: 216ms)
 POST /api/sponsor/benefits 201 in 224ms (next.js: 6ms, application-code: 218ms)
 GET /api/sponsor/benefits 200 in 220ms (next.js: 1561µs, application-code: 218ms)
 POST /api/sponsor/benefits 201 in 224ms (next.js: 6ms, application-code: 218ms)
 GET /api/sponsor/benefits 200 in 218ms (next.js: 1451µs, application-code: 217ms)
 POST /api/sponsor/thresholds 200 in 226ms (next.js: 5ms, application-code: 220ms)
 POST /api/sponsor/packages 201 in 1719ms (next.js: 6ms, application-code: 1713ms)
 POST /api/sponsor/codes 201 in 438ms (next.js: 6ms, application-code: 433ms)
 GET /sponsor-portal 200 in 31ms (next.js: 3ms, application-code: 28ms)
 POST /api/sponsor/codes/validate 200 in 439ms (next.js: 6ms, application-code: 433ms)
 GET /api/sponsor/benefits 200 in 225ms (next.js: 6ms, application-code: 219ms)
 GET /api/sponsor/packages 200 in 648ms (next.js: 1945µs, application-code: 646ms)
 POST /api/sponsor/deals 201 in 226ms (next.js: 5ms, application-code: 220ms)
 GET /login 200 in 24ms (next.js: 3ms, application-code: 21ms)
 POST /api/auth/login 200 in 277ms (next.js: 1899µs, application-code: 275ms)
 GET /dashboard 200 in 15ms (next.js: 3ms, application-code: 12ms)
 GET /api/events 200 in 50ms (next.js: 5ms, application-code: 45ms)
 GET /dashboard/sponsor 200 in 38ms (next.js: 3ms, application-code: 35ms)
 GET /api/sponsor/deals 200 in 441ms (next.js: 2ms, application-code: 439ms)
 GET /api/sponsor/deliverables?dealId=a7cb4fcd-177d-4567-8d55-b053c3067a7f 200 in 225ms (next.js: 6ms, application-code: 218ms)
 GET /api/sponsor/deliverables?dealId=8729fe56-41e2-43ec-938e-134f249c730f 200 in 232ms (next.js: 10ms, application-code: 222ms)
 GET /api/sponsor/deliverables?dealId=a7cb4fcd-177d-4567-8d55-b053c3067a7f 200 in 220ms (next.js: 1651µs, application-code: 218ms)
 GET /api/sponsor/deliverables?dealId=8729fe56-41e2-43ec-938e-134f249c730f 200 in 221ms (next.js: 2ms, application-code: 219ms)
 GET /api/sponsor/thresholds 200 in 1503ms (next.js: 2ms, application-code: 1501ms)
 GET /api/sponsor/benefits 200 in 1510ms (next.js: 1421µs, application-code: 1509ms)
 GET /api/sponsor/thresholds 200 in 224ms (next.js: 6ms, application-code: 218ms)
 GET /api/sponsor/packages 200 in 1918ms (next.js: 2ms, application-code: 1916ms)
 GET /api/sponsor/deliverables?dealId=46c46bfe-02f6-492d-afb6-e1f67ea8f91b 200 in 1496ms (next.js: 1817µs, application-code: 1494ms)
 GET /api/sponsor/deliverables?dealId=46c46bfe-02f6-492d-afb6-e1f67ea8f91b 200 in 218ms (next.js: 1452µs, application-code: 216ms)
 GET /api/sponsor/packages 200 in 641ms (next.js: 1596µs, application-code: 640ms)
 PATCH /api/sponsor/deals/f8ac7984-61dd-496d-a4ec-e91ec10a2314 200 in 224ms (next.js: 6ms, application-code: 219ms)
 POST /api/sponsor/accounts 500 in 499ms (next.js: 1676µs, application-code: 498ms)
 GET /api/sponsor/deliverables?dealId=f8ac7984-61dd-496d-a4ec-e91ec10a2314 200 in 224ms (next.js: 7ms, application-code: 217ms)
 GET /api/sponsor/deliverables?dealId=f8ac7984-61dd-496d-a4ec-e91ec10a2314 200 in 220ms (next.js: 1640µs, application-code: 219ms)
 GET /sponsor-dashboard 200 in 26ms (next.js: 3ms, application-code: 23ms)
 POST /api/sponsor/accounts/verify 401 in 281ms (next.js: 6ms, application-code: 276ms)
 GET /login 200 in 28ms (next.js: 3ms, application-code: 26ms)
 POST /api/auth/login 200 in 1576ms (next.js: 6ms, application-code: 1570ms)
 GET /dashboard 200 in 17ms (next.js: 4ms, application-code: 14ms)
 GET /api/events 200 in 65ms (next.js: 8ms, application-code: 58ms)
 GET /dashboard/sponsor 200 in 62ms (next.js: 5ms, application-code: 57ms)
 GET /api/sponsor/benefits 200 in 1520ms (next.js: 1947µs, application-code: 1518ms)
 GET /api/sponsor/thresholds 200 in 1529ms (next.js: 2ms, application-code: 1527ms)
 GET /api/sponsor/deals 200 in 1747ms (next.js: 3ms, application-code: 1744ms)
 GET /api/sponsor/thresholds 200 in 233ms (next.js: 6ms, application-code: 227ms)
 GET /api/sponsor/packages 200 in 1930ms (next.js: 7ms, application-code: 1922ms)
 GET /api/sponsor/deliverables?dealId=f8ac7984-61dd-496d-a4ec-e91ec10a2314 200 in 222ms (next.js: 3ms, application-code: 219ms)
 GET /api/sponsor/deliverables?dealId=a7cb4fcd-177d-4567-8d55-b053c3067a7f 200 in 229ms (next.js: 8ms, application-code: 221ms)
 GET /api/sponsor/deliverables?dealId=8729fe56-41e2-43ec-938e-134f249c730f 200 in 226ms (next.js: 3ms, application-code: 222ms)
 GET /api/sponsor/deliverables?dealId=46c46bfe-02f6-492d-afb6-e1f67ea8f91b 200 in 225ms (next.js: 6ms, application-code: 219ms)
 GET /api/sponsor/deliverables?dealId=f8ac7984-61dd-496d-a4ec-e91ec10a2314 200 in 220ms (next.js: 1750µs, application-code: 218ms)
 GET /api/sponsor/deliverables?dealId=a7cb4fcd-177d-4567-8d55-b053c3067a7f 200 in 219ms (next.js: 1480µs, application-code: 217ms)
 GET /api/sponsor/deliverables?dealId=8729fe56-41e2-43ec-938e-134f249c730f 200 in 218ms (next.js: 1751µs, application-code: 216ms)
 GET /api/sponsor/deliverables?dealId=46c46bfe-02f6-492d-afb6-e1f67ea8f91b 200 in 222ms (next.js: 5ms, application-code: 217ms)
 GET /api/sponsor/packages 200 in 637ms (next.js: 1768µs, application-code: 635ms)
 POST /api/sponsor/benefits 201 in 233ms (next.js: 8ms, application-code: 226ms)
 GET /api/sponsor/benefits 200 in 217ms (next.js: 1675µs, application-code: 215ms)
 POST /api/sponsor/benefits 201 in 222ms (next.js: 6ms, application-code: 217ms)
 GET /api/sponsor/benefits 200 in 217ms (next.js: 1576µs, application-code: 216ms)
 POST /api/sponsor/benefits 201 in 222ms (next.js: 5ms, application-code: 217ms)
 GET /api/sponsor/benefits 200 in 217ms (next.js: 1711µs, application-code: 215ms)
 POST /api/sponsor/thresholds 200 in 237ms (next.js: 6ms, application-code: 230ms)
 POST /api/sponsor/packages 201 in 1729ms (next.js: 6ms, application-code: 1723ms)
 POST /api/sponsor/codes 201 in 444ms (next.js: 5ms, application-code: 439ms)
 GET /sponsor-portal 200 in 38ms (next.js: 3ms, application-code: 35ms)
 POST /api/sponsor/codes/validate 200 in 442ms (next.js: 6ms, application-code: 435ms)
 GET /api/sponsor/benefits 200 in 224ms (next.js: 6ms, application-code: 218ms)
 GET /api/sponsor/packages 200 in 646ms (next.js: 1883µs, application-code: 644ms)
 POST /api/sponsor/deals 201 in 226ms (next.js: 5ms, application-code: 221ms)
 GET /login 200 in 24ms (next.js: 3ms, application-code: 21ms)
 POST /api/auth/login 200 in 289ms (next.js: 2ms, application-code: 287ms)
 GET /dashboard 200 in 21ms (next.js: 4ms, application-code: 18ms)
 GET /api/events 200 in 56ms (next.js: 9ms, application-code: 48ms)
 GET /dashboard/sponsor 200 in 43ms (next.js: 3ms, application-code: 39ms)
 GET /api/sponsor/deals 200 in 439ms (next.js: 2ms, application-code: 437ms)
 GET /api/sponsor/deliverables?dealId=f8ac7984-61dd-496d-a4ec-e91ec10a2314 200 in 224ms (next.js: 6ms, application-code: 218ms)
 GET /api/sponsor/deliverables?dealId=a7cb4fcd-177d-4567-8d55-b053c3067a7f 200 in 232ms (next.js: 11ms, application-code: 220ms)
 GET /api/sponsor/deliverables?dealId=46c46bfe-02f6-492d-afb6-e1f67ea8f91b 200 in 219ms (next.js: 1662µs, application-code: 218ms)
 GET /api/sponsor/deliverables?dealId=f8ac7984-61dd-496d-a4ec-e91ec10a2314 200 in 220ms (next.js: 1489µs, application-code: 219ms)
 GET /api/sponsor/deliverables?dealId=a7cb4fcd-177d-4567-8d55-b053c3067a7f 200 in 218ms (next.js: 1759µs, application-code: 216ms)
 GET /api/sponsor/deliverables?dealId=46c46bfe-02f6-492d-afb6-e1f67ea8f91b 200 in 220ms (next.js: 1753µs, application-code: 218ms)
 GET /api/sponsor/benefits 200 in 1496ms (next.js: 1751µs, application-code: 1495ms)
 GET /api/sponsor/thresholds 200 in 1513ms (next.js: 3ms, application-code: 1510ms)
 GET /api/sponsor/thresholds 200 in 224ms (next.js: 6ms, application-code: 218ms)
 GET /api/sponsor/packages 200 in 1960ms (next.js: 1953µs, application-code: 1958ms)
 GET /api/sponsor/deliverables?dealId=8729fe56-41e2-43ec-938e-134f249c730f 200 in 1513ms (next.js: 1725µs, application-code: 1511ms)
 GET /api/sponsor/deliverables?dealId=8729fe56-41e2-43ec-938e-134f249c730f 200 in 221ms (next.js: 1696µs, application-code: 219ms)
 GET /api/sponsor/packages 200 in 564ms (next.js: 1689µs, application-code: 562ms)
 PATCH /api/sponsor/deals/7de4ad9b-dbb8-4704-b7c1-a83e937009b8 200 in 200ms (next.js: 6ms, application-code: 194ms)
 POST /api/sponsor/accounts 500 in 443ms (next.js: 1494µs, application-code: 441ms)
 GET /api/sponsor/deliverables?dealId=7de4ad9b-dbb8-4704-b7c1-a83e937009b8 200 in 225ms (next.js: 5ms, application-code: 220ms)
 GET /api/sponsor/deliverables?dealId=7de4ad9b-dbb8-4704-b7c1-a83e937009b8 200 in 220ms (next.js: 1639µs, application-code: 219ms)
 GET /sponsor-dashboard 200 in 24ms (next.js: 3ms, application-code: 21ms)
 POST /api/sponsor/accounts/verify 401 in 283ms (next.js: 5ms, application-code: 277ms)
 GET /login 200 in 149ms (next.js: 52ms, application-code: 97ms)
 POST /api/auth/login 200 in 304ms (next.js: 28ms, application-code: 275ms)
 GET /dashboard 200 in 25ms (next.js: 11ms, application-code: 14ms)
 GET /api/events 200 in 200ms (next.js: 1993µs, application-code: 198ms)
 GET /api/events 200 in 14ms (next.js: 6ms, application-code: 8ms)
 GET /dashboard/sponsor 200 in 213ms (next.js: 81ms, application-code: 131ms)
 GET /api/sponsor/benefits 200 in 1300ms (next.js: 1679µs, application-code: 1299ms)
 GET /api/sponsor/thresholds 200 in 1308ms (next.js: 3ms, application-code: 1306ms)
 GET /api/sponsor/deals 200 in 1514ms (next.js: 3ms, application-code: 1511ms)
 GET /api/sponsor/thresholds 200 in 198ms (next.js: 5ms, application-code: 193ms)
 GET /api/sponsor/packages 200 in 1677ms (next.js: 2ms, application-code: 1675ms)
 GET /api/sponsor/deliverables?dealId=7de4ad9b-dbb8-4704-b7c1-a83e937009b8 200 in 197ms (next.js: 4ms, application-code: 193ms)
 GET /api/sponsor/deliverables?dealId=f8ac7984-61dd-496d-a4ec-e91ec10a2314 200 in 197ms (next.js: 3ms, application-code: 194ms)
 GET /api/sponsor/deliverables?dealId=a7cb4fcd-177d-4567-8d55-b053c3067a7f 200 in 197ms (next.js: 7ms, application-code: 190ms)
 GET /api/sponsor/deliverables?dealId=8729fe56-41e2-43ec-938e-134f249c730f 200 in 204ms (next.js: 7ms, application-code: 197ms)
 GET /api/sponsor/deliverables?dealId=7de4ad9b-dbb8-4704-b7c1-a83e937009b8 200 in 193ms (next.js: 1651µs, application-code: 191ms)
 GET /api/sponsor/deliverables?dealId=f8ac7984-61dd-496d-a4ec-e91ec10a2314 200 in 191ms (next.js: 1962µs, application-code: 189ms)
 GET /api/sponsor/deliverables?dealId=a7cb4fcd-177d-4567-8d55-b053c3067a7f 200 in 193ms (next.js: 6ms, application-code: 187ms)
 GET /api/sponsor/deliverables?dealId=8729fe56-41e2-43ec-938e-134f249c730f 200 in 191ms (next.js: 1617µs, application-code: 190ms)
 GET /api/sponsor/packages 200 in 575ms (next.js: 1877µs, application-code: 573ms)
 GET /api/sponsor/deliverables?dealId=46c46bfe-02f6-492d-afb6-e1f67ea8f91b 200 in 1307ms (next.js: 6ms, application-code: 1301ms)
 GET /api/sponsor/deliverables?dealId=46c46bfe-02f6-492d-afb6-e1f67ea8f91b 200 in 202ms (next.js: 8ms, application-code: 194ms)
 POST /api/sponsor/benefits 201 in 201ms (next.js: 5ms, application-code: 196ms)
 GET /api/sponsor/benefits 200 in 191ms (next.js: 1480µs, application-code: 189ms)
 POST /api/sponsor/benefits 201 in 197ms (next.js: 6ms, application-code: 191ms)
 GET /api/sponsor/benefits 200 in 190ms (next.js: 1552µs, application-code: 189ms)
 POST /api/sponsor/benefits 201 in 209ms (next.js: 5ms, application-code: 203ms)
 GET /api/sponsor/benefits 200 in 190ms (next.js: 1532µs, application-code: 189ms)
 POST /api/sponsor/thresholds 200 in 204ms (next.js: 5ms, application-code: 199ms)
 POST /api/sponsor/packages 201 in 1520ms (next.js: 5ms, application-code: 1515ms)
 POST /api/sponsor/codes 201 in 383ms (next.js: 5ms, application-code: 378ms)
 GET /sponsor-portal 200 in 49ms (next.js: 11ms, application-code: 38ms)
 POST /api/sponsor/codes/validate 200 in 389ms (next.js: 6ms, application-code: 383ms)
 GET /api/sponsor/benefits 200 in 199ms (next.js: 6ms, application-code: 193ms)
 GET /api/sponsor/packages 200 in 565ms (next.js: 2ms, application-code: 563ms)
 POST /api/sponsor/deals 201 in 203ms (next.js: 6ms, application-code: 197ms)
 GET /login 200 in 25ms (next.js: 2ms, application-code: 23ms)
 POST /api/auth/login 200 in 249ms (next.js: 1843µs, application-code: 248ms)
 GET /dashboard 200 in 16ms (next.js: 3ms, application-code: 13ms)
 GET /api/events 200 in 47ms (next.js: 5ms, application-code: 42ms)
 GET /dashboard/sponsor 200 in 38ms (next.js: 3ms, application-code: 35ms)
 GET /api/sponsor/deals 200 in 388ms (next.js: 2ms, application-code: 386ms)
 GET /api/sponsor/deliverables?dealId=7de4ad9b-dbb8-4704-b7c1-a83e937009b8 200 in 195ms (next.js: 4ms, application-code: 191ms)
 GET /api/sponsor/deliverables?dealId=f8ac7984-61dd-496d-a4ec-e91ec10a2314 200 in 206ms (next.js: 8ms, application-code: 198ms)
 GET /api/sponsor/deliverables?dealId=8729fe56-41e2-43ec-938e-134f249c730f 200 in 195ms (next.js: 5ms, application-code: 190ms)
 GET /api/sponsor/deliverables?dealId=46c46bfe-02f6-492d-afb6-e1f67ea8f91b 200 in 191ms (next.js: 1562µs, application-code: 190ms)
 GET /api/sponsor/deliverables?dealId=7de4ad9b-dbb8-4704-b7c1-a83e937009b8 200 in 190ms (next.js: 1497µs, application-code: 189ms)
 GET /api/sponsor/deliverables?dealId=f8ac7984-61dd-496d-a4ec-e91ec10a2314 200 in 191ms (next.js: 1703µs, application-code: 190ms)
 GET /api/sponsor/deliverables?dealId=8729fe56-41e2-43ec-938e-134f249c730f 200 in 191ms (next.js: 1815µs, application-code: 189ms)
 GET /api/sponsor/deliverables?dealId=46c46bfe-02f6-492d-afb6-e1f67ea8f91b 200 in 191ms (next.js: 1297µs, application-code: 190ms)
 GET /api/sponsor/thresholds 200 in 1310ms (next.js: 2ms, application-code: 1308ms)
 GET /api/sponsor/benefits 200 in 1324ms (next.js: 1339µs, application-code: 1323ms)
 GET /api/sponsor/thresholds 200 in 196ms (next.js: 5ms, application-code: 191ms)
 GET /api/sponsor/deliverables?dealId=a7cb4fcd-177d-4567-8d55-b053c3067a7f 200 in 1314ms (next.js: 2ms, application-code: 1311ms)
 GET /api/sponsor/deliverables?dealId=a7cb4fcd-177d-4567-8d55-b053c3067a7f 200 in 191ms (next.js: 1644µs, application-code: 190ms)
 GET /api/sponsor/packages 200 in 2.2s (next.js: 2ms, application-code: 2.2s)
 GET /api/sponsor/packages 200 in 645ms (next.js: 6ms, application-code: 639ms)
 PATCH /api/sponsor/deals/fff5f5f9-a4a1-4247-b4be-a968f2bca77b 200 in 228ms (next.js: 6ms, application-code: 223ms)
 POST /api/sponsor/accounts 201 in 701ms (next.js: 1479µs, application-code: 699ms)
 GET /api/sponsor/deliverables?dealId=fff5f5f9-a4a1-4247-b4be-a968f2bca77b 200 in 223ms (next.js: 6ms, application-code: 217ms)
 GET /api/sponsor/deliverables?dealId=fff5f5f9-a4a1-4247-b4be-a968f2bca77b 200 in 218ms (next.js: 1778µs, application-code: 216ms)
 GET /sponsor-dashboard 200 in 38ms (next.js: 11ms, application-code: 27ms)
 POST /api/sponsor/accounts/verify 200 in 287ms (next.js: 7ms, application-code: 279ms)
 GET /api/sponsor/deliverables?dealId=fff5f5f9-a4a1-4247-b4be-a968f2bca77b 200 in 220ms (next.js: 2ms, application-code: 218ms)
 GET /api/sponsor/deliverables?dealId=fff5f5f9-a4a1-4247-b4be-a968f2bca77b 200 in 219ms (next.js: 2ms, application-code: 217ms)
 GET / 307 in 65ms (next.js: 25ms, application-code: 40ms)
 GET /login 200 in 28ms (next.js: 3ms, application-code: 25ms)
 POST /api/auth/login 200 in 1519ms (next.js: 7ms, application-code: 1512ms)
 GET /dashboard 200 in 16ms (next.js: 3ms, application-code: 13ms)
 GET /api/events 200 in 200ms (next.js: 6ms, application-code: 194ms)
 GET /api/events 200 in 194ms (next.js: 1462µs, application-code: 192ms)
 GET /api/events 200 in 194ms (next.js: 1616µs, application-code: 193ms)
 GET /api/events 200 in 201ms (next.js: 6ms, application-code: 194ms)
 GET /api/events 200 in 195ms (next.js: 1632µs, application-code: 193ms)
 GET /api/events 200 in 194ms (next.js: 1619µs, application-code: 193ms)
 GET /api/budgets/c6906ca4-f764-4807-ba64-e70f2cb026dc 200 in 1723ms (next.js: 1641µs, application-code: 1721ms)
 GET /api/budgets/c6906ca4-f764-4807-ba64-e70f2cb026dc 200 in 579ms (next.js: 6ms, application-code: 574ms)
 GET /api/budgets/c6906ca4-f764-4807-ba64-e70f2cb026dc 200 in 578ms (next.js: 5ms, application-code: 573ms)
 GET /dashboard/sponsor 200 in 16ms (next.js: 3ms, application-code: 13ms)
 GET /api/sponsor/deals 200 in 402ms (next.js: 7ms, application-code: 395ms)
 GET /api/sponsor/packages 200 in 587ms (next.js: 12ms, application-code: 575ms)
 GET /api/sponsor/deliverables?dealId=f8ac7984-61dd-496d-a4ec-e91ec10a2314 200 in 198ms (next.js: 5ms, application-code: 193ms)
 GET /api/sponsor/deals 200 in 384ms (next.js: 1893µs, application-code: 382ms)
 GET /api/sponsor/deliverables?dealId=8729fe56-41e2-43ec-938e-134f249c730f 200 in 199ms (next.js: 6ms, application-code: 192ms)
 GET /api/sponsor/deliverables?dealId=46c46bfe-02f6-492d-afb6-e1f67ea8f91b 200 in 194ms (next.js: 1635µs, application-code: 192ms)
 GET /api/sponsor/thresholds 200 in 1325ms (next.js: 16ms, application-code: 1308ms)
 GET /api/sponsor/benefits 200 in 1314ms (next.js: 2ms, application-code: 1311ms)
 GET /api/sponsor/deliverables?dealId=a7cb4fcd-177d-4567-8d55-b053c3067a7f 200 in 594ms (next.js: 1635µs, application-code: 593ms)
 GET /api/sponsor/deliverables?dealId=f8ac7984-61dd-496d-a4ec-e91ec10a2314 200 in 192ms (next.js: 1529µs, application-code: 190ms)
 GET /api/sponsor/deliverables?dealId=8729fe56-41e2-43ec-938e-134f249c730f 200 in 191ms (next.js: 1432µs, application-code: 189ms)
 GET /api/sponsor/deliverables?dealId=46c46bfe-02f6-492d-afb6-e1f67ea8f91b 200 in 196ms (next.js: 1668µs, application-code: 194ms)
 GET /api/sponsor/thresholds 200 in 191ms (next.js: 1739µs, application-code: 189ms)
 GET /api/sponsor/benefits 200 in 194ms (next.js: 1290µs, application-code: 193ms)
 GET /api/sponsor/deliverables?dealId=7de4ad9b-dbb8-4704-b7c1-a83e937009b8 200 in 1323ms (next.js: 1474µs, application-code: 1322ms)
 GET /api/sponsor/deliverables?dealId=fff5f5f9-a4a1-4247-b4be-a968f2bca77b 200 in 1330ms (next.js: 2ms, application-code: 1328ms)
 GET /api/sponsor/deliverables?dealId=a7cb4fcd-177d-4567-8d55-b053c3067a7f 200 in 196ms (next.js: 1751µs, application-code: 194ms)
 GET /api/sponsor/thresholds 200 in 193ms (next.js: 3ms, application-code: 190ms)
 GET /api/sponsor/deliverables?dealId=7de4ad9b-dbb8-4704-b7c1-a83e937009b8 200 in 194ms (next.js: 1922µs, application-code: 192ms)
 GET /api/sponsor/deliverables?dealId=fff5f5f9-a4a1-4247-b4be-a968f2bca77b 200 in 196ms (next.js: 6ms, application-code: 190ms)
 GET /api/sponsor/thresholds 200 in 195ms (next.js: 5ms, application-code: 190ms)
 GET /api/sponsor/packages 200 in 1373ms (next.js: 5ms, application-code: 1368ms)
 GET /api/sponsor/packages 200 in 974ms (next.js: 6ms, application-code: 968ms)
 GET /api/sponsor/packages 200 in 1203ms (next.js: 5ms, application-code: 1197ms)
 POST /api/sponsor/benefits 201 in 1311ms (next.js: 6ms, application-code: 1305ms)
 GET /api/sponsor/benefits 200 in 197ms (next.js: 5ms, application-code: 192ms)
 POST /api/sponsor/packages 201 in 2.6s (next.js: 6ms, application-code: 2.6s)
 POST /api/sponsor/codes 201 in 2.0s (next.js: 5ms, application-code: 1998ms)
 GET /sponsor-portal 200 in 30ms (next.js: 3ms, application-code: 27ms)
 POST /api/sponsor/codes/validate 200 in 394ms (next.js: 8ms, application-code: 386ms)
 GET /api/sponsor/packages 200 in 571ms (next.js: 2ms, application-code: 569ms)
 GET /api/sponsor/benefits 200 in 1299ms (next.js: 1585µs, application-code: 1298ms)
 POST /api/sponsor/deals 201 in 1329ms (next.js: 7ms, application-code: 1323ms)
 GET /dashboard/sponsor 200 in 44ms (next.js: 3ms, application-code: 41ms)
 GET /api/sponsor/thresholds 200 in 1326ms (next.js: 6ms, application-code: 1320ms)
 GET /api/sponsor/benefits 200 in 1317ms (next.js: 1691µs, application-code: 1316ms)
 GET /api/sponsor/deals 200 in 1505ms (next.js: 6ms, application-code: 1499ms)
 GET /api/sponsor/thresholds 200 in 205ms (next.js: 5ms, application-code: 200ms)
 GET /api/sponsor/packages 200 in 1698ms (next.js: 2ms, application-code: 1696ms)
 GET /api/sponsor/deliverables?dealId=fff5f5f9-a4a1-4247-b4be-a968f2bca77b 200 in 194ms (next.js: 3ms, application-code: 192ms)
 GET /api/sponsor/deliverables?dealId=7de4ad9b-dbb8-4704-b7c1-a83e937009b8 200 in 197ms (next.js: 6ms, application-code: 190ms)
 GET /api/sponsor/deliverables?dealId=f8ac7984-61dd-496d-a4ec-e91ec10a2314 200 in 194ms (next.js: 3ms, application-code: 192ms)
 GET /api/sponsor/deliverables?dealId=46c46bfe-02f6-492d-afb6-e1f67ea8f91b 200 in 192ms (next.js: 1688µs, application-code: 191ms)
 GET /api/sponsor/deliverables?dealId=fff5f5f9-a4a1-4247-b4be-a968f2bca77b 200 in 198ms (next.js: 2ms, application-code: 196ms)
 GET /api/sponsor/deliverables?dealId=7de4ad9b-dbb8-4704-b7c1-a83e937009b8 200 in 193ms (next.js: 1370µs, application-code: 192ms)
 GET /api/sponsor/deliverables?dealId=f8ac7984-61dd-496d-a4ec-e91ec10a2314 200 in 193ms (next.js: 1707µs, application-code: 191ms)
 GET /api/sponsor/deliverables?dealId=46c46bfe-02f6-492d-afb6-e1f67ea8f91b 200 in 198ms (next.js: 6ms, application-code: 192ms)
 GET /api/sponsor/packages 200 in 567ms (next.js: 1702µs, application-code: 565ms)
 GET /api/sponsor/deliverables?dealId=a7cb4fcd-177d-4567-8d55-b053c3067a7f 200 in 1319ms (next.js: 1431µs, application-code: 1318ms)
 GET /api/sponsor/deliverables?dealId=8729fe56-41e2-43ec-938e-134f249c730f 200 in 1325ms (next.js: 1643µs, application-code: 1324ms)
 GET /api/sponsor/deliverables?dealId=a7cb4fcd-177d-4567-8d55-b053c3067a7f 200 in 198ms (next.js: 5ms, application-code: 193ms)
 GET /api/sponsor/deliverables?dealId=8729fe56-41e2-43ec-938e-134f249c730f 200 in 191ms (next.js: 1409µs, application-code: 190ms)
 PATCH /api/sponsor/deals/3b7bf05e-9474-4089-8644-0301fad455c9 200 in 198ms (next.js: 5ms, application-code: 193ms)
 POST /api/sponsor/accounts 201 in 623ms (next.js: 1612µs, application-code: 622ms)
 GET /api/sponsor/deliverables?dealId=3b7bf05e-9474-4089-8644-0301fad455c9 200 in 197ms (next.js: 7ms, application-code: 191ms)
 GET /api/sponsor/deliverables?dealId=3b7bf05e-9474-4089-8644-0301fad455c9 200 in 196ms (next.js: 3ms, application-code: 193ms)
✓ Compiled in 324ms
 GET /sponsor-portal 200 in 133ms (next.js: 61ms, application-code: 72ms)
 GET /dashboard/sponsor 200 in 44ms (next.js: 14ms, application-code: 29ms)
✓ Compiled in 170ms
 GET /sponsor-portal 200 in 216ms (next.js: 57ms, application-code: 158ms)
 GET /dashboard/sponsor 200 in 120ms (next.js: 81ms, application-code: 39ms)
 GET /sponsor-portal 200 in 65ms (next.js: 3ms, application-code: 62ms)
✓ Compiled in 11s
 GET /dashboard/sponsor 200 in 3.7s (next.js: 3.6s, application-code: 148ms)
 GET /sponsor-portal 200 in 441ms (next.js: 49ms, application-code: 392ms)
 GET /dashboard/sponsor 200 in 161ms (next.js: 6ms, application-code: 155ms)
 GET /sponsor-portal 200 in 160ms (next.js: 50ms, application-code: 109ms)
 GET /dashboard/sponsor 200 in 75ms (next.js: 4ms, application-code: 71ms)
 GET /sponsor-portal 200 in 52ms (next.js: 3ms, application-code: 48ms)
 GET /dashboard/sponsor 200 in 28ms (next.js: 5ms, application-code: 23ms)
 GET /sponsor-portal 200 in 51ms (next.js: 4ms, application-code: 48ms)
 GET /sponsor-dashboard 200 in 43ms (next.js: 13ms, application-code: 30ms)
 POST /api/sponsor/accounts/verify 200 in 4.5s (next.js: 40ms, application-code: 4.4s)
 GET /api/sponsor/deliverables?dealId=3b7bf05e-9474-4089-8644-0301fad455c9 200 in 198ms (next.js: 7ms, application-code: 191ms)
 GET /api/sponsor/deliverables?dealId=3b7bf05e-9474-4089-8644-0301fad455c9 200 in 191ms (next.js: 1825µs, application-code: 189ms)
✓ Compiled in 43ms
 GET /sponsor-dashboard 200 in 197ms (next.js: 50ms, application-code: 147ms)
 GET /dashboard/sponsor 200 in 197ms (next.js: 87ms, application-code: 110ms)
 GET /sponsor-portal 200 in 91ms (next.js: 64ms, application-code: 27ms)
✓ Compiled in 1481ms
 GET /sponsor-dashboard 200 in 148ms (next.js: 59ms, application-code: 89ms)
 GET /dashboard/sponsor 200 in 149ms (next.js: 97ms, application-code: 52ms)
 GET /sponsor-portal 200 in 35ms (next.js: 12ms, application-code: 23ms)
✓ Compiled in 68ms
⚠ Fast Refresh had to perform a full reload due to a runtime error.
 GET /dashboard/sponsor 200 in 85ms (next.js: 15ms, application-code: 70ms)
 GET /sponsor-portal 200 in 53ms (next.js: 20ms, application-code: 34ms)
 GET /sponsor-dashboard 200 in 235ms (next.js: 79ms, application-code: 156ms)
✓ Compiled in 847ms
 GET /sponsor-dashboard 200 in 178ms (next.js: 75ms, application-code: 103ms)
 GET /dashboard/sponsor 200 in 178ms (next.js: 113ms, application-code: 65ms)
 GET /sponsor-portal 200 in 46ms (next.js: 15ms, application-code: 31ms)
 GET /sponsor-dashboard 200 in 62ms (next.js: 6ms, application-code: 56ms)
 GET /sponsor-dashboard 200 in 169ms (next.js: 146ms, application-code: 22ms)
 POST /api/sponsor/accounts/verify 200 in 1478ms (next.js: 38ms, application-code: 1440ms)
 GET /api/sponsor/deliverables?dealId=3b7bf05e-9474-4089-8644-0301fad455c9 200 in 18ms (next.js: 10ms, application-code: 8ms)
 GET /sponsor-dashboard 200 in 33ms (next.js: 3ms, application-code: 30ms)
 POST /api/sponsor/accounts/verify 200 in 4.4s (next.js: 9ms, application-code: 4.4s)
 GET /api/sponsor/deliverables?dealId=3b7bf05e-9474-4089-8644-0301fad455c9 200 in 227ms (next.js: 9ms, application-code: 219ms)
 GET /api/sponsor/deliverables?dealId=3b7bf05e-9474-4089-8644-0301fad455c9 200 in 221ms (next.js: 2ms, application-code: 219ms)
 GET /api/sponsor/deliverables?dealId=3b7bf05e-9474-4089-8644-0301fad455c9 200 in 220ms (next.js: 2ms, application-code: 217ms)
 GET /api/sponsor/thresholds 200 in 2.2s (next.js: 1536µs, application-code: 2.2s)
 GET /sponsor-dashboard 200 in 29ms (next.js: 4ms, application-code: 25ms)
✓ Compiled in 95ms
 GET /sponsor-dashboard 200 in 296ms (next.js: 71ms, application-code: 226ms)
 GET /sponsor-portal 200 in 296ms (next.js: 204ms, application-code: 91ms)
 GET /dashboard/sponsor 200 in 297ms (next.js: 160ms, application-code: 137ms)
 GET /api/sponsor/deliverables?dealId=a7cb4fcd-177d-4567-8d55-b053c3067a7f 200 in 2.3s (next.js: 8ms, application-code: 2.3s)
 GET /api/sponsor/deliverables?dealId=3b7bf05e-9474-4089-8644-0301fad455c9 200 in 2.4s (next.js: 34ms, application-code: 2.4s)
 GET /api/sponsor/deliverables?dealId=7de4ad9b-dbb8-4704-b7c1-a83e937009b8 200 in 2.3s (next.js: 8ms, application-code: 2.3s)
 GET /api/sponsor/deliverables?dealId=fff5f5f9-a4a1-4247-b4be-a968f2bca77b 200 in 2.4s (next.js: 52ms, application-code: 2.3s)
 GET /api/sponsor/deliverables?dealId=f8ac7984-61dd-496d-a4ec-e91ec10a2314 200 in 2.3s (next.js: 2ms, application-code: 2.3s)
 GET /api/sponsor/deliverables?dealId=8729fe56-41e2-43ec-938e-134f249c730f 200 in 2.4s (next.js: 13ms, application-code: 2.4s)
 GET /api/sponsor/deliverables?dealId=46c46bfe-02f6-492d-afb6-e1f67ea8f91b 200 in 200ms (next.js: 5ms, application-code: 194ms)
 GET /login 200 in 110ms (next.js: 14ms, application-code: 96ms)
 POST /api/auth/login 200 in 4.3s (next.js: 6ms, application-code: 4.3s)
 GET /dashboard 200 in 29ms (next.js: 14ms, application-code: 15ms)
 GET /api/events 200 in 96ms (next.js: 6ms, application-code: 90ms)
 GET /dashboard/sponsor 200 in 86ms (next.js: 3ms, application-code: 82ms)
 GET /api/sponsor/deals 200 in 389ms (next.js: 3ms, application-code: 386ms)
 GET /api/sponsor/deliverables?dealId=3b7bf05e-9474-4089-8644-0301fad455c9 200 in 201ms (next.js: 9ms, application-code: 193ms)
 GET /api/sponsor/deliverables?dealId=f8ac7984-61dd-496d-a4ec-e91ec10a2314 200 in 195ms (next.js: 2ms, application-code: 193ms)
 GET /api/sponsor/deliverables?dealId=a7cb4fcd-177d-4567-8d55-b053c3067a7f 200 in 194ms (next.js: 1936µs, application-code: 192ms)
 GET /api/sponsor/deliverables?dealId=8729fe56-41e2-43ec-938e-134f249c730f 200 in 198ms (next.js: 6ms, application-code: 192ms)
 GET /api/sponsor/benefits 200 in 1317ms (next.js: 1531µs, application-code: 1315ms)
 GET /api/sponsor/thresholds 200 in 1331ms (next.js: 2ms, application-code: 1328ms)
 GET /api/sponsor/deliverables?dealId=46c46bfe-02f6-492d-afb6-e1f67ea8f91b 200 in 195ms (next.js: 1713µs, application-code: 193ms)
 GET /api/sponsor/deliverables?dealId=3b7bf05e-9474-4089-8644-0301fad455c9 200 in 190ms (next.js: 1888µs, application-code: 188ms)
 GET /api/sponsor/deliverables?dealId=f8ac7984-61dd-496d-a4ec-e91ec10a2314 200 in 199ms (next.js: 1469µs, application-code: 198ms)
 GET /api/sponsor/deliverables?dealId=a7cb4fcd-177d-4567-8d55-b053c3067a7f 200 in 194ms (next.js: 1944µs, application-code: 192ms)
 GET /api/sponsor/packages 200 in 1704ms (next.js: 7ms, application-code: 1697ms)
 GET /api/sponsor/deliverables?dealId=fff5f5f9-a4a1-4247-b4be-a968f2bca77b 200 in 1309ms (next.js: 13ms, application-code: 1296ms)
 GET /api/sponsor/deliverables?dealId=8729fe56-41e2-43ec-938e-134f249c730f 200 in 191ms (next.js: 3ms, application-code: 188ms)
 GET /api/sponsor/deliverables?dealId=7de4ad9b-dbb8-4704-b7c1-a83e937009b8 200 in 1306ms (next.js: 2ms, application-code: 1304ms)
 GET /api/sponsor/thresholds 200 in 190ms (next.js: 2ms, application-code: 188ms)
 GET /api/sponsor/deliverables?dealId=46c46bfe-02f6-492d-afb6-e1f67ea8f91b 200 in 198ms (next.js: 5ms, application-code: 192ms)
 GET /api/sponsor/deliverables?dealId=fff5f5f9-a4a1-4247-b4be-a968f2bca77b 200 in 190ms (next.js: 1399µs, application-code: 189ms)
 GET /api/sponsor/deliverables?dealId=7de4ad9b-dbb8-4704-b7c1-a83e937009b8 200 in 191ms (next.js: 3ms, application-code: 188ms)
 GET /api/sponsor/packages 200 in 560ms (next.js: 1765µs, application-code: 558ms)
 GET /login 200 in 20ms (next.js: 4ms, application-code: 16ms)
 POST /api/auth/login 200 in 1528ms (next.js: 6ms, application-code: 1522ms)
 GET /dashboard 200 in 18ms (next.js: 3ms, application-code: 14ms)
 GET /api/events 200 in 205ms (next.js: 7ms, application-code: 198ms)
 GET /api/events 200 in 194ms (next.js: 1764µs, application-code: 192ms)
 GET /api/events 200 in 194ms (next.js: 1648µs, application-code: 192ms)
 GET /api/events 200 in 198ms (next.js: 6ms, application-code: 192ms)
 GET /api/events 200 in 192ms (next.js: 1556µs, application-code: 191ms)
 GET /api/events 200 in 193ms (next.js: 1951µs, application-code: 191ms)
 GET /api/budgets/c6906ca4-f764-4807-ba64-e70f2cb026dc 200 in 1757ms (next.js: 1890µs, application-code: 1755ms)
 GET /api/budgets/c6906ca4-f764-4807-ba64-e70f2cb026dc 200 in 590ms (next.js: 5ms, application-code: 585ms)
 GET /api/budgets/c6906ca4-f764-4807-ba64-e70f2cb026dc 200 in 591ms (next.js: 5ms, application-code: 585ms)
 GET /dashboard/sponsor 200 in 16ms (next.js: 3ms, application-code: 13ms)
 GET /api/sponsor/deals 200 in 402ms (next.js: 8ms, application-code: 394ms)
 GET /api/sponsor/packages 200 in 578ms (next.js: 13ms, application-code: 565ms)
 GET /api/sponsor/deliverables?dealId=fff5f5f9-a4a1-4247-b4be-a968f2bca77b 200 in 197ms (next.js: 5ms, application-code: 192ms)
 GET /api/sponsor/deals 200 in 392ms (next.js: 1781µs, application-code: 390ms)
 GET /api/sponsor/deliverables?dealId=7de4ad9b-dbb8-4704-b7c1-a83e937009b8 200 in 192ms (next.js: 1511µs, application-code: 191ms)
 GET /api/sponsor/deliverables?dealId=f8ac7984-61dd-496d-a4ec-e91ec10a2314 200 in 199ms (next.js: 1489µs, application-code: 198ms)
 GET /api/sponsor/deliverables?dealId=a7cb4fcd-177d-4567-8d55-b053c3067a7f 200 in 192ms (next.js: 1771µs, application-code: 191ms)
 GET /api/sponsor/deliverables?dealId=8729fe56-41e2-43ec-938e-134f249c730f 200 in 204ms (next.js: 1730µs, application-code: 202ms)
 GET /api/sponsor/thresholds 200 in 1342ms (next.js: 18ms, application-code: 1324ms)
 GET /api/sponsor/benefits 200 in 1328ms (next.js: 6ms, application-code: 1322ms)
 GET /api/sponsor/deliverables?dealId=46c46bfe-02f6-492d-afb6-e1f67ea8f91b 200 in 198ms (next.js: 6ms, application-code: 192ms)
 GET /api/sponsor/deliverables?dealId=fff5f5f9-a4a1-4247-b4be-a968f2bca77b 200 in 194ms (next.js: 2ms, application-code: 192ms)
 GET /api/sponsor/deliverables?dealId=7de4ad9b-dbb8-4704-b7c1-a83e937009b8 200 in 203ms (next.js: 7ms, application-code: 196ms)
 GET /api/sponsor/deliverables?dealId=f8ac7984-61dd-496d-a4ec-e91ec10a2314 200 in 193ms (next.js: 2ms, application-code: 191ms)
 GET /api/sponsor/deliverables?dealId=a7cb4fcd-177d-4567-8d55-b053c3067a7f 200 in 193ms (next.js: 1850µs, application-code: 192ms)
 GET /api/sponsor/deliverables?dealId=3b7bf05e-9474-4089-8644-0301fad455c9 200 in 1319ms (next.js: 2ms, application-code: 1317ms)
 GET /api/sponsor/deliverables?dealId=a99c3630-f219-44fa-8402-03e0397aeb4f 200 in 1330ms (next.js: 3ms, application-code: 1326ms)
 GET /api/sponsor/deliverables?dealId=8729fe56-41e2-43ec-938e-134f249c730f 200 in 199ms (next.js: 2ms, application-code: 197ms)
 GET /api/sponsor/thresholds 200 in 201ms (next.js: 4ms, application-code: 198ms)
 GET /api/sponsor/packages 200 in 591ms (next.js: 1627µs, application-code: 589ms)
 GET /api/sponsor/benefits 200 in 194ms (next.js: 2ms, application-code: 191ms)
 GET /api/sponsor/deliverables?dealId=46c46bfe-02f6-492d-afb6-e1f67ea8f91b 200 in 194ms (next.js: 3ms, application-code: 192ms)
 GET /api/sponsor/deliverables?dealId=3b7bf05e-9474-4089-8644-0301fad455c9 200 in 193ms (next.js: 2ms, application-code: 190ms)
 GET /api/sponsor/deliverables?dealId=a99c3630-f219-44fa-8402-03e0397aeb4f 200 in 208ms (next.js: 9ms, application-code: 200ms)
 GET /api/sponsor/thresholds 200 in 196ms (next.js: 3ms, application-code: 192ms)
 POST /api/sponsor/codes 201 in 399ms (next.js: 9ms, application-code: 390ms)
 GET /api/sponsor/thresholds 200 in 200ms (next.js: 2ms, application-code: 198ms)
 GET /api/sponsor/packages 200 in 565ms (next.js: 1915µs, application-code: 563ms)
 GET /api/sponsor/packages 200 in 570ms (next.js: 6ms, application-code: 565ms)
 GET /sponsor-portal 200 in 48ms (next.js: 4ms, application-code: 45ms)
 POST /api/sponsor/codes/validate 200 in 1492ms (next.js: 6ms, application-code: 1486ms)
 GET /api/sponsor/packages 200 in 572ms (next.js: 7ms, application-code: 565ms)
 GET /api/sponsor/benefits 200 in 1320ms (next.js: 11ms, application-code: 1309ms)
 POST /api/sponsor/deals 201 in 1607ms (next.js: 6ms, application-code: 1601ms)
 GET /sponsor-dashboard 200 in 50ms (next.js: 4ms, application-code: 47ms)
 GET /dashboard/sponsor 200 in 44ms (next.js: 3ms, application-code: 41ms)
 GET /api/sponsor/deals 200 in 459ms (next.js: 6ms, application-code: 453ms)
 GET /api/sponsor/deliverables?dealId=a99c3630-f219-44fa-8402-03e0397aeb4f 200 in 224ms (next.js: 2ms, application-code: 222ms)
 GET /api/sponsor/deliverables?dealId=7de4ad9b-dbb8-4704-b7c1-a83e937009b8 200 in 226ms (next.js: 6ms, application-code: 220ms)
 GET /api/sponsor/deliverables?dealId=f8ac7984-61dd-496d-a4ec-e91ec10a2314 200 in 226ms (next.js: 1626µs, application-code: 224ms)
 GET /api/sponsor/deliverables?dealId=a7cb4fcd-177d-4567-8d55-b053c3067a7f 200 in 222ms (next.js: 2ms, application-code: 220ms)
 GET /api/sponsor/thresholds 200 in 1516ms (next.js: 15ms, application-code: 1501ms)
 GET /api/sponsor/benefits 200 in 1527ms (next.js: 20ms, application-code: 1507ms)
 GET /api/sponsor/deliverables?dealId=8729fe56-41e2-43ec-938e-134f249c730f 200 in 226ms (next.js: 5ms, application-code: 220ms)
 GET /api/sponsor/deliverables?dealId=46c46bfe-02f6-492d-afb6-e1f67ea8f91b 200 in 219ms (next.js: 1490µs, application-code: 217ms)
 GET /api/sponsor/deliverables?dealId=a99c3630-f219-44fa-8402-03e0397aeb4f 200 in 221ms (next.js: 1404µs, application-code: 219ms)
 GET /api/sponsor/deliverables?dealId=7de4ad9b-dbb8-4704-b7c1-a83e937009b8 200 in 221ms (next.js: 1599µs, application-code: 220ms)
 GET /api/sponsor/packages 200 in 1935ms (next.js: 10ms, application-code: 1925ms)
 GET /api/sponsor/deliverables?dealId=f8ac7984-61dd-496d-a4ec-e91ec10a2314 200 in 219ms (next.js: 1721µs, application-code: 217ms)
 GET /api/sponsor/deliverables?dealId=3b7bf05e-9474-4089-8644-0301fad455c9 200 in 1481ms (next.js: 7ms, application-code: 1474ms)
 GET /api/sponsor/deliverables?dealId=fff5f5f9-a4a1-4247-b4be-a968f2bca77b 200 in 1509ms (next.js: 11ms, application-code: 1498ms)
 GET /api/sponsor/thresholds 200 in 221ms (next.js: 1595µs, application-code: 220ms)
 GET /api/sponsor/deliverables?dealId=8729fe56-41e2-43ec-938e-134f249c730f 200 in 218ms (next.js: 1816µs, application-code: 217ms)
 GET /api/sponsor/deliverables?dealId=46c46bfe-02f6-492d-afb6-e1f67ea8f91b 200 in 223ms (next.js: 5ms, application-code: 218ms)
 GET /api/sponsor/deliverables?dealId=3b7bf05e-9474-4089-8644-0301fad455c9 200 in 220ms (next.js: 1927µs, application-code: 218ms)
 GET /api/sponsor/deliverables?dealId=fff5f5f9-a4a1-4247-b4be-a968f2bca77b 200 in 222ms (next.js: 1851µs, application-code: 220ms)
 GET /api/sponsor/deliverables?dealId=a7cb4fcd-177d-4567-8d55-b053c3067a7f 200 in 679ms (next.js: 1659µs, application-code: 677ms)
 GET /api/sponsor/packages 200 in 635ms (next.js: 1577µs, application-code: 634ms)
 PATCH /api/sponsor/deals/547e8599-a3b8-4105-b040-56930e8c98b4 200 in 1933ms (next.js: 1562µs, application-code: 1932ms)
 POST /api/sponsor/accounts 201 in 707ms (next.js: 6ms, application-code: 701ms)
 GET /api/sponsor/deliverables?dealId=547e8599-a3b8-4105-b040-56930e8c98b4 200 in 223ms (next.js: 6ms, application-code: 218ms)
 GET /api/sponsor/deliverables?dealId=547e8599-a3b8-4105-b040-56930e8c98b4 200 in 219ms (next.js: 1704µs, application-code: 217ms)
 POST /api/sponsor/accounts/verify 200 in 1547ms (next.js: 6ms, application-code: 1541ms)
 GET /api/sponsor/deliverables?dealId=547e8599-a3b8-4105-b040-56930e8c98b4 200 in 226ms (next.js: 7ms, application-code: 219ms)
 GET /api/sponsor/deliverables?dealId=547e8599-a3b8-4105-b040-56930e8c98b4 200 in 220ms (next.js: 1658µs, application-code: 218ms)
 GET /api/sponsor/deliverables?dealId=547e8599-a3b8-4105-b040-56930e8c98b4 200 in 218ms (next.js: 1823µs, application-code: 216ms)
 GET /api/sponsor/thresholds 200 in 1518ms (next.js: 12ms, application-code: 1506ms)
 PATCH /api/sponsor/deliverables/dd78fb35-5538-4f4e-b908-1f8c682a6cd4 200 in 1497ms (next.js: 6ms, application-code: 1492ms)
 GET /sponsor-dashboard 200 in 27ms (next.js: 3ms, application-code: 24ms)
 POST /api/sponsor/accounts/verify 200 in 1572ms (next.js: 6ms, application-code: 1566ms)
 GET /api/sponsor/thresholds 200 in 227ms (next.js: 6ms, application-code: 221ms)
 GET /api/sponsor/deliverables?dealId=547e8599-a3b8-4105-b040-56930e8c98b4 200 in 1528ms (next.js: 11ms, application-code: 1517ms)
 GET /api/sponsor/deliverables?dealId=547e8599-a3b8-4105-b040-56930e8c98b4 200 in 224ms (next.js: 5ms, application-code: 219ms)
 GET /api/sponsor/deliverables?dealId=547e8599-a3b8-4105-b040-56930e8c98b4 200 in 222ms (next.js: 1639µs, application-code: 221ms)
 PATCH /api/sponsor/deliverables/87eb2515-5d04-49e6-bf19-2ca9abe24233 200 in 1506ms (next.js: 5ms, application-code: 1501ms)
 GET /sponsor-dashboard 200 in 27ms (next.js: 3ms, application-code: 24ms)
 POST /api/sponsor/accounts/verify 200 in 1564ms (next.js: 6ms, application-code: 1558ms)
 GET /api/sponsor/thresholds 200 in 227ms (next.js: 7ms, application-code: 220ms)
 GET /api/sponsor/deliverables?dealId=547e8599-a3b8-4105-b040-56930e8c98b4 200 in 1503ms (next.js: 11ms, application-code: 1492ms)
 GET /api/sponsor/deliverables?dealId=547e8599-a3b8-4105-b040-56930e8c98b4 200 in 223ms (next.js: 6ms, application-code: 217ms)
 GET /api/sponsor/deliverables?dealId=547e8599-a3b8-4105-b040-56930e8c98b4 200 in 219ms (next.js: 1617µs, application-code: 218ms)
✓ Compiled in 154ms
 GET /sponsor-dashboard 200 in 872ms (next.js: 836ms, application-code: 36ms)
 GET /dashboard/sponsor 200 in 874ms (next.js: 474ms, application-code: 400ms)
✓ Compiled in 143ms
 GET /sponsor-dashboard 200 in 162ms (next.js: 136ms, application-code: 26ms)
 GET /dashboard/sponsor 200 in 163ms (next.js: 50ms, application-code: 114ms)
✓ Compiled in 197ms
 GET /sponsor-dashboard 200 in 157ms (next.js: 128ms, application-code: 29ms)
 GET /dashboard/sponsor 200 in 158ms (next.js: 47ms, application-code: 110ms)
✓ Compiled in 101ms
 GET /sponsor-dashboard 200 in 219ms (next.js: 116ms, application-code: 103ms)
 GET /dashboard/sponsor 200 in 220ms (next.js: 72ms, application-code: 149ms)
 GET /api/sponsor/deliverables?dealId=547e8599-a3b8-4105-b040-56930e8c98b4 200 in 2.3s (next.js: 38ms, application-code: 2.3s)
 GET /api/sponsor/deliverables?dealId=a99c3630-f219-44fa-8402-03e0397aeb4f 200 in 2.3s (next.js: 50ms, application-code: 2.3s)
 GET /api/sponsor/deliverables?dealId=fff5f5f9-a4a1-4247-b4be-a968f2bca77b 200 in 2.3s (next.js: 72ms, application-code: 2.3s)
 GET /api/sponsor/deliverables?dealId=7de4ad9b-dbb8-4704-b7c1-a83e937009b8 200 in 2.3s (next.js: 2ms, application-code: 2.3s)
 GET /api/sponsor/deliverables?dealId=3b7bf05e-9474-4089-8644-0301fad455c9 200 in 2.4s (next.js: 68ms, application-code: 2.3s)
 GET /api/sponsor/deliverables?dealId=f8ac7984-61dd-496d-a4ec-e91ec10a2314 200 in 2.4s (next.js: 7ms, application-code: 2.4s)
 GET /api/sponsor/deliverables?dealId=8729fe56-41e2-43ec-938e-134f249c730f 200 in 745ms (next.js: 1844µs, application-code: 743ms)
 GET /api/sponsor/deliverables?dealId=a7cb4fcd-177d-4567-8d55-b053c3067a7f 200 in 764ms (next.js: 6ms, application-code: 758ms)
 GET /api/sponsor/deliverables?dealId=46c46bfe-02f6-492d-afb6-e1f67ea8f91b 200 in 791ms (next.js: 6ms, application-code: 785ms)
✓ Compiled in 62ms
 GET /dashboard/sponsor 200 in 115ms (next.js: 61ms, application-code: 54ms)
 GET /sponsor-dashboard 200 in 115ms (next.js: 96ms, application-code: 19ms)
✓ Compiled in 253ms
 GET /dashboard/sponsor 200 in 122ms (next.js: 66ms, application-code: 56ms)
 GET /sponsor-dashboard 200 in 122ms (next.js: 104ms, application-code: 18ms)
 GET /sponsor-dashboard 200 in 75ms (next.js: 4ms, application-code: 72ms)
 POST /api/sponsor/accounts/verify 200 in 1423ms (next.js: 30ms, application-code: 1393ms)
 GET /api/sponsor/thresholds 200 in 1292ms (next.js: 1570µs, application-code: 1290ms)
 GET /api/sponsor/deliverables?dealId=3b7bf05e-9474-4089-8644-0301fad455c9 200 in 1888ms (next.js: 6ms, application-code: 1881ms)
 GET /api/sponsor/deliverables?dealId=3b7bf05e-9474-4089-8644-0301fad455c9 200 in 618ms (next.js: 7ms, application-code: 611ms)
 GET /sponsor-dashboard 200 in 26ms (next.js: 3ms, application-code: 23ms)
 POST /api/sponsor/accounts/verify 200 in 1374ms (next.js: 6ms, application-code: 1368ms)
 GET /api/sponsor/thresholds 200 in 1301ms (next.js: 1710µs, application-code: 1299ms)
 GET /api/sponsor/deliverables?dealId=a99c3630-f219-44fa-8402-03e0397aeb4f 200 in 1874ms (next.js: 7ms, application-code: 1867ms)
 GET /api/sponsor/deliverables?dealId=a99c3630-f219-44fa-8402-03e0397aeb4f 200 in 757ms (next.js: 5ms, application-code: 752ms)
 GET /api/sponsor/deliverables?dealId=a99c3630-f219-44fa-8402-03e0397aeb4f 200 in 384ms (next.js: 6ms, application-code: 378ms)
 GET /login 200 in 68ms (next.js: 12ms, application-code: 57ms)
 POST /api/auth/login 200 in 1377ms (next.js: 6ms, application-code: 1371ms)
 GET /dashboard 200 in 31ms (next.js: 13ms, application-code: 18ms)
 GET /api/events 200 in 128ms (next.js: 7ms, application-code: 120ms)
 GET /dashboard/sponsor 200 in 120ms (next.js: 4ms, application-code: 116ms)
 GET /api/sponsor/deals 200 in 384ms (next.js: 4ms, application-code: 380ms)
 GET /api/sponsor/thresholds 200 in 1311ms (next.js: 7ms, application-code: 1304ms)
 GET /api/sponsor/benefits 200 in 1312ms (next.js: 1958µs, application-code: 1310ms)
 GET /api/sponsor/packages 200 in 1691ms (next.js: 2ms, application-code: 1689ms)
 GET /api/sponsor/deliverables?dealId=fff5f5f9-a4a1-4247-b4be-a968f2bca77b 200 in 754ms (next.js: 5ms, application-code: 748ms)
 GET /api/sponsor/deliverables?dealId=3b7bf05e-9474-4089-8644-0301fad455c9 200 in 1870ms (next.js: 1762µs, application-code: 1868ms)
 GET /api/sponsor/deliverables?dealId=a99c3630-f219-44fa-8402-03e0397aeb4f 200 in 1888ms (next.js: 13ms, application-code: 1875ms)
 GET /api/sponsor/deliverables?dealId=547e8599-a3b8-4105-b040-56930e8c98b4 200 in 1930ms (next.js: 9ms, application-code: 1921ms)
 GET /api/sponsor/deliverables?dealId=f8ac7984-61dd-496d-a4ec-e91ec10a2314 200 in 750ms (next.js: 2ms, application-code: 748ms)
 GET /api/sponsor/thresholds 200 in 199ms (next.js: 1835µs, application-code: 197ms)
 GET /api/sponsor/deliverables?dealId=a7cb4fcd-177d-4567-8d55-b053c3067a7f 200 in 753ms (next.js: 5ms, application-code: 748ms)
 GET /api/sponsor/packages 200 in 566ms (next.js: 1725µs, application-code: 564ms)
 GET /api/sponsor/deliverables?dealId=8729fe56-41e2-43ec-938e-134f249c730f 200 in 752ms (next.js: 6ms, application-code: 746ms)
 GET /api/sponsor/deliverables?dealId=46c46bfe-02f6-492d-afb6-e1f67ea8f91b 200 in 753ms (next.js: 1872µs, application-code: 751ms)
 GET /api/sponsor/deliverables?dealId=7de4ad9b-dbb8-4704-b7c1-a83e937009b8 200 in 1961ms (next.js: 1634µs, application-code: 1959ms)
 GET /api/sponsor/deliverables?dealId=fff5f5f9-a4a1-4247-b4be-a968f2bca77b 200 in 774ms (next.js: 1603µs, application-code: 773ms)
 GET /api/sponsor/deliverables?dealId=3b7bf05e-9474-4089-8644-0301fad455c9 200 in 753ms (next.js: 6ms, application-code: 748ms)
 GET /api/sponsor/deliverables?dealId=a99c3630-f219-44fa-8402-03e0397aeb4f 200 in 761ms (next.js: 1726µs, application-code: 759ms)
 GET /api/sponsor/deliverables?dealId=f8ac7984-61dd-496d-a4ec-e91ec10a2314 200 in 752ms (next.js: 5ms, application-code: 747ms)
 GET /api/sponsor/deliverables?dealId=547e8599-a3b8-4105-b040-56930e8c98b4 200 in 754ms (next.js: 1795µs, application-code: 752ms)
 GET /api/sponsor/deliverables?dealId=a7cb4fcd-177d-4567-8d55-b053c3067a7f 200 in 784ms (next.js: 1725µs, application-code: 782ms)
 GET /api/sponsor/deliverables?dealId=8729fe56-41e2-43ec-938e-134f249c730f 200 in 777ms (next.js: 1653µs, application-code: 775ms)
 GET /api/sponsor/deliverables?dealId=46c46bfe-02f6-492d-afb6-e1f67ea8f91b 200 in 761ms (next.js: 8ms, application-code: 753ms)
 GET /api/sponsor/deliverables?dealId=7de4ad9b-dbb8-4704-b7c1-a83e937009b8 200 in 752ms (next.js: 1995µs, application-code: 750ms)
 PATCH /api/sponsor/deliverables/dd78fb35-5538-4f4e-b908-1f8c682a6cd4 200 in 204ms (next.js: 5ms, application-code: 199ms)
 GET /sponsor-dashboard 200 in 26ms (next.js: 3ms, application-code: 23ms)
 POST /api/sponsor/accounts/verify 200 in 259ms (next.js: 6ms, application-code: 252ms)
 GET /api/sponsor/thresholds 200 in 199ms (next.js: 1718µs, application-code: 197ms)
 GET /api/sponsor/deliverables?dealId=a99c3630-f219-44fa-8402-03e0397aeb4f 200 in 757ms (next.js: 3ms, application-code: 754ms)
 GET /api/sponsor/deliverables?dealId=a99c3630-f219-44fa-8402-03e0397aeb4f 200 in 777ms (next.js: 5ms, application-code: 772ms)
 GET /api/sponsor/deliverables?dealId=a99c3630-f219-44fa-8402-03e0397aeb4f 200 in 779ms (next.js: 6ms, application-code: 773ms)
 GET /sponsor-dashboard 200 in 28ms (next.js: 3ms, application-code: 25ms)
 POST /api/sponsor/accounts/verify 200 in 1376ms (next.js: 6ms, application-code: 1370ms)
 GET /api/sponsor/thresholds 200 in 1292ms (next.js: 1611µs, application-code: 1290ms)
 GET /api/sponsor/deliverables?dealId=a99c3630-f219-44fa-8402-03e0397aeb4f 200 in 1861ms (next.js: 7ms, application-code: 1854ms)
 GET /api/sponsor/deliverables?dealId=a99c3630-f219-44fa-8402-03e0397aeb4f 200 in 750ms (next.js: 6ms, application-code: 744ms)
 GET /api/sponsor/deliverables?dealId=a99c3630-f219-44fa-8402-03e0397aeb4f 200 in 403ms (next.js: 5ms, application-code: 397ms)
 GET /sponsor-dashboard 200 in 29ms (next.js: 3ms, application-code: 25ms)
 POST /api/sponsor/accounts/verify 200 in 1643ms (next.js: 5ms, application-code: 1638ms)
 GET /api/sponsor/thresholds 200 in 1509ms (next.js: 13ms, application-code: 1495ms)
 GET /api/sponsor/deliverables?dealId=547e8599-a3b8-4105-b040-56930e8c98b4 200 in 2.2s (next.js: 8ms, application-code: 2.2s)
 GET /api/sponsor/deliverables?dealId=547e8599-a3b8-4105-b040-56930e8c98b4 200 in 870ms (next.js: 5ms, application-code: 864ms)
 GET /api/sponsor/deliverables?dealId=547e8599-a3b8-4105-b040-56930e8c98b4 200 in 882ms (next.js: 6ms, application-code: 876ms)
 GET /sponsor-dashboard 200 in 1743ms (next.js: 1610ms, application-code: 133ms)
✓ Compiled in 9.1s
 GET /dashboard/sponsor 200 in 5.6s (next.js: 4.9s, application-code: 650ms)
 GET /sponsor-dashboard 200 in 586ms (next.js: 52ms, application-code: 533ms)
 GET /dashboard/sponsor 200 in 525ms (next.js: 15ms, application-code: 510ms)
 GET /sponsor-dashboard 200 in 34ms (next.js: 3ms, application-code: 31ms)
 GET /dashboard/sponsor 200 in 18ms (next.js: 3ms, application-code: 15ms)
 GET /api/sponsor/thresholds 200 in 2.7s (next.js: 434ms, application-code: 2.3s)
 GET /api/sponsor/deals 200 in 2.9s (next.js: 425ms, application-code: 2.5s)
 GET /api/sponsor/packages 200 in 3.1s (next.js: 438ms, application-code: 2.7s)
 GET /api/sponsor/deliverables?dealId=547e8599-a3b8-4105-b040-56930e8c98b4 200 in 910ms (next.js: 3ms, application-code: 907ms)
 GET /api/sponsor/deliverables?dealId=a7cb4fcd-177d-4567-8d55-b053c3067a7f 200 in 808ms (next.js: 1774µs, application-code: 806ms)
 GET /api/sponsor/deliverables?dealId=8729fe56-41e2-43ec-938e-134f249c730f 200 in 755ms (next.js: 5ms, application-code: 749ms)
 GET /api/sponsor/deliverables?dealId=f8ac7984-61dd-496d-a4ec-e91ec10a2314 200 in 870ms (next.js: 1570µs, application-code: 868ms)
 GET /api/sponsor/deliverables?dealId=a99c3630-f219-44fa-8402-03e0397aeb4f 200 in 1901ms (next.js: 2ms, application-code: 1898ms)
 GET /api/sponsor/deliverables?dealId=7de4ad9b-dbb8-4704-b7c1-a83e937009b8 200 in 1896ms (next.js: 10ms, application-code: 1887ms)
 GET /api/sponsor/deliverables?dealId=3b7bf05e-9474-4089-8644-0301fad455c9 200 in 1910ms (next.js: 2ms, application-code: 1907ms)
 GET /api/sponsor/deliverables?dealId=fff5f5f9-a4a1-4247-b4be-a968f2bca77b 200 in 1967ms (next.js: 6ms, application-code: 1961ms)
 GET /api/sponsor/deliverables?dealId=46c46bfe-02f6-492d-afb6-e1f67ea8f91b 200 in 757ms (next.js: 5ms, application-code: 752ms)
 GET /api/sponsor/deliverables?dealId=547e8599-a3b8-4105-b040-56930e8c98b4 200 in 751ms (next.js: 1462µs, application-code: 750ms)
 GET /api/sponsor/deliverables?dealId=8729fe56-41e2-43ec-938e-134f249c730f 200 in 758ms (next.js: 6ms, application-code: 752ms)
 GET /api/sponsor/deliverables?dealId=a7cb4fcd-177d-4567-8d55-b053c3067a7f 200 in 761ms (next.js: 2ms, application-code: 759ms)
 GET /api/sponsor/deliverables?dealId=f8ac7984-61dd-496d-a4ec-e91ec10a2314 200 in 777ms (next.js: 1388µs, application-code: 775ms)
 GET /api/sponsor/deliverables?dealId=a99c3630-f219-44fa-8402-03e0397aeb4f 200 in 802ms (next.js: 1663µs, application-code: 800ms)
 GET /api/sponsor/deliverables?dealId=7de4ad9b-dbb8-4704-b7c1-a83e937009b8 200 in 792ms (next.js: 5ms, application-code: 787ms)
 GET /api/sponsor/deliverables?dealId=3b7bf05e-9474-4089-8644-0301fad455c9 200 in 759ms (next.js: 1518µs, application-code: 757ms)
 GET /api/sponsor/deliverables?dealId=46c46bfe-02f6-492d-afb6-e1f67ea8f91b 200 in 753ms (next.js: 1665µs, application-code: 751ms)
 GET /api/sponsor/deliverables?dealId=fff5f5f9-a4a1-4247-b4be-a968f2bca77b 200 in 760ms (next.js: 2ms, application-code: 758ms)
 GET /sponsor-dashboard 200 in 106ms (next.js: 91ms, application-code: 16ms)
 GET /dashboard/sponsor 200 in 107ms (next.js: 52ms, application-code: 55ms)
 PATCH /api/sponsor/deals/c5a1fdd5-d597-4664-bb35-a29aa20c0947 200 in 2.1s (next.js: 28ms, application-code: 2.1s)
 POST /api/sponsor/benefits 201 in 1607ms (next.js: 5ms, application-code: 1601ms)
 GET /api/sponsor/benefits 200 in 231ms (next.js: 6ms, application-code: 225ms)
✓ Compiled in 66ms
 GET /dashboard/sponsor 200 in 90ms (next.js: 57ms, application-code: 32ms)
✓ Compiled in 52ms
⚠ Fast Refresh had to perform a full reload due to a runtime error.
 GET /dashboard/sponsor 200 in 420ms (next.js: 60ms, application-code: 360ms)
 GET /api/sponsor/benefits 200 in 4.1s (next.js: 9ms, application-code: 4.1s)
 GET /api/sponsor/thresholds 200 in 4.4s (next.js: 9ms, application-code: 4.4s)
 GET /api/sponsor/deals 200 in 4.6s (next.js: 29ms, application-code: 4.6s)
 GET /api/sponsor/packages 200 in 4.6s (next.js: 41ms, application-code: 4.6s)
 GET /api/sponsor/thresholds 200 in 226ms (next.js: 6ms, application-code: 221ms)
✓ Compiled in 50ms
 GET /api/sponsor/packages 200 in 665ms (next.js: 1613µs, application-code: 664ms)
 GET /api/sponsor/deliverables?dealId=d17bf1c0-8cbe-4978-9c0b-055b30725c32 200 in 865ms (next.js: 3ms, application-code: 862ms)
 GET /api/sponsor/deliverables?dealId=fff5f5f9-a4a1-4247-b4be-a968f2bca77b 200 in 1023ms (next.js: 1373µs, application-code: 1021ms)
 GET /api/sponsor/deliverables?dealId=7de4ad9b-dbb8-4704-b7c1-a83e937009b8 200 in 898ms (next.js: 28ms, application-code: 870ms)
 GET /api/sponsor/deliverables?dealId=f8ac7984-61dd-496d-a4ec-e91ec10a2314 200 in 884ms (next.js: 1741µs, application-code: 882ms)
 GET /api/sponsor/deliverables?dealId=a7cb4fcd-177d-4567-8d55-b053c3067a7f 200 in 876ms (next.js: 2ms, application-code: 874ms)
 GET /dashboard/sponsor 200 in 87ms (next.js: 59ms, application-code: 28ms)
 GET /api/sponsor/deliverables?dealId=3b7bf05e-9474-4089-8644-0301fad455c9 200 in 2.1s (next.js: 6ms, application-code: 2.1s)
 GET /api/sponsor/deliverables?dealId=547e8599-a3b8-4105-b040-56930e8c98b4 200 in 2.2s (next.js: 1648µs, application-code: 2.2s)
 GET /api/sponsor/deliverables?dealId=a99c3630-f219-44fa-8402-03e0397aeb4f 200 in 2.2s (next.js: 1649µs, application-code: 2.2s)
 GET /api/sponsor/deliverables?dealId=8729fe56-41e2-43ec-938e-134f249c730f 200 in 871ms (next.js: 5ms, application-code: 866ms)
 GET /api/sponsor/deliverables?dealId=46c46bfe-02f6-492d-afb6-e1f67ea8f91b 200 in 867ms (next.js: 1549µs, application-code: 865ms)
 GET /api/sponsor/deliverables?dealId=d17bf1c0-8cbe-4978-9c0b-055b30725c32 200 in 861ms (next.js: 1837µs, application-code: 859ms)
 GET /api/sponsor/deliverables?dealId=fff5f5f9-a4a1-4247-b4be-a968f2bca77b 200 in 868ms (next.js: 6ms, application-code: 862ms)
 GET /api/sponsor/deliverables?dealId=7de4ad9b-dbb8-4704-b7c1-a83e937009b8 200 in 875ms (next.js: 10ms, application-code: 865ms)
 GET /api/sponsor/deliverables?dealId=f8ac7984-61dd-496d-a4ec-e91ec10a2314 200 in 866ms (next.js: 1581µs, application-code: 864ms)
 GET /api/sponsor/deliverables?dealId=3b7bf05e-9474-4089-8644-0301fad455c9 200 in 859ms (next.js: 1568µs, application-code: 857ms)
 GET /api/sponsor/deliverables?dealId=a7cb4fcd-177d-4567-8d55-b053c3067a7f 200 in 1290ms (next.js: 1795µs, application-code: 1289ms)
 GET /api/sponsor/deliverables?dealId=547e8599-a3b8-4105-b040-56930e8c98b4 200 in 867ms (next.js: 5ms, application-code: 861ms)
 GET /api/sponsor/deliverables?dealId=a99c3630-f219-44fa-8402-03e0397aeb4f 200 in 865ms (next.js: 1435µs, application-code: 864ms)
 GET /api/sponsor/deliverables?dealId=8729fe56-41e2-43ec-938e-134f249c730f 200 in 860ms (next.js: 1279µs, application-code: 858ms)
 GET /api/sponsor/deliverables?dealId=46c46bfe-02f6-492d-afb6-e1f67ea8f91b 200 in 854ms (next.js: 1343µs, application-code: 852ms)
✓ Compiled in 70ms
 GET /dashboard/sponsor 200 in 81ms (next.js: 56ms, application-code: 25ms)
✓ Compiled in 116ms
 GET /dashboard/sponsor 200 in 89ms (next.js: 55ms, application-code: 34ms)
 POST /api/sponsor/packages 201 in 2.8s (next.js: 28ms, application-code: 2.8s)
 POST /api/sponsor/codes 201 in 1502ms (next.js: 5ms, application-code: 1496ms)
✓ Compiled in 73ms
 GET /dashboard/sponsor 200 in 91ms (next.js: 60ms, application-code: 30ms)
✓ Compiled in 40ms
 GET /dashboard/sponsor 200 in 141ms (next.js: 62ms, application-code: 79ms)
 GET /api/sponsor/thresholds 200 in 1457ms (next.js: 42ms, application-code: 1415ms)
 GET /api/sponsor/packages 200 in 1903ms (next.js: 34ms, application-code: 1870ms)
✓ Compiled in 52ms
 GET /dashboard/sponsor 200 in 92ms (next.js: 61ms, application-code: 31ms)
✓ Compiled in 86ms
 GET /dashboard/sponsor 200 in 88ms (next.js: 60ms, application-code: 28ms)
✓ Compiled in 72ms
 GET /dashboard/sponsor 200 in 88ms (next.js: 60ms, application-code: 28ms)
 GET /dashboard/sponsor 200 in 105ms (next.js: 3ms, application-code: 102ms)
 GET /api/sponsor/thresholds 200 in 4.5s (next.js: 41ms, application-code: 4.4s)
 GET /api/sponsor/benefits 200 in 4.5s (next.js: 44ms, application-code: 4.4s)
 GET /api/sponsor/thresholds 200 in 196ms (next.js: 5ms, application-code: 191ms)
 GET /api/sponsor/packages 200 in 4.8s (next.js: 37ms, application-code: 4.8s)
 GET /api/sponsor/packages 200 in 567ms (next.js: 1625µs, application-code: 565ms)
 GET /api/sponsor/deals 200 in 6.0s (next.js: 28ms, application-code: 5.9s)
 GET /api/sponsor/deliverables?dealId=d17bf1c0-8cbe-4978-9c0b-055b30725c32 200 in 754ms (next.js: 6ms, application-code: 748ms)
 GET /api/sponsor/deliverables?dealId=547e8599-a3b8-4105-b040-56930e8c98b4 200 in 755ms (next.js: 1908µs, application-code: 753ms)
 GET /api/sponsor/deliverables?dealId=7de4ad9b-dbb8-4704-b7c1-a83e937009b8 200 in 935ms (next.js: 13ms, application-code: 922ms)
 GET /api/sponsor/deliverables?dealId=f8ac7984-61dd-496d-a4ec-e91ec10a2314 200 in 752ms (next.js: 5ms, application-code: 747ms)
 GET /api/sponsor/deliverables?dealId=a7cb4fcd-177d-4567-8d55-b053c3067a7f 200 in 762ms (next.js: 1460µs, application-code: 761ms)
 GET /api/sponsor/deliverables?dealId=8729fe56-41e2-43ec-938e-134f249c730f 200 in 767ms (next.js: 1620µs, application-code: 765ms)
 GET /api/sponsor/deliverables?dealId=a99c3630-f219-44fa-8402-03e0397aeb4f 200 in 1886ms (next.js: 6ms, application-code: 1880ms)
 GET /api/sponsor/deliverables?dealId=fff5f5f9-a4a1-4247-b4be-a968f2bca77b 200 in 1900ms (next.js: 9ms, application-code: 1890ms)
 GET /api/sponsor/deliverables?dealId=3b7bf05e-9474-4089-8644-0301fad455c9 200 in 1958ms (next.js: 6ms, application-code: 1952ms)
 GET /api/sponsor/deliverables?dealId=46c46bfe-02f6-492d-afb6-e1f67ea8f91b 200 in 755ms (next.js: 5ms, application-code: 750ms)
 GET /api/sponsor/deliverables?dealId=d17bf1c0-8cbe-4978-9c0b-055b30725c32 200 in 763ms (next.js: 1906µs, application-code: 761ms)
 GET /api/sponsor/deliverables?dealId=547e8599-a3b8-4105-b040-56930e8c98b4 200 in 757ms (next.js: 1645µs, application-code: 756ms)
 GET /api/sponsor/deliverables?dealId=7de4ad9b-dbb8-4704-b7c1-a83e937009b8 200 in 761ms (next.js: 1882µs, application-code: 759ms)
 GET /api/sponsor/deliverables?dealId=f8ac7984-61dd-496d-a4ec-e91ec10a2314 200 in 756ms (next.js: 1803µs, application-code: 755ms)
 GET /api/sponsor/deliverables?dealId=a7cb4fcd-177d-4567-8d55-b053c3067a7f 200 in 791ms (next.js: 1503µs, application-code: 789ms)
 GET /api/sponsor/deliverables?dealId=8729fe56-41e2-43ec-938e-134f249c730f 200 in 757ms (next.js: 5ms, application-code: 752ms)
 GET /api/sponsor/deliverables?dealId=a99c3630-f219-44fa-8402-03e0397aeb4f 200 in 760ms (next.js: 1466µs, application-code: 759ms)
 GET /api/sponsor/deliverables?dealId=fff5f5f9-a4a1-4247-b4be-a968f2bca77b 200 in 757ms (next.js: 1541µs, application-code: 755ms)
 GET /api/sponsor/deliverables?dealId=3b7bf05e-9474-4089-8644-0301fad455c9 200 in 751ms (next.js: 2ms, application-code: 749ms)
 GET /api/sponsor/deliverables?dealId=46c46bfe-02f6-492d-afb6-e1f67ea8f91b 200 in 757ms (next.js: 1599µs, application-code: 755ms)
 PATCH /api/sponsor/deals/460ac65d-5400-4089-9bb6-cec40bc127b5 200 in 1724ms (next.js: 6ms, application-code: 1718ms)
 POST /api/sponsor/accounts 201 in 638ms (next.js: 5ms, application-code: 633ms)
 GET /api/sponsor/deliverables?dealId=460ac65d-5400-4089-9bb6-cec40bc127b5 200 in 769ms (next.js: 6ms, application-code: 763ms)
 GET /api/sponsor/deliverables?dealId=460ac65d-5400-4089-9bb6-cec40bc127b5 200 in 768ms (next.js: 6ms, application-code: 762ms)
 POST /api/sponsor/packages 201 in 2.8s (next.js: 6ms, application-code: 2.8s)
 POST /api/sponsor/codes 201 in 387ms (next.js: 5ms, application-code: 382ms)
 GET /sponsor-portal 200 in 491ms (next.js: 235ms, application-code: 256ms)
 POST /api/sponsor/codes/validate 200 in 389ms (next.js: 6ms, application-code: 383ms)
 GET /api/sponsor/packages 200 in 566ms (next.js: 2ms, application-code: 564ms)
 GET /api/sponsor/benefits 200 in 1336ms (next.js: 6ms, application-code: 1330ms)
 POST /api/sponsor/deals 201 in 2.7s (next.js: 5ms, application-code: 2.7s)
 GET /sponsor-dashboard 200 in 294ms (next.js: 17ms, application-code: 277ms)
 GET /dashboard/sponsor 200 in 41ms (next.js: 5ms, application-code: 37ms)
 GET /api/sponsor/benefits 200 in 1317ms (next.js: 19ms, application-code: 1298ms)
 GET /api/sponsor/thresholds 200 in 1386ms (next.js: 15ms, application-code: 1371ms)
 GET /api/sponsor/thresholds 200 in 206ms (next.js: 5ms, application-code: 200ms)
 GET /api/sponsor/deals 200 in 1689ms (next.js: 7ms, application-code: 1682ms)
 GET /api/sponsor/packages 200 in 1697ms (next.js: 11ms, application-code: 1685ms)
 GET /api/sponsor/packages 200 in 598ms (next.js: 1817µs, application-code: 596ms)
 GET /api/sponsor/deliverables?dealId=d17bf1c0-8cbe-4978-9c0b-055b30725c32 200 in 761ms (next.js: 6ms, application-code: 755ms)
 GET /api/sponsor/deliverables?dealId=460ac65d-5400-4089-9bb6-cec40bc127b5 200 in 790ms (next.js: 2ms, application-code: 788ms)
 GET /api/sponsor/deliverables?dealId=fff5f5f9-a4a1-4247-b4be-a968f2bca77b 200 in 752ms (next.js: 5ms, application-code: 747ms)
 GET /api/sponsor/deliverables?dealId=7de4ad9b-dbb8-4704-b7c1-a83e937009b8 200 in 744ms (next.js: 2ms, application-code: 742ms)
 GET /api/sponsor/deliverables?dealId=f8ac7984-61dd-496d-a4ec-e91ec10a2314 200 in 783ms (next.js: 1521µs, application-code: 781ms)
 GET /api/sponsor/deliverables?dealId=547e8599-a3b8-4105-b040-56930e8c98b4 200 in 1892ms (next.js: 10ms, application-code: 1882ms)
 GET /api/sponsor/deliverables?dealId=a99c3630-f219-44fa-8402-03e0397aeb4f 200 in 1903ms (next.js: 14ms, application-code: 1890ms)
 GET /api/sponsor/deliverables?dealId=3b7bf05e-9474-4089-8644-0301fad455c9 200 in 1950ms (next.js: 9ms, application-code: 1942ms)
 GET /api/sponsor/deliverables?dealId=a7cb4fcd-177d-4567-8d55-b053c3067a7f 200 in 755ms (next.js: 5ms, application-code: 750ms)
 GET /api/sponsor/deliverables?dealId=8729fe56-41e2-43ec-938e-134f249c730f 200 in 748ms (next.js: 1518µs, application-code: 747ms)
 GET /api/sponsor/deliverables?dealId=46c46bfe-02f6-492d-afb6-e1f67ea8f91b 200 in 782ms (next.js: 1760µs, application-code: 781ms)
 GET /api/sponsor/deliverables?dealId=460ac65d-5400-4089-9bb6-cec40bc127b5 200 in 742ms (next.js: 2ms, application-code: 740ms)
 GET /api/sponsor/deliverables?dealId=d17bf1c0-8cbe-4978-9c0b-055b30725c32 200 in 759ms (next.js: 5ms, application-code: 753ms)
 GET /api/sponsor/deliverables?dealId=fff5f5f9-a4a1-4247-b4be-a968f2bca77b 200 in 780ms (next.js: 1515µs, application-code: 779ms)
 GET /api/sponsor/deliverables?dealId=7de4ad9b-dbb8-4704-b7c1-a83e937009b8 200 in 751ms (next.js: 1836µs, application-code: 749ms)
 GET /api/sponsor/deliverables?dealId=f8ac7984-61dd-496d-a4ec-e91ec10a2314 200 in 753ms (next.js: 1603µs, application-code: 751ms)
 GET /api/sponsor/deliverables?dealId=547e8599-a3b8-4105-b040-56930e8c98b4 200 in 788ms (next.js: 5ms, application-code: 782ms)
 GET /api/sponsor/deliverables?dealId=a99c3630-f219-44fa-8402-03e0397aeb4f 200 in 760ms (next.js: 7ms, application-code: 754ms)
 GET /api/sponsor/deliverables?dealId=3b7bf05e-9474-4089-8644-0301fad455c9 200 in 780ms (next.js: 1665µs, application-code: 778ms)
 GET /api/sponsor/deliverables?dealId=a7cb4fcd-177d-4567-8d55-b053c3067a7f 200 in 751ms (next.js: 2ms, application-code: 749ms)
 GET /api/sponsor/deliverables?dealId=8729fe56-41e2-43ec-938e-134f249c730f 200 in 746ms (next.js: 1697µs, application-code: 744ms)
 GET /api/sponsor/deliverables?dealId=46c46bfe-02f6-492d-afb6-e1f67ea8f91b 200 in 782ms (next.js: 1501µs, application-code: 780ms)
 PATCH /api/sponsor/deals/5060cf03-97f0-4fef-8bc5-501b0a2db59b 200 in 2.0s (next.js: 1358µs, application-code: 2.0s)
 POST /api/sponsor/accounts 201 in 628ms (next.js: 6ms, application-code: 622ms)
 GET /api/sponsor/deliverables?dealId=5060cf03-97f0-4fef-8bc5-501b0a2db59b 200 in 789ms (next.js: 6ms, application-code: 784ms)
 GET /api/sponsor/deliverables?dealId=5060cf03-97f0-4fef-8bc5-501b0a2db59b 200 in 788ms (next.js: 5ms, application-code: 782ms)
 GET /sponsor-dashboard 200 in 32ms (next.js: 5ms, application-code: 28ms)
 POST /api/sponsor/accounts/verify 200 in 1524ms (next.js: 7ms, application-code: 1517ms)
 GET /api/sponsor/thresholds 200 in 1328ms (next.js: 10ms, application-code: 1318ms)
 GET /api/sponsor/deliverables?dealId=5060cf03-97f0-4fef-8bc5-501b0a2db59b 200 in 1854ms (next.js: 6ms, application-code: 1848ms)
 GET /api/sponsor/deliverables?dealId=5060cf03-97f0-4fef-8bc5-501b0a2db59b 200 in 763ms (next.js: 6ms, application-code: 757ms)
 GET /api/sponsor/deliverables?dealId=5060cf03-97f0-4fef-8bc5-501b0a2db59b 200 in 763ms (next.js: 6ms, application-code: 757ms)
 PATCH /api/sponsor/deliverables/b6a82d2a-54a1-4015-a932-7426c2aac238 200 in 1381ms (next.js: 5ms, application-code: 1376ms)
 PATCH /api/sponsor/deliverables/3b789a05-3dc3-40fe-9240-9563b90fe7c1 200 in 205ms (next.js: 5ms, application-code: 200ms)
 GET /sponsor-dashboard 200 in 32ms (next.js: 4ms, application-code: 28ms)
 POST /api/sponsor/accounts/verify 200 in 1368ms (next.js: 6ms, application-code: 1362ms)
 GET /api/sponsor/thresholds 200 in 1326ms (next.js: 11ms, application-code: 1315ms)
 GET /api/sponsor/deliverables?dealId=5060cf03-97f0-4fef-8bc5-501b0a2db59b 200 in 1887ms (next.js: 7ms, application-code: 1880ms)
 GET /api/sponsor/deliverables?dealId=5060cf03-97f0-4fef-8bc5-501b0a2db59b 200 in 766ms (next.js: 9ms, application-code: 757ms)
 GET /api/sponsor/deliverables?dealId=5060cf03-97f0-4fef-8bc5-501b0a2db59b 200 in 761ms (next.js: 5ms, application-code: 756ms)
 GET /dashboard/sponsor 200 in 2.6s (next.js: 2.6s, application-code: 43ms)
 GET /dashboard/sponsor 200 in 101ms (next.js: 3ms, application-code: 99ms)
 GET /dashboard/sponsor 200 in 84ms (next.js: 3ms, application-code: 81ms)
 GET /dashboard/sponsor 200 in 81ms (next.js: 3ms, application-code: 77ms)
 GET /dashboard/sponsor 200 in 80ms (next.js: 33ms, application-code: 47ms)
 GET /dashboard/sponsor 200 in 81ms (next.js: 19ms, application-code: 62ms)
 GET /dashboard/sponsor 200 in 80ms (next.js: 47ms, application-code: 34ms)
 GET /dashboard/sponsor 200 in 100ms (next.js: 3ms, application-code: 97ms)
 GET /dashboard/sponsor 200 in 84ms (next.js: 3ms, application-code: 80ms)
 GET /dashboard/sponsor 200 in 84ms (next.js: 3ms, application-code: 80ms)
 GET /dashboard/sponsor 200 in 84ms (next.js: 18ms, application-code: 66ms)
 GET /dashboard/sponsor 200 in 99ms (next.js: 48ms, application-code: 51ms)
 GET /dashboard/sponsor 200 in 99ms (next.js: 32ms, application-code: 67ms)
 GET /dashboard/sponsor 200 in 103ms (next.js: 5ms, application-code: 98ms)
 GET /dashboard/sponsor 200 in 85ms (next.js: 3ms, application-code: 82ms)
 GET /dashboard/sponsor 200 in 84ms (next.js: 3ms, application-code: 81ms)
 GET /dashboard/sponsor 200 in 84ms (next.js: 18ms, application-code: 66ms)
 GET /dashboard/sponsor 200 in 84ms (next.js: 33ms, application-code: 51ms)
 GET /dashboard/sponsor 200 in 69ms (next.js: 34ms, application-code: 36ms)
 GET /dashboard/sponsor 200 in 102ms (next.js: 3ms, application-code: 99ms)
 GET /dashboard/sponsor 200 in 87ms (next.js: 4ms, application-code: 83ms)
 GET /dashboard/sponsor 200 in 85ms (next.js: 3ms, application-code: 82ms)
 GET /dashboard/sponsor 200 in 85ms (next.js: 20ms, application-code: 66ms)
 GET /dashboard/sponsor 200 in 101ms (next.js: 35ms, application-code: 66ms)
 GET /dashboard/sponsor 200 in 51ms (next.js: 3ms, application-code: 49ms)
 GET /dashboard/sponsor 200 in 86ms (next.js: 3ms, application-code: 84ms)
 GET /dashboard/sponsor 200 in 71ms (next.js: 3ms, application-code: 68ms)
 GET /dashboard/sponsor 200 in 53ms (next.js: 3ms, application-code: 50ms)
 GET /dashboard/sponsor 200 in 53ms (next.js: 20ms, application-code: 33ms)
 GET /dashboard/sponsor 200 in 18ms (next.js: 3ms, application-code: 16ms)
✓ Compiled in 237ms
 GET /dashboard/sponsor 200 in 192ms (next.js: 142ms, application-code: 50ms)
 GET /dashboard/sponsor 200 in 93ms (next.js: 3ms, application-code: 90ms)
 GET /dashboard/sponsor 200 in 92ms (next.js: 3ms, application-code: 89ms)
 GET /dashboard/sponsor 200 in 93ms (next.js: 38ms, application-code: 55ms)
 GET /dashboard/sponsor 200 in 93ms (next.js: 19ms, application-code: 74ms)
 GET /dashboard/sponsor 200 in 94ms (next.js: 3ms, application-code: 91ms)
 GET /dashboard/sponsor 200 in 105ms (next.js: 3ms, application-code: 102ms)
 GET /dashboard/sponsor 200 in 88ms (next.js: 3ms, application-code: 85ms)
 GET /dashboard/sponsor 200 in 86ms (next.js: 3ms, application-code: 83ms)
 GET /dashboard/sponsor 200 in 102ms (next.js: 20ms, application-code: 82ms)
 GET /dashboard/sponsor 200 in 87ms (next.js: 20ms, application-code: 67ms)
 GET /dashboard/sponsor 200 in 74ms (next.js: 3ms, application-code: 71ms)
 GET /dashboard/sponsor 200 in 103ms (next.js: 3ms, application-code: 101ms)
 GET /dashboard/sponsor 200 in 88ms (next.js: 3ms, application-code: 85ms)
 GET /dashboard/sponsor 200 in 87ms (next.js: 3ms, application-code: 84ms)
 GET /dashboard/sponsor 200 in 90ms (next.js: 7ms, application-code: 84ms)
 GET /dashboard/sponsor 200 in 88ms (next.js: 19ms, application-code: 69ms)
 GET /dashboard/sponsor 200 in 74ms (next.js: 3ms, application-code: 71ms)
 GET /dashboard/sponsor 200 in 116ms (next.js: 2ms, application-code: 114ms)
 GET /dashboard/sponsor 200 in 100ms (next.js: 4ms, application-code: 97ms)
 GET /dashboard/sponsor 200 in 81ms (next.js: 3ms, application-code: 77ms)
 GET /dashboard/sponsor 200 in 81ms (next.js: 3ms, application-code: 78ms)
 GET /dashboard/sponsor 200 in 82ms (next.js: 3ms, application-code: 79ms)
 GET /dashboard/sponsor 200 in 93ms (next.js: 3ms, application-code: 90ms)
 GET /dashboard/sponsor 200 in 107ms (next.js: 3ms, application-code: 104ms)
 GET /dashboard/sponsor 200 in 89ms (next.js: 3ms, application-code: 86ms)
 GET /dashboard/sponsor 200 in 71ms (next.js: 3ms, application-code: 68ms)
 GET /dashboard/sponsor 200 in 76ms (next.js: 3ms, application-code: 73ms)
 GET /dashboard/sponsor 200 in 76ms (next.js: 3ms, application-code: 73ms)
 GET /dashboard/sponsor 200 in 59ms (next.js: 3ms, application-code: 56ms)
 GET /dashboard/sponsor 200 in 42ms (next.js: 3ms, application-code: 39ms)
 GET /dashboard/sponsor 200 in 25ms (next.js: 8ms, application-code: 17ms)
 GET /dashboard 200 in 294ms (next.js: 255ms, application-code: 39ms)
⨯ [TypeError: fetch failed] {
  [cause]: AggregateError: 
      at ignore-listed frames {
    code: 'ECONNREFUSED',
    [errors]: [ [Error], [Error] ]
  }
}
 GET /api/events 500 in 98ms (next.js: 39ms, application-code: 59ms)
⨯ [TypeError: fetch failed] {
  [cause]: AggregateError: 
      at ignore-listed frames {
    code: 'ECONNREFUSED',
    [errors]: [ [Error], [Error] ]
  }
}
 GET /api/events 500 in 8ms (next.js: 1898µs, application-code: 7ms)
⨯ [TypeError: fetch failed] {
  [cause]: AggregateError: 
      at ignore-listed frames {
    code: 'ECONNREFUSED',
    [errors]: [ [Error], [Error] ]
  }
}
 GET /api/events 500 in 15ms (next.js: 1575µs, application-code: 14ms)
⨯ [TypeError: fetch failed] {
  [cause]: AggregateError: 
      at ignore-listed frames {
    code: 'ECONNREFUSED',
    [errors]: [ [Error], [Error] ]
  }
}
 GET /api/events 500 in 14ms (next.js: 1992µs, application-code: 12ms)
⨯ [TypeError: fetch failed] {
  [cause]: AggregateError: 
      at ignore-listed frames {
    code: 'ECONNREFUSED',
    [errors]: [ [Error], [Error] ]
  }
}
 GET /api/events 500 in 10ms (next.js: 2ms, application-code: 8ms)
⨯ [TypeError: fetch failed] {
  [cause]: AggregateError: 
      at ignore-listed frames {
    code: 'ECONNREFUSED',
    [errors]: [ [Error], [Error] ]
  }
}
 GET /api/events 500 in 8ms (next.js: 1444µs, application-code: 7ms)
[browser] Gagal mengambil events AxiosError: Request failed with status code 500
    at settle (file://D:/PROJECT/APLIKASI HABITAT/V2/habitat-saas/client/.next/dev/static/chunks/node_modules_0q8v79-._.js:3827:16)
    at XMLHttpRequest.onloadend (file://D:/PROJECT/APLIKASI HABITAT/V2/habitat-saas/client/.next/dev/static/chunks/node_modules_0q8v79-._.js:4450:174) (file://D:/PROJECT/APLIKASI HABITAT/V2/habitat-saas/client/.next/dev/static/chunks/src_0cl1tmx._.js:630:33)
[browser] Gagal mengambil data events: AxiosError: Request failed with status code 500
    at settle (file://D:/PROJECT/APLIKASI HABITAT/V2/habitat-saas/client/.next/dev/static/chunks/node_modules_0q8v79-._.js:3827:16)
    at XMLHttpRequest.onloadend (file://D:/PROJECT/APLIKASI HABITAT/V2/habitat-saas/client/.next/dev/static/chunks/node_modules_0q8v79-._.js:4450:174) (file://D:/PROJECT/APLIKASI HABITAT/V2/habitat-saas/client/.next/dev/static/chunks/src_0cl1tmx._.js:153:29)
[browser] Gagal mengambil events AxiosError: Request failed with status code 500
    at settle (file://D:/PROJECT/APLIKASI HABITAT/V2/habitat-saas/client/.next/dev/static/chunks/node_modules_0q8v79-._.js:3827:16)
    at XMLHttpRequest.onloadend (file://D:/PROJECT/APLIKASI HABITAT/V2/habitat-saas/client/.next/dev/static/chunks/node_modules_0q8v79-._.js:4450:174) (file://D:/PROJECT/APLIKASI HABITAT/V2/habitat-saas/client/.next/dev/static/chunks/src_0cl1tmx._.js:630:33)
[browser] Gagal mengambil data events: AxiosError: Request failed with status code 500
    at settle (file://D:/PROJECT/APLIKASI HABITAT/V2/habitat-saas/client/.next/dev/static/chunks/node_modules_0q8v79-._.js:3827:16)
    at XMLHttpRequest.onloadend (file://D:/PROJECT/APLIKASI HABITAT/V2/habitat-saas/client/.next/dev/static/chunks/node_modules_0q8v79-._.js:4450:174) (file://D:/PROJECT/APLIKASI HABITAT/V2/habitat-saas/client/.next/dev/static/chunks/src_0cl1tmx._.js:153:29)
✓ Compiled in 88ms
 GET /dashboard 200 in 94ms (next.js: 55ms, application-code: 39ms)
✓ Compiled in 2.3s
 GET /dashboard 200 in 119ms (next.js: 46ms, application-code: 73ms)
 GET /dashboard 200 in 45ms (next.js: 3ms, application-code: 42ms)
 GET /dashboard 200 in 27ms (next.js: 3ms, application-code: 23ms)
 GET /dashboard 200 in 89ms (next.js: 60ms, application-code: 29ms)
✓ Compiled in 7.6s
 GET /dashboard 200 in 73ms (next.js: 46ms, application-code: 26ms)
 GET /dashboard 200 in 75ms (next.js: 48ms, application-code: 26ms)
✓ Compiled in 7.3s
 GET /dashboard 200 in 94ms (next.js: 45ms, application-code: 50ms)
 GET /dashboard 200 in 24ms (next.js: 3ms, application-code: 20ms)
✓ Finished filesystem cache database compaction in 10.0s
 GET /dashboard 200 in 437ms (next.js: 3ms, application-code: 434ms)
 GET /api/events 200 in 3.4s (next.js: 27ms, application-code: 3.4s)
 GET /api/events 200 in 226ms (next.js: 5ms, application-code: 220ms)
 GET /api/events 200 in 220ms (next.js: 1499µs, application-code: 218ms)
 GET /api/budgets/c6906ca4-f764-4807-ba64-e70f2cb026dc 200 in 667ms (next.js: 6ms, application-code: 661ms)
 GET /api/budgets/c6906ca4-f764-4807-ba64-e70f2cb026dc 200 in 648ms (next.js: 5ms, application-code: 643ms)
 GET /api/budgets/c6906ca4-f764-4807-ba64-e70f2cb026dc 200 in 649ms (next.js: 5ms, application-code: 644ms)
[?25h
