
> client@0.1.0 dev
> next dev

▲ Next.js 16.2.9 (Turbopack)
- Local:         http://localhost:3000
- Network:       http://100.67.68.102:3000
- Environments: .env.local
✓ Ready in 374ms

 GET / 307 in 247ms (next.js: 137ms, application-code: 110ms)
 GET /dashboard/invoice 200 in 145ms (next.js: 52ms, application-code: 93ms)
 GET /api/settings/promoter 500 in 617ms (next.js: 588ms, application-code: 29ms)
 GET /api/invoices 500 in 562ms (next.js: 532ms, application-code: 30ms)
 GET /api/sponsor/deals 200 in 3.6s (next.js: 532ms, application-code: 3.1s)
 POST /api/settings/promoter 500 in 25ms (next.js: 7ms, application-code: 18ms)
 POST /api/settings/promoter 500 in 14ms (next.js: 6ms, application-code: 8ms)
 POST /api/settings/promoter 500 in 13ms (next.js: 6ms, application-code: 7ms)
 POST /api/invoices/generate 500 in 1921ms (next.js: 6ms, application-code: 1914ms)
 GET /dashboard/invoice 200 in 40ms (next.js: 3ms, application-code: 37ms)
 GET /dashboard/invoice 200 in 39ms (next.js: 3ms, application-code: 37ms)
 GET /api/settings/promoter 200 in 4.9s (next.js: 6ms, application-code: 4.9s)
 GET /api/invoices 200 in 4.9s (next.js: 2ms, application-code: 4.9s)
 GET /api/settings/promoter 200 in 1357ms (next.js: 6ms, application-code: 1350ms)
 GET /api/sponsor/deals 200 in 5.3s (next.js: 7ms, application-code: 5.3s)
 GET /api/sponsor/deals 200 in 2.2s (next.js: 1660µs, application-code: 2.2s)
 GET /api/invoices 200 in 2.7s (next.js: 11ms, application-code: 2.7s)
 POST /api/settings/promoter 200 in 241ms (next.js: 6ms, application-code: 235ms)
 POST /api/invoices/generate 200 in 2.7s (next.js: 6ms, application-code: 2.7s)
 GET /api/invoices 200 in 200ms (next.js: 6ms, application-code: 194ms)
○ Compiling /api/pdf ...
 GET /api/pdf?path=%2Fpublic%2Finvoices%2Fcmqqkwddw000160tpmoky6wgp.pdf 200 in 10.2s (next.js: 10.2s, application-code: 9ms)
 GET / 307 in 128ms (next.js: 51ms, application-code: 77ms)
 GET /login 200 in 78ms (next.js: 21ms, application-code: 57ms)
 POST /api/auth/login 200 in 2.2s (next.js: 35ms, application-code: 2.1s)
 GET /dashboard 200 in 102ms (next.js: 54ms, application-code: 48ms)
 GET /api/events 200 in 255ms (next.js: 5ms, application-code: 249ms)
 GET /api/events 200 in 243ms (next.js: 1764µs, application-code: 242ms)
 GET /api/events 200 in 242ms (next.js: 1790µs, application-code: 241ms)
 GET /api/events 200 in 246ms (next.js: 5ms, application-code: 241ms)
 GET /api/events 200 in 248ms (next.js: 1683µs, application-code: 246ms)
 GET /api/events 200 in 250ms (next.js: 1746µs, application-code: 248ms)
 GET /api/invoices 200 in 1687ms (next.js: 10ms, application-code: 1677ms)
 GET /api/invoices 200 in 246ms (next.js: 5ms, application-code: 241ms)
 GET /api/sponsor/deals 200 in 2.6s (next.js: 5ms, application-code: 2.6s)
 GET /api/budgets/c6906ca4-f764-4807-ba64-e70f2cb026dc 200 in 2.2s (next.js: 1442µs, application-code: 2.2s)
 GET /api/sponsor/deals 200 in 714ms (next.js: 5ms, application-code: 709ms)
 GET /api/budgets/c6906ca4-f764-4807-ba64-e70f2cb026dc 200 in 720ms (next.js: 1811µs, application-code: 718ms)
 GET /api/budgets/c6906ca4-f764-4807-ba64-e70f2cb026dc 200 in 726ms (next.js: 5ms, application-code: 721ms)
 GET /api/budgets/c6906ca4-f764-4807-ba64-e70f2cb026dc 200 in 2.1s (next.js: 6ms, application-code: 2.1s)
 GET /api/budgets/c6906ca4-f764-4807-ba64-e70f2cb026dc 200 in 1042ms (next.js: 6ms, application-code: 1036ms)
 GET /api/budgets/c6906ca4-f764-4807-ba64-e70f2cb026dc 200 in 1487ms (next.js: 6ms, application-code: 1481ms)
 GET /dashboard/invoice 200 in 98ms (next.js: 59ms, application-code: 39ms)
 GET /api/budgets/c6906ca4-f764-4807-ba64-e70f2cb026dc 200 in 721ms (next.js: 6ms, application-code: 715ms)
 GET /api/invoices 200 in 1654ms (next.js: 1393µs, application-code: 1653ms)
 GET /api/invoices 200 in 246ms (next.js: 5ms, application-code: 240ms)
 GET /api/settings/promoter 200 in 2.2s (next.js: 1461µs, application-code: 2.2s)
 GET /api/sponsor/deals 200 in 2.6s (next.js: 1360µs, application-code: 2.6s)
 GET /api/sponsor/deals 200 in 723ms (next.js: 5ms, application-code: 718ms)
 GET /api/settings/promoter 200 in 1352ms (next.js: 1704µs, application-code: 1351ms)
 POST /api/invoices/generate 200 in 1700ms (next.js: 5ms, application-code: 1695ms)
 GET /api/invoices 200 in 246ms (next.js: 5ms, application-code: 240ms)
 GET /api/invoices 200 in 254ms (next.js: 6ms, application-code: 248ms)
 GET /api/invoices 200 in 246ms (next.js: 1616µs, application-code: 245ms)
 GET /api/sponsor/deals 200 in 2.9s (next.js: 11ms, application-code: 2.8s)
 GET /api/events 200 in 3.2s (next.js: 14ms, application-code: 3.2s)
 GET /api/events 200 in 247ms (next.js: 1730µs, application-code: 245ms)
 GET /api/sponsor/deals 200 in 1110ms (next.js: 6ms, application-code: 1105ms)
 GET /api/events 200 in 622ms (next.js: 1820µs, application-code: 620ms)
 GET /api/budgets/c6906ca4-f764-4807-ba64-e70f2cb026dc 200 in 713ms (next.js: 1423µs, application-code: 711ms)
 GET /api/events 200 in 250ms (next.js: 5ms, application-code: 244ms)
 GET /api/events 200 in 247ms (next.js: 1726µs, application-code: 245ms)
 GET /api/budgets/c6906ca4-f764-4807-ba64-e70f2cb026dc 200 in 1003ms (next.js: 1491µs, application-code: 1002ms)
 GET /api/events 200 in 589ms (next.js: 1758µs, application-code: 588ms)
 GET /api/budgets/c6906ca4-f764-4807-ba64-e70f2cb026dc 200 in 729ms (next.js: 5ms, application-code: 724ms)
 GET /dashboard/invoice 200 in 15ms (next.js: 3ms, application-code: 12ms)
 GET /api/settings/promoter 200 in 250ms (next.js: 5ms, application-code: 245ms)
 GET /api/invoices 200 in 240ms (next.js: 1550µs, application-code: 239ms)
 GET /api/invoices 200 in 246ms (next.js: 1838µs, application-code: 244ms)
 GET /api/settings/promoter 200 in 249ms (next.js: 5ms, application-code: 243ms)
 GET /api/sponsor/deals 200 in 2.7s (next.js: 1561µs, application-code: 2.7s)
 GET /api/sponsor/deals 200 in 723ms (next.js: 6ms, application-code: 717ms)
 PATCH /api/invoices/cmqqmy0h200002otp0ylphjxc/status 500 in 18ms (next.js: 6ms, application-code: 12ms)
 GET /api/invoices 200 in 249ms (next.js: 6ms, application-code: 243ms)
 GET /dashboard/invoice 200 in 113ms (next.js: 3ms, application-code: 111ms)
 GET /api/invoices 200 in 1743ms (next.js: 1783µs, application-code: 1741ms)
 GET /api/settings/promoter 200 in 2.3s (next.js: 6ms, application-code: 2.3s)
 GET /api/sponsor/deals 200 in 2.5s (next.js: 1430µs, application-code: 2.5s)
 PATCH /api/invoices/cmqqmy0h200002otp0ylphjxc/status 500 in 15ms (next.js: 6ms, application-code: 9ms)
 PATCH /api/invoices/cmqqmy0h200002otp0ylphjxc/status 500 in 15ms (next.js: 6ms, application-code: 9ms)
 GET /dashboard 200 in 19ms (next.js: 3ms, application-code: 16ms)
 GET /api/invoices 200 in 1691ms (next.js: 1806µs, application-code: 1689ms)
 GET /api/invoices 200 in 249ms (next.js: 5ms, application-code: 243ms)
 GET /api/events 200 in 2.3s (next.js: 5ms, application-code: 2.3s)
 GET /api/events 200 in 246ms (next.js: 5ms, application-code: 241ms)
 GET /api/events 200 in 243ms (next.js: 1692µs, application-code: 241ms)
 GET /api/events 200 in 243ms (next.js: 1675µs, application-code: 242ms)
 GET /api/events 200 in 246ms (next.js: 5ms, application-code: 241ms)
 GET /api/budgets/c6906ca4-f764-4807-ba64-e70f2cb026dc 200 in 724ms (next.js: 1581µs, application-code: 722ms)
 GET /api/sponsor/deals 200 in 3.8s (next.js: 6ms, application-code: 3.8s)
 GET /api/events 200 in 725ms (next.js: 1812µs, application-code: 723ms)
 GET /api/budgets/c6906ca4-f764-4807-ba64-e70f2cb026dc 200 in 722ms (next.js: 1636µs, application-code: 720ms)
 GET /api/sponsor/deals 200 in 1843ms (next.js: 5ms, application-code: 1838ms)
 GET /api/budgets/c6906ca4-f764-4807-ba64-e70f2cb026dc 200 in 1862ms (next.js: 5ms, application-code: 1857ms)
 GET /dashboard 200 in 1576ms (next.js: 578ms, application-code: 998ms)
 GET /dashboard 200 in 38ms (next.js: 4ms, application-code: 34ms)
 GET /api/events 200 in 2.6s (next.js: 505ms, application-code: 2.1s)
 GET /api/invoices 200 in 2.6s (next.js: 517ms, application-code: 2.1s)
 GET /api/events 200 in 223ms (next.js: 1829µs, application-code: 221ms)
 GET /api/events 200 in 223ms (next.js: 1631µs, application-code: 221ms)
 GET /api/budgets/c6906ca4-f764-4807-ba64-e70f2cb026dc 200 in 663ms (next.js: 1685µs, application-code: 662ms)
 GET /api/sponsor/deals 200 in 4.3s (next.js: 521ms, application-code: 3.7s)
 GET /api/budgets/c6906ca4-f764-4807-ba64-e70f2cb026dc 200 in 645ms (next.js: 5ms, application-code: 640ms)
 GET /dashboard/invoice 200 in 251ms (next.js: 217ms, application-code: 33ms)
 GET /api/budgets/c6906ca4-f764-4807-ba64-e70f2cb026dc 200 in 646ms (next.js: 7ms, application-code: 639ms)
 GET /api/invoices 200 in 223ms (next.js: 2ms, application-code: 221ms)
 GET /api/settings/promoter 200 in 234ms (next.js: 5ms, application-code: 228ms)
 GET /api/settings/promoter 200 in 221ms (next.js: 5ms, application-code: 216ms)
 GET /api/invoices 200 in 222ms (next.js: 1746µs, application-code: 220ms)
 GET /api/sponsor/deals 200 in 646ms (next.js: 1346µs, application-code: 644ms)
 GET /api/sponsor/deals 200 in 656ms (next.js: 5ms, application-code: 651ms)
 POST /api/invoices/generate 200 in 1820ms (next.js: 5ms, application-code: 1814ms)
 GET /api/invoices 200 in 227ms (next.js: 5ms, application-code: 221ms)
 GET /api/pdf?path=%2Fpublic%2Finvoices%2Fcmqrbn68x0000hwtp21fodyqj.pdf 200 in 236ms (next.js: 227ms, application-code: 9ms)
 DELETE /api/invoices/cmqqmy0h200002otp0ylphjxc 200 in 1708ms (next.js: 5ms, application-code: 1703ms)
 DELETE /api/invoices/cmqqkwddw000160tpmoky6wgp 200 in 435ms (next.js: 5ms, application-code: 430ms)
 GET /dashboard 200 in 13ms (next.js: 3ms, application-code: 11ms)
 GET /api/events 200 in 222ms (next.js: 5ms, application-code: 217ms)
 GET /api/events 200 in 218ms (next.js: 1679µs, application-code: 216ms)
 GET /api/events 200 in 219ms (next.js: 3ms, application-code: 217ms)
 GET /api/events 200 in 222ms (next.js: 5ms, application-code: 217ms)
 GET /api/events 200 in 217ms (next.js: 1611µs, application-code: 216ms)
 GET /api/events 200 in 217ms (next.js: 1637µs, application-code: 216ms)
 GET /api/invoices 200 in 1476ms (next.js: 1549µs, application-code: 1474ms)
 GET /api/invoices 200 in 220ms (next.js: 5ms, application-code: 215ms)
 GET /api/sponsor/deals 200 in 1929ms (next.js: 1314µs, application-code: 1928ms)
 GET /api/sponsor/deals 200 in 647ms (next.js: 1540µs, application-code: 645ms)
 GET /api/budgets/c6906ca4-f764-4807-ba64-e70f2cb026dc 200 in 1921ms (next.js: 1588µs, application-code: 1919ms)
 GET /api/budgets/c6906ca4-f764-4807-ba64-e70f2cb026dc 200 in 648ms (next.js: 5ms, application-code: 643ms)
 GET /api/budgets/c6906ca4-f764-4807-ba64-e70f2cb026dc 200 in 648ms (next.js: 5ms, application-code: 643ms)
 GET /dashboard/invoice 200 in 15ms (next.js: 3ms, application-code: 12ms)
 GET /api/settings/promoter 200 in 1484ms (next.js: 5ms, application-code: 1479ms)
 GET /api/invoices 200 in 1511ms (next.js: 1896µs, application-code: 1509ms)
 GET /api/settings/promoter 200 in 221ms (next.js: 5ms, application-code: 215ms)
 GET /api/invoices 200 in 221ms (next.js: 1521µs, application-code: 220ms)
 GET /api/sponsor/deals 200 in 3.2s (next.js: 1499µs, application-code: 3.2s)
 GET /api/sponsor/deals 200 in 653ms (next.js: 5ms, application-code: 648ms)
 PATCH /api/invoices/cmqrbn68x0000hwtp21fodyqj/status 200 in 229ms (next.js: 5ms, application-code: 224ms)
 PATCH /api/invoices/cmqrbn68x0000hwtp21fodyqj/status 200 in 229ms (next.js: 5ms, application-code: 224ms)
 GET /dashboard 200 in 13ms (next.js: 3ms, application-code: 10ms)
 GET /api/events 200 in 229ms (next.js: 5ms, application-code: 224ms)
 GET /api/invoices 200 in 219ms (next.js: 1677µs, application-code: 218ms)
 GET /api/events 200 in 222ms (next.js: 1585µs, application-code: 220ms)
 GET /api/invoices 200 in 218ms (next.js: 1479µs, application-code: 216ms)
 GET /api/events 200 in 218ms (next.js: 1495µs, application-code: 217ms)
 GET /api/events 200 in 222ms (next.js: 5ms, application-code: 217ms)
 GET /api/events 200 in 218ms (next.js: 1645µs, application-code: 217ms)
 GET /api/budgets/c6906ca4-f764-4807-ba64-e70f2cb026dc 200 in 651ms (next.js: 1545µs, application-code: 650ms)
 GET /api/events 200 in 218ms (next.js: 1563µs, application-code: 216ms)
 GET /api/sponsor/deals 200 in 1910ms (next.js: 1326µs, application-code: 1909ms)
 GET /api/sponsor/deals 200 in 652ms (next.js: 5ms, application-code: 647ms)
 GET /api/budgets/c6906ca4-f764-4807-ba64-e70f2cb026dc 200 in 641ms (next.js: 1667µs, application-code: 639ms)
 GET /api/budgets/c6906ca4-f764-4807-ba64-e70f2cb026dc 200 in 644ms (next.js: 5ms, application-code: 639ms)
✓ Compiled in 27.9s
 GET /dashboard 200 in 993ms (next.js: 961ms, application-code: 31ms)
 GET /dashboard 200 in 17ms (next.js: 3ms, application-code: 15ms)
 GET /dashboard 200 in 22ms (next.js: 3ms, application-code: 19ms)
 GET /api/events 200 in 1768ms (next.js: 28ms, application-code: 1740ms)
 GET /api/invoices 200 in 1770ms (next.js: 37ms, application-code: 1734ms)
 GET /api/sponsor/deals 200 in 3.4s (next.js: 1382µs, application-code: 3.4s)
 GET /api/budgets/c6906ca4-f764-4807-ba64-e70f2cb026dc 200 in 652ms (next.js: 5ms, application-code: 646ms)
 GET /api/budgets/c6906ca4-f764-4807-ba64-e70f2cb026dc 200 in 650ms (next.js: 5ms, application-code: 645ms)
✓ Compiled in 50ms
 GET /dashboard 200 in 80ms (next.js: 54ms, application-code: 26ms)
 GET /dashboard 200 in 130ms (next.js: 3ms, application-code: 127ms)
 GET /api/events 200 in 1632ms (next.js: 29ms, application-code: 1603ms)
 GET /api/invoices 200 in 1633ms (next.js: 41ms, application-code: 1592ms)
 GET /api/events 200 in 221ms (next.js: 5ms, application-code: 216ms)
 GET /api/sponsor/deals 200 in 2.1s (next.js: 37ms, application-code: 2.0s)
 GET /api/events 200 in 219ms (next.js: 1761µs, application-code: 217ms)
 GET /api/budgets/c6906ca4-f764-4807-ba64-e70f2cb026dc 200 in 641ms (next.js: 1617µs, application-code: 640ms)
 GET /api/budgets/c6906ca4-f764-4807-ba64-e70f2cb026dc 200 in 646ms (next.js: 5ms, application-code: 641ms)
 GET /api/budgets/c6906ca4-f764-4807-ba64-e70f2cb026dc 200 in 645ms (next.js: 5ms, application-code: 640ms)
 PATCH /api/invoices/cmqrbn68x0000hwtp21fodyqj/status 200 in 230ms (next.js: 9ms, application-code: 220ms)
 PATCH /api/invoices/cmqrbn68x0000hwtp21fodyqj/status 200 in 228ms (next.js: 5ms, application-code: 222ms)
 GET /api/pdf?path=%2Fpublic%2Finvoices%2Fcmqrbn68x0000hwtp21fodyqj.pdf 200 in 24ms (next.js: 17ms, application-code: 6ms)
 GET /dashboard/invoice 200 in 29ms (next.js: 11ms, application-code: 18ms)
 GET /api/invoices 200 in 1522ms (next.js: 10ms, application-code: 1511ms)
 GET /api/settings/promoter 200 in 1530ms (next.js: 6ms, application-code: 1524ms)
 GET /api/invoices 200 in 220ms (next.js: 5ms, application-code: 215ms)
 GET /api/sponsor/deals 200 in 1968ms (next.js: 1346µs, application-code: 1967ms)
 GET /api/sponsor/deals 200 in 638ms (next.js: 1809µs, application-code: 636ms)
 GET /api/settings/promoter 200 in 1572ms (next.js: 9ms, application-code: 1562ms)
 DELETE /api/invoices/cmqrbn68x0000hwtp21fodyqj 200 in 448ms (next.js: 6ms, application-code: 442ms)
 POST /api/invoices/generate 200 in 1541ms (next.js: 5ms, application-code: 1536ms)
 GET /api/invoices 200 in 227ms (next.js: 5ms, application-code: 222ms)
 GET /dashboard 200 in 15ms (next.js: 3ms, application-code: 12ms)
 GET /api/events 200 in 227ms (next.js: 5ms, application-code: 222ms)
 GET /api/events 200 in 222ms (next.js: 1693µs, application-code: 220ms)
 GET /api/events 200 in 223ms (next.js: 1614µs, application-code: 221ms)
 GET /api/events 200 in 226ms (next.js: 5ms, application-code: 221ms)
 GET /api/events 200 in 224ms (next.js: 1787µs, application-code: 222ms)
 GET /api/events 200 in 223ms (next.js: 1597µs, application-code: 222ms)
 GET /api/invoices 200 in 1622ms (next.js: 1909µs, application-code: 1620ms)
 GET /api/invoices 200 in 223ms (next.js: 5ms, application-code: 218ms)
 GET /api/sponsor/deals 200 in 2.0s (next.js: 1272µs, application-code: 2.0s)
 GET /api/budgets/c6906ca4-f764-4807-ba64-e70f2cb026dc 200 in 1913ms (next.js: 1758µs, application-code: 1911ms)
 GET /api/sponsor/deals 200 in 648ms (next.js: 1621µs, application-code: 647ms)
 GET /api/budgets/c6906ca4-f764-4807-ba64-e70f2cb026dc 200 in 650ms (next.js: 5ms, application-code: 645ms)
 GET /api/budgets/c6906ca4-f764-4807-ba64-e70f2cb026dc 200 in 649ms (next.js: 6ms, application-code: 644ms)
 GET /api/budgets/c6906ca4-f764-4807-ba64-e70f2cb026dc 200 in 653ms (next.js: 8ms, application-code: 644ms)
 GET /api/budgets/c6906ca4-f764-4807-ba64-e70f2cb026dc 200 in 648ms (next.js: 5ms, application-code: 643ms)
✓ Compiled in 50ms
 GET /dashboard 200 in 84ms (next.js: 57ms, application-code: 28ms)
 GET /dashboard 200 in 119ms (next.js: 3ms, application-code: 117ms)
 GET /api/events 200 in 1666ms (next.js: 28ms, application-code: 1638ms)
 GET /api/invoices 200 in 1667ms (next.js: 36ms, application-code: 1630ms)
 GET /api/events 200 in 224ms (next.js: 5ms, application-code: 219ms)
 GET /api/events 200 in 221ms (next.js: 1835µs, application-code: 219ms)
 GET /api/budgets/c6906ca4-f764-4807-ba64-e70f2cb026dc 200 in 650ms (next.js: 1947µs, application-code: 649ms)
 GET /api/sponsor/deals 200 in 3.4s (next.js: 40ms, application-code: 3.3s)
 GET /api/budgets/c6906ca4-f764-4807-ba64-e70f2cb026dc 200 in 647ms (next.js: 5ms, application-code: 641ms)
 GET /api/budgets/c6906ca4-f764-4807-ba64-e70f2cb026dc 200 in 648ms (next.js: 5ms, application-code: 642ms)
 GET /api/budgets/c6906ca4-f764-4807-ba64-e70f2cb026dc 200 in 647ms (next.js: 5ms, application-code: 642ms)
 GET /api/budgets/c6906ca4-f764-4807-ba64-e70f2cb026dc 200 in 646ms (next.js: 5ms, application-code: 641ms)
 PATCH /api/invoices/cmqrc5rfr0001hwtpwf43qf6a/status 200 in 1496ms (next.js: 5ms, application-code: 1491ms)
 GET /api/budgets/c6906ca4-f764-4807-ba64-e70f2cb026dc 200 in 648ms (next.js: 5ms, application-code: 642ms)
 GET /api/budgets/c6906ca4-f764-4807-ba64-e70f2cb026dc 200 in 645ms (next.js: 5ms, application-code: 640ms)
 GET /api/pdf?path=%2Fpublic%2Finvoices%2Fcmqrc5rfr0001hwtpwf43qf6a.pdf 200 in 33ms (next.js: 18ms, application-code: 15ms)
 GET /dashboard/invoice 200 in 24ms (next.js: 10ms, application-code: 14ms)
 GET /api/settings/promoter 200 in 1476ms (next.js: 6ms, application-code: 1471ms)
 GET /api/invoices 200 in 1477ms (next.js: 10ms, application-code: 1467ms)
 GET /api/settings/promoter 200 in 194ms (next.js: 5ms, application-code: 189ms)
 GET /api/sponsor/deals 200 in 1849ms (next.js: 14ms, application-code: 1835ms)
 GET /api/sponsor/deals 200 in 562ms (next.js: 1797µs, application-code: 560ms)
 GET /api/invoices 200 in 1309ms (next.js: 9ms, application-code: 1300ms)
 DELETE /api/invoices/cmqrc5rfr0001hwtpwf43qf6a 200 in 416ms (next.js: 5ms, application-code: 411ms)
 POST /api/invoices/generate 200 in 1839ms (next.js: 5ms, application-code: 1834ms)
 GET /api/invoices 200 in 196ms (next.js: 5ms, application-code: 191ms)
 GET /api/pdf?path=%2Fpublic%2Finvoices%2Fcmqrd0hmp0000kgtpo0xi6yr6.pdf 200 in 7ms (next.js: 2ms, application-code: 5ms)
 GET /dashboard/sponsor 200 in 1680ms (next.js: 1033ms, application-code: 647ms)
 GET /api/events 200 in 2.3s (next.js: 807ms, application-code: 1540ms)
 GET /api/sponsor/thresholds 200 in 1508ms (next.js: 2ms, application-code: 1506ms)
 GET /api/sponsor/benefits 200 in 1508ms (next.js: 9ms, application-code: 1499ms)
 GET /api/sponsor/thresholds 200 in 494ms (next.js: 1382µs, application-code: 493ms)
 GET /api/sponsor/deals 200 in 3.0s (next.js: 834ms, application-code: 2.1s)
 GET /api/settings/promoter 200 in 2.1s (next.js: 6ms, application-code: 2.1s)
 GET /api/sponsor/packages 200 in 2.1s (next.js: 13ms, application-code: 2.1s)
 GET /dashboard 200 in 312ms (next.js: 237ms, application-code: 75ms)
 GET /api/invoices/deal/5060cf03-97f0-4fef-8bc5-501b0a2db59b 200 in 202ms (next.js: 5ms, application-code: 197ms)
 GET /api/sponsor/packages 200 in 586ms (next.js: 1458µs, application-code: 585ms)
 GET /api/sponsor/deliverables?dealId=5060cf03-97f0-4fef-8bc5-501b0a2db59b 200 in 758ms (next.js: 1622µs, application-code: 757ms)
 GET /api/sponsor/deliverables?dealId=d17bf1c0-8cbe-4978-9c0b-055b30725c32 200 in 749ms (next.js: 1887µs, application-code: 748ms)
 GET /api/invoices/deal/d17bf1c0-8cbe-4978-9c0b-055b30725c32 200 in 193ms (next.js: 1588µs, application-code: 192ms)
 GET /api/invoices/deal/547e8599-a3b8-4105-b040-56930e8c98b4 200 in 196ms (next.js: 5ms, application-code: 191ms)
 GET /api/invoices/deal/a99c3630-f219-44fa-8402-03e0397aeb4f 200 in 191ms (next.js: 1707µs, application-code: 189ms)
 GET /api/invoices/deal/460ac65d-5400-4089-9bb6-cec40bc127b5 200 in 1288ms (next.js: 9ms, application-code: 1279ms)
 GET /api/sponsor/deliverables?dealId=547e8599-a3b8-4105-b040-56930e8c98b4 200 in 780ms (next.js: 1353µs, application-code: 779ms)
 GET /api/invoices/deal/3b7bf05e-9474-4089-8644-0301fad455c9 200 in 190ms (next.js: 5ms, application-code: 185ms)
 GET /api/sponsor/deliverables?dealId=a99c3630-f219-44fa-8402-03e0397aeb4f 200 in 747ms (next.js: 1457µs, application-code: 745ms)
 GET /api/invoices/deal/fff5f5f9-a4a1-4247-b4be-a968f2bca77b 200 in 196ms (next.js: 5ms, application-code: 191ms)
 GET /api/sponsor/deliverables?dealId=460ac65d-5400-4089-9bb6-cec40bc127b5 200 in 1861ms (next.js: 5ms, application-code: 1856ms)
 GET /api/sponsor/deliverables?dealId=3b7bf05e-9474-4089-8644-0301fad455c9 200 in 748ms (next.js: 1312µs, application-code: 746ms)
 GET /api/invoices/deal/7de4ad9b-dbb8-4704-b7c1-a83e937009b8 200 in 200ms (next.js: 1487µs, application-code: 199ms)
 GET /api/sponsor/deliverables?dealId=fff5f5f9-a4a1-4247-b4be-a968f2bca77b 200 in 742ms (next.js: 1661µs, application-code: 740ms)
 GET /api/invoices/deal/f8ac7984-61dd-496d-a4ec-e91ec10a2314 200 in 199ms (next.js: 1464µs, application-code: 197ms)
 GET /api/invoices/deal/a7cb4fcd-177d-4567-8d55-b053c3067a7f 200 in 193ms (next.js: 5ms, application-code: 188ms)
 GET /api/sponsor/deliverables?dealId=7de4ad9b-dbb8-4704-b7c1-a83e937009b8 200 in 737ms (next.js: 1629µs, application-code: 735ms)
 GET /api/invoices/deal/8729fe56-41e2-43ec-938e-134f249c730f 200 in 189ms (next.js: 1648µs, application-code: 188ms)
 GET /api/sponsor/deliverables?dealId=f8ac7984-61dd-496d-a4ec-e91ec10a2314 200 in 749ms (next.js: 1736µs, application-code: 747ms)
 GET /api/invoices/deal/46c46bfe-02f6-492d-afb6-e1f67ea8f91b 200 in 190ms (next.js: 1686µs, application-code: 189ms)
 GET /api/sponsor/deliverables?dealId=a7cb4fcd-177d-4567-8d55-b053c3067a7f 200 in 749ms (next.js: 1446µs, application-code: 748ms)
 GET /api/invoices 200 in 191ms (next.js: 1812µs, application-code: 189ms)
 GET /api/events 200 in 192ms (next.js: 1196µs, application-code: 191ms)
 GET /api/sponsor/deliverables?dealId=8729fe56-41e2-43ec-938e-134f249c730f 200 in 798ms (next.js: 5ms, application-code: 793ms)
 GET /api/invoices/deal/5060cf03-97f0-4fef-8bc5-501b0a2db59b 200 in 188ms (next.js: 1545µs, application-code: 186ms)
 GET /api/sponsor/deliverables?dealId=46c46bfe-02f6-492d-afb6-e1f67ea8f91b 200 in 736ms (next.js: 1310µs, application-code: 735ms)
 GET /api/invoices/deal/d17bf1c0-8cbe-4978-9c0b-055b30725c32 200 in 192ms (next.js: 1619µs, application-code: 190ms)
 GET /api/invoices/deal/547e8599-a3b8-4105-b040-56930e8c98b4 200 in 189ms (next.js: 1535µs, application-code: 188ms)
 GET /api/sponsor/deals 200 in 569ms (next.js: 6ms, application-code: 563ms)
 GET /api/invoices/deal/a99c3630-f219-44fa-8402-03e0397aeb4f 200 in 187ms (next.js: 1595µs, application-code: 186ms)
 GET /api/invoices/deal/460ac65d-5400-4089-9bb6-cec40bc127b5 200 in 195ms (next.js: 5ms, application-code: 190ms)
 GET /api/invoices/deal/3b7bf05e-9474-4089-8644-0301fad455c9 200 in 188ms (next.js: 1924µs, application-code: 186ms)
 GET /api/sponsor/deliverables?dealId=d17bf1c0-8cbe-4978-9c0b-055b30725c32 200 in 735ms (next.js: 1551µs, application-code: 734ms)
 GET /api/sponsor/deliverables?dealId=5060cf03-97f0-4fef-8bc5-501b0a2db59b 200 in 783ms (next.js: 1532µs, application-code: 782ms)
 GET /api/invoices/deal/fff5f5f9-a4a1-4247-b4be-a968f2bca77b 200 in 189ms (next.js: 1662µs, application-code: 187ms)
 GET /api/invoices/deal/7de4ad9b-dbb8-4704-b7c1-a83e937009b8 200 in 188ms (next.js: 1720µs, application-code: 186ms)
 GET /api/sponsor/deliverables?dealId=547e8599-a3b8-4105-b040-56930e8c98b4 200 in 746ms (next.js: 2ms, application-code: 743ms)
 GET /api/sponsor/deliverables?dealId=a99c3630-f219-44fa-8402-03e0397aeb4f 200 in 749ms (next.js: 1257µs, application-code: 748ms)
 GET /api/invoices/deal/f8ac7984-61dd-496d-a4ec-e91ec10a2314 200 in 191ms (next.js: 1580µs, application-code: 189ms)
 GET /api/invoices/deal/a7cb4fcd-177d-4567-8d55-b053c3067a7f 200 in 192ms (next.js: 1408µs, application-code: 190ms)
 GET /api/sponsor/deliverables?dealId=3b7bf05e-9474-4089-8644-0301fad455c9 200 in 746ms (next.js: 1603µs, application-code: 745ms)
 GET /api/sponsor/deliverables?dealId=460ac65d-5400-4089-9bb6-cec40bc127b5 200 in 790ms (next.js: 1842µs, application-code: 788ms)
 GET /api/sponsor/deliverables?dealId=fff5f5f9-a4a1-4247-b4be-a968f2bca77b 200 in 756ms (next.js: 5ms, application-code: 751ms)
 GET /api/invoices/deal/8729fe56-41e2-43ec-938e-134f249c730f 200 in 192ms (next.js: 5ms, application-code: 187ms)
 GET /api/invoices/deal/46c46bfe-02f6-492d-afb6-e1f67ea8f91b 200 in 187ms (next.js: 1799µs, application-code: 186ms)
 GET /api/invoices 200 in 188ms (next.js: 1432µs, application-code: 187ms)
 GET /api/sponsor/deliverables?dealId=7de4ad9b-dbb8-4704-b7c1-a83e937009b8 200 in 749ms (next.js: 1655µs, application-code: 747ms)
 GET /api/sponsor/deliverables?dealId=f8ac7984-61dd-496d-a4ec-e91ec10a2314 200 in 748ms (next.js: 1539µs, application-code: 747ms)
 GET /api/events 200 in 598ms (next.js: 1691µs, application-code: 596ms)
 GET /api/sponsor/deliverables?dealId=a7cb4fcd-177d-4567-8d55-b053c3067a7f 200 in 775ms (next.js: 1211µs, application-code: 774ms)
 GET /api/events 200 in 193ms (next.js: 1455µs, application-code: 191ms)
 GET /api/sponsor/deliverables?dealId=8729fe56-41e2-43ec-938e-134f249c730f 200 in 745ms (next.js: 1715µs, application-code: 743ms)
 GET /api/sponsor/deliverables?dealId=46c46bfe-02f6-492d-afb6-e1f67ea8f91b 200 in 745ms (next.js: 1367µs, application-code: 743ms)
 GET /api/events 200 in 190ms (next.js: 1594µs, application-code: 189ms)
 GET /api/sponsor/deals 200 in 569ms (next.js: 5ms, application-code: 564ms)
 GET /api/budgets/c6906ca4-f764-4807-ba64-e70f2cb026dc 200 in 555ms (next.js: 1408µs, application-code: 553ms)
 GET /api/events 200 in 193ms (next.js: 5ms, application-code: 188ms)
 GET /api/events 200 in 189ms (next.js: 1677µs, application-code: 187ms)
 GET /api/budgets/c6906ca4-f764-4807-ba64-e70f2cb026dc 200 in 550ms (next.js: 1381µs, application-code: 549ms)
 GET /api/budgets/c6906ca4-f764-4807-ba64-e70f2cb026dc 200 in 555ms (next.js: 5ms, application-code: 550ms)
 GET /dashboard/invoice 200 in 279ms (next.js: 239ms, application-code: 40ms)
 GET /api/settings/promoter 200 in 1317ms (next.js: 15ms, application-code: 1302ms)
 GET /api/invoices 200 in 1373ms (next.js: 12ms, application-code: 1361ms)
 GET /api/settings/promoter 200 in 195ms (next.js: 5ms, application-code: 190ms)
 GET /api/invoices 200 in 199ms (next.js: 1387µs, application-code: 198ms)
 GET /api/sponsor/deals 200 in 2.8s (next.js: 6ms, application-code: 2.8s)
 GET /api/sponsor/deals 200 in 583ms (next.js: 5ms, application-code: 578ms)
 DELETE /api/invoices/cmqrd0hmp0000kgtpo0xi6yr6 200 in 385ms (next.js: 1641µs, application-code: 383ms)
 POST /api/invoices/generate 500 in 1070ms (next.js: 5ms, application-code: 1065ms)
 POST /api/settings/promoter 200 in 206ms (next.js: 5ms, application-code: 201ms)
 GET /dashboard 200 in 15ms (next.js: 3ms, application-code: 13ms)
 GET /api/events 200 in 194ms (next.js: 5ms, application-code: 189ms)
 GET /api/events 200 in 191ms (next.js: 1728µs, application-code: 189ms)
 GET /api/invoices 200 in 194ms (next.js: 5ms, application-code: 189ms)
 GET /api/invoices 200 in 191ms (next.js: 1676µs, application-code: 189ms)
 GET /api/events 200 in 1296ms (next.js: 1579µs, application-code: 1295ms)
 GET /api/sponsor/deals 200 in 1651ms (next.js: 1644µs, application-code: 1650ms)
 GET /api/events 200 in 194ms (next.js: 5ms, application-code: 189ms)
 GET /api/events 200 in 191ms (next.js: 1620µs, application-code: 189ms)
 GET /api/budgets/c6906ca4-f764-4807-ba64-e70f2cb026dc 200 in 553ms (next.js: 1356µs, application-code: 551ms)
 GET /api/events 200 in 194ms (next.js: 5ms, application-code: 189ms)
 GET /api/budgets/c6906ca4-f764-4807-ba64-e70f2cb026dc 200 in 555ms (next.js: 1440µs, application-code: 553ms)
 GET /dashboard/invoice 200 in 15ms (next.js: 3ms, application-code: 12ms)
 GET /api/sponsor/deals 200 in 1664ms (next.js: 1411µs, application-code: 1663ms)
 GET /api/budgets/c6906ca4-f764-4807-ba64-e70f2cb026dc 200 in 557ms (next.js: 5ms, application-code: 552ms)
 GET /api/settings/promoter 200 in 190ms (next.js: 1752µs, application-code: 189ms)
 GET /api/settings/promoter 200 in 190ms (next.js: 1584µs, application-code: 189ms)
 GET /api/invoices 200 in 190ms (next.js: 1395µs, application-code: 189ms)
 GET /api/sponsor/deals 200 in 559ms (next.js: 5ms, application-code: 554ms)
 GET /api/invoices 200 in 193ms (next.js: 5ms, application-code: 189ms)
 GET /api/sponsor/deals 200 in 558ms (next.js: 1467µs, application-code: 557ms)
 POST /api/invoices/generate 500 in 2.2s (next.js: 5ms, application-code: 2.2s)
 POST /api/invoices/generate 500 in 2.0s (next.js: 6ms, application-code: 2.0s)
 GET /dashboard/sponsor 200 in 16ms (next.js: 3ms, application-code: 13ms)
 GET /api/events 200 in 198ms (next.js: 5ms, application-code: 193ms)
 GET /api/events 200 in 191ms (next.js: 1615µs, application-code: 190ms)
 GET /api/sponsor/benefits 200 in 1322ms (next.js: 9ms, application-code: 1313ms)
 GET /api/settings/promoter 200 in 1346ms (next.js: 7ms, application-code: 1339ms)
 GET /api/sponsor/thresholds 200 in 1333ms (next.js: 2ms, application-code: 1331ms)
 GET /api/sponsor/packages 200 in 1689ms (next.js: 13ms, application-code: 1676ms)
 GET /api/sponsor/deals 200 in 1710ms (next.js: 6ms, application-code: 1705ms)
 GET /api/sponsor/benefits 200 in 196ms (next.js: 6ms, application-code: 191ms)
 GET /api/settings/promoter 200 in 197ms (next.js: 10ms, application-code: 188ms)
 GET /api/sponsor/thresholds 200 in 206ms (next.js: 13ms, application-code: 193ms)
 GET /api/invoices/deal/5060cf03-97f0-4fef-8bc5-501b0a2db59b 200 in 191ms (next.js: 1395µs, application-code: 190ms)
 GET /api/sponsor/deliverables?dealId=5060cf03-97f0-4fef-8bc5-501b0a2db59b 200 in 746ms (next.js: 3ms, application-code: 743ms)
 GET /api/invoices/deal/d17bf1c0-8cbe-4978-9c0b-055b30725c32 200 in 192ms (next.js: 1791µs, application-code: 191ms)
 GET /api/sponsor/packages 200 in 1152ms (next.js: 1184µs, application-code: 1151ms)
 GET /api/sponsor/deliverables?dealId=d17bf1c0-8cbe-4978-9c0b-055b30725c32 200 in 754ms (next.js: 5ms, application-code: 750ms)
 GET /api/invoices/deal/547e8599-a3b8-4105-b040-56930e8c98b4 200 in 191ms (next.js: 1294µs, application-code: 190ms)
 GET /api/invoices/deal/460ac65d-5400-4089-9bb6-cec40bc127b5 200 in 1333ms (next.js: 1421µs, application-code: 1331ms)
 GET /api/sponsor/deals 200 in 1677ms (next.js: 1509µs, application-code: 1676ms)
 GET /api/invoices/deal/a99c3630-f219-44fa-8402-03e0397aeb4f 200 in 192ms (next.js: 1588µs, application-code: 190ms)
 GET /api/invoices/deal/3b7bf05e-9474-4089-8644-0301fad455c9 200 in 198ms (next.js: 7ms, application-code: 191ms)
 GET /api/sponsor/deliverables?dealId=547e8599-a3b8-4105-b040-56930e8c98b4 200 in 758ms (next.js: 5ms, application-code: 753ms)
 GET /api/sponsor/deliverables?dealId=460ac65d-5400-4089-9bb6-cec40bc127b5 200 in 1860ms (next.js: 1342µs, application-code: 1859ms)
 GET /api/sponsor/deliverables?dealId=a99c3630-f219-44fa-8402-03e0397aeb4f 200 in 746ms (next.js: 1492µs, application-code: 745ms)
 GET /api/sponsor/deliverables?dealId=3b7bf05e-9474-4089-8644-0301fad455c9 200 in 745ms (next.js: 1508µs, application-code: 744ms)
 GET /api/invoices/deal/fff5f5f9-a4a1-4247-b4be-a968f2bca77b 200 in 191ms (next.js: 1943µs, application-code: 189ms)
 GET /api/invoices/deal/7de4ad9b-dbb8-4704-b7c1-a83e937009b8 200 in 198ms (next.js: 5ms, application-code: 193ms)
 GET /api/sponsor/deliverables?dealId=fff5f5f9-a4a1-4247-b4be-a968f2bca77b 200 in 752ms (next.js: 1640µs, application-code: 750ms)
 GET /api/invoices/deal/f8ac7984-61dd-496d-a4ec-e91ec10a2314 200 in 193ms (next.js: 1629µs, application-code: 191ms)
 GET /api/invoices/deal/a7cb4fcd-177d-4567-8d55-b053c3067a7f 200 in 190ms (next.js: 1298µs, application-code: 188ms)
 GET /api/invoices/deal/8729fe56-41e2-43ec-938e-134f249c730f 200 in 194ms (next.js: 5ms, application-code: 189ms)
 GET /api/sponsor/deliverables?dealId=7de4ad9b-dbb8-4704-b7c1-a83e937009b8 200 in 761ms (next.js: 8ms, application-code: 753ms)
 GET /api/sponsor/deliverables?dealId=f8ac7984-61dd-496d-a4ec-e91ec10a2314 200 in 749ms (next.js: 5ms, application-code: 744ms)
 GET /api/invoices/deal/46c46bfe-02f6-492d-afb6-e1f67ea8f91b 200 in 197ms (next.js: 5ms, application-code: 192ms)
 GET /api/sponsor/deliverables?dealId=a7cb4fcd-177d-4567-8d55-b053c3067a7f 200 in 747ms (next.js: 1490µs, application-code: 745ms)
 GET /api/sponsor/thresholds 200 in 190ms (next.js: 1451µs, application-code: 189ms)
 GET /api/invoices/deal/5060cf03-97f0-4fef-8bc5-501b0a2db59b 200 in 193ms (next.js: 1638µs, application-code: 191ms)
 GET /api/sponsor/deliverables?dealId=8729fe56-41e2-43ec-938e-134f249c730f 200 in 746ms (next.js: 1826µs, application-code: 744ms)
 GET /api/invoices/deal/d17bf1c0-8cbe-4978-9c0b-055b30725c32 200 in 187ms (next.js: 1455µs, application-code: 186ms)
 GET /api/sponsor/deliverables?dealId=46c46bfe-02f6-492d-afb6-e1f67ea8f91b 200 in 747ms (next.js: 1877µs, application-code: 745ms)
 GET /api/invoices/deal/547e8599-a3b8-4105-b040-56930e8c98b4 200 in 195ms (next.js: 7ms, application-code: 188ms)
 GET /api/invoices/deal/460ac65d-5400-4089-9bb6-cec40bc127b5 200 in 191ms (next.js: 1552µs, application-code: 190ms)
 GET /api/invoices/deal/a99c3630-f219-44fa-8402-03e0397aeb4f 200 in 193ms (next.js: 1440µs, application-code: 191ms)
 GET /api/sponsor/packages 200 in 563ms (next.js: 1363µs, application-code: 561ms)
 GET /api/sponsor/deliverables?dealId=5060cf03-97f0-4fef-8bc5-501b0a2db59b 200 in 747ms (next.js: 1357µs, application-code: 745ms)
 GET /api/invoices/deal/3b7bf05e-9474-4089-8644-0301fad455c9 200 in 192ms (next.js: 1455µs, application-code: 191ms)
 GET /api/sponsor/deliverables?dealId=d17bf1c0-8cbe-4978-9c0b-055b30725c32 200 in 755ms (next.js: 1704µs, application-code: 753ms)
 GET /api/invoices/deal/fff5f5f9-a4a1-4247-b4be-a968f2bca77b 200 in 192ms (next.js: 1312µs, application-code: 191ms)
 GET /api/invoices/deal/7de4ad9b-dbb8-4704-b7c1-a83e937009b8 200 in 191ms (next.js: 1604µs, application-code: 189ms)
 GET /api/sponsor/deliverables?dealId=547e8599-a3b8-4105-b040-56930e8c98b4 200 in 746ms (next.js: 1722µs, application-code: 744ms)
 GET /api/sponsor/deliverables?dealId=460ac65d-5400-4089-9bb6-cec40bc127b5 200 in 748ms (next.js: 1675µs, application-code: 746ms)
 GET /api/sponsor/deliverables?dealId=a99c3630-f219-44fa-8402-03e0397aeb4f 200 in 745ms (next.js: 1607µs, application-code: 743ms)
 GET /api/invoices/deal/f8ac7984-61dd-496d-a4ec-e91ec10a2314 200 in 192ms (next.js: 1283µs, application-code: 191ms)
 GET /api/invoices/deal/a7cb4fcd-177d-4567-8d55-b053c3067a7f 200 in 187ms (next.js: 1240µs, application-code: 185ms)
 GET /api/invoices/deal/8729fe56-41e2-43ec-938e-134f249c730f 200 in 191ms (next.js: 1614µs, application-code: 189ms)
 GET /api/sponsor/deliverables?dealId=3b7bf05e-9474-4089-8644-0301fad455c9 200 in 750ms (next.js: 5ms, application-code: 745ms)
 GET /api/invoices/deal/46c46bfe-02f6-492d-afb6-e1f67ea8f91b 200 in 193ms (next.js: 1707µs, application-code: 191ms)
 GET /api/sponsor/thresholds 200 in 188ms (next.js: 1332µs, application-code: 186ms)
 GET /api/sponsor/deliverables?dealId=fff5f5f9-a4a1-4247-b4be-a968f2bca77b 200 in 747ms (next.js: 1752µs, application-code: 746ms)
 GET /api/sponsor/deliverables?dealId=7de4ad9b-dbb8-4704-b7c1-a83e937009b8 200 in 755ms (next.js: 5ms, application-code: 750ms)
 GET /api/sponsor/deliverables?dealId=f8ac7984-61dd-496d-a4ec-e91ec10a2314 200 in 745ms (next.js: 1686µs, application-code: 743ms)
 GET /api/sponsor/deliverables?dealId=a7cb4fcd-177d-4567-8d55-b053c3067a7f 200 in 746ms (next.js: 1200µs, application-code: 745ms)
 POST /api/sponsor/codes 201 in 393ms (next.js: 1521µs, application-code: 392ms)
 GET /api/sponsor/deliverables?dealId=8729fe56-41e2-43ec-938e-134f249c730f 200 in 749ms (next.js: 1630µs, application-code: 747ms)
 GET /api/sponsor/deliverables?dealId=46c46bfe-02f6-492d-afb6-e1f67ea8f91b 200 in 748ms (next.js: 5ms, application-code: 744ms)
 GET /api/sponsor/packages 200 in 563ms (next.js: 1706µs, application-code: 561ms)
 GET /sponsor-portal 200 in 1007ms (next.js: 565ms, application-code: 442ms)
 POST /api/sponsor/codes/validate 200 in 389ms (next.js: 6ms, application-code: 383ms)
 GET /api/sponsor/benefits 200 in 191ms (next.js: 1400µs, application-code: 190ms)
 GET /api/sponsor/packages 200 in 568ms (next.js: 5ms, application-code: 563ms)
 POST /api/sponsor/deals 201 in 2.8s (next.js: 6ms, application-code: 2.8s)
 GET /sponsor-dashboard 200 in 836ms (next.js: 516ms, application-code: 320ms)
 GET /dashboard/sponsor 200 in 46ms (next.js: 3ms, application-code: 44ms)
 GET /api/settings/promoter 200 in 1314ms (next.js: 5ms, application-code: 1308ms)
 GET /api/sponsor/benefits 200 in 1316ms (next.js: 1292µs, application-code: 1315ms)
 GET /api/sponsor/packages 200 in 1661ms (next.js: 1406µs, application-code: 1659ms)
 GET /api/events 200 in 1727ms (next.js: 5ms, application-code: 1721ms)
 GET /api/sponsor/deals 200 in 1732ms (next.js: 1533µs, application-code: 1731ms)
 GET /api/sponsor/thresholds 200 in 2.1s (next.js: 1373µs, application-code: 2.1s)
 GET /api/invoices/deal/5060cf03-97f0-4fef-8bc5-501b0a2db59b 200 in 198ms (next.js: 1427µs, application-code: 197ms)
 GET /api/sponsor/packages 200 in 569ms (next.js: 5ms, application-code: 563ms)
 GET /api/invoices/deal/d17bf1c0-8cbe-4978-9c0b-055b30725c32 200 in 191ms (next.js: 1891µs, application-code: 189ms)
 GET /api/sponsor/deliverables?dealId=5060cf03-97f0-4fef-8bc5-501b0a2db59b 200 in 748ms (next.js: 1879µs, application-code: 746ms)
 GET /api/invoices/deal/547e8599-a3b8-4105-b040-56930e8c98b4 200 in 193ms (next.js: 1412µs, application-code: 192ms)
 GET /api/sponsor/deliverables?dealId=d17bf1c0-8cbe-4978-9c0b-055b30725c32 200 in 778ms (next.js: 1685µs, application-code: 776ms)
 GET /api/invoices/deal/a99c3630-f219-44fa-8402-03e0397aeb4f 200 in 206ms (next.js: 1654µs, application-code: 205ms)
 GET /api/invoices/deal/460ac65d-5400-4089-9bb6-cec40bc127b5 200 in 1286ms (next.js: 1747µs, application-code: 1284ms)
 GET /api/sponsor/deliverables?dealId=547e8599-a3b8-4105-b040-56930e8c98b4 200 in 755ms (next.js: 5ms, application-code: 749ms)
 GET /api/invoices/deal/3b7bf05e-9474-4089-8644-0301fad455c9 200 in 195ms (next.js: 5ms, application-code: 190ms)
 GET /api/sponsor/deliverables?dealId=a99c3630-f219-44fa-8402-03e0397aeb4f 200 in 757ms (next.js: 1770µs, application-code: 755ms)
 GET /api/sponsor/deliverables?dealId=3b7bf05e-9474-4089-8644-0301fad455c9 200 in 778ms (next.js: 1539µs, application-code: 776ms)
 GET /api/sponsor/deliverables?dealId=460ac65d-5400-4089-9bb6-cec40bc127b5 200 in 1874ms (next.js: 1256µs, application-code: 1872ms)
 GET /api/invoices/deal/fff5f5f9-a4a1-4247-b4be-a968f2bca77b 200 in 193ms (next.js: 1757µs, application-code: 191ms)
 GET /api/invoices/deal/7de4ad9b-dbb8-4704-b7c1-a83e937009b8 200 in 194ms (next.js: 5ms, application-code: 189ms)
 GET /api/invoices/deal/a7cb4fcd-177d-4567-8d55-b053c3067a7f 200 in 195ms (next.js: 5ms, application-code: 189ms)
 GET /api/sponsor/deliverables?dealId=7de4ad9b-dbb8-4704-b7c1-a83e937009b8 200 in 757ms (next.js: 8ms, application-code: 748ms)
 GET /api/sponsor/deliverables?dealId=f8ac7984-61dd-496d-a4ec-e91ec10a2314 200 in 743ms (next.js: 1519µs, application-code: 741ms)
 GET /api/sponsor/deliverables?dealId=fff5f5f9-a4a1-4247-b4be-a968f2bca77b 200 in 783ms (next.js: 5ms, application-code: 777ms)
 GET /api/sponsor/deliverables?dealId=a7cb4fcd-177d-4567-8d55-b053c3067a7f 200 in 739ms (next.js: 1939µs, application-code: 737ms)
 GET /api/invoices/deal/46c46bfe-02f6-492d-afb6-e1f67ea8f91b 200 in 191ms (next.js: 1304µs, application-code: 190ms)
 GET /api/sponsor/thresholds 200 in 193ms (next.js: 1852µs, application-code: 191ms)
 GET /api/invoices/deal/f8ac7984-61dd-496d-a4ec-e91ec10a2314 200 in 1299ms (next.js: 1517µs, application-code: 1297ms)
 GET /api/invoices/deal/5060cf03-97f0-4fef-8bc5-501b0a2db59b 200 in 195ms (next.js: 6ms, application-code: 188ms)
 GET /api/sponsor/deliverables?dealId=8729fe56-41e2-43ec-938e-134f249c730f 200 in 750ms (next.js: 5ms, application-code: 745ms)
 GET /api/invoices/deal/8729fe56-41e2-43ec-938e-134f249c730f 200 in 603ms (next.js: 6ms, application-code: 597ms)
 GET /api/invoices/deal/d17bf1c0-8cbe-4978-9c0b-055b30725c32 200 in 193ms (next.js: 1850µs, application-code: 191ms)
 GET /api/invoices/deal/547e8599-a3b8-4105-b040-56930e8c98b4 200 in 193ms (next.js: 1196µs, application-code: 192ms)
 GET /api/sponsor/deliverables?dealId=46c46bfe-02f6-492d-afb6-e1f67ea8f91b 200 in 791ms (next.js: 2ms, application-code: 788ms)
 GET /api/invoices/deal/a99c3630-f219-44fa-8402-03e0397aeb4f 200 in 191ms (next.js: 1592µs, application-code: 190ms)
 GET /api/invoices/deal/460ac65d-5400-4089-9bb6-cec40bc127b5 200 in 200ms (next.js: 1947µs, application-code: 198ms)
 GET /api/invoices/deal/3b7bf05e-9474-4089-8644-0301fad455c9 200 in 199ms (next.js: 1563µs, application-code: 198ms)
 GET /api/sponsor/deliverables?dealId=5060cf03-97f0-4fef-8bc5-501b0a2db59b 200 in 748ms (next.js: 1347µs, application-code: 747ms)
 GET /api/sponsor/deliverables?dealId=d17bf1c0-8cbe-4978-9c0b-055b30725c32 200 in 753ms (next.js: 1281µs, application-code: 752ms)
 GET /api/invoices/deal/fff5f5f9-a4a1-4247-b4be-a968f2bca77b 200 in 191ms (next.js: 1298µs, application-code: 190ms)
 GET /api/sponsor/deliverables?dealId=a99c3630-f219-44fa-8402-03e0397aeb4f 200 in 736ms (next.js: 1470µs, application-code: 735ms)
 GET /api/sponsor/deliverables?dealId=547e8599-a3b8-4105-b040-56930e8c98b4 200 in 754ms (next.js: 5ms, application-code: 749ms)
 GET /api/invoices/deal/7de4ad9b-dbb8-4704-b7c1-a83e937009b8 200 in 197ms (next.js: 5ms, application-code: 192ms)
 GET /api/invoices/deal/a7cb4fcd-177d-4567-8d55-b053c3067a7f 200 in 188ms (next.js: 1436µs, application-code: 186ms)
 GET /api/sponsor/deliverables?dealId=3b7bf05e-9474-4089-8644-0301fad455c9 200 in 779ms (next.js: 1951µs, application-code: 777ms)
 GET /api/sponsor/deliverables?dealId=460ac65d-5400-4089-9bb6-cec40bc127b5 200 in 756ms (next.js: 1671µs, application-code: 754ms)
 GET /api/invoices/deal/46c46bfe-02f6-492d-afb6-e1f67ea8f91b 200 in 192ms (next.js: 1672µs, application-code: 190ms)
 GET /api/sponsor/deliverables?dealId=fff5f5f9-a4a1-4247-b4be-a968f2bca77b 200 in 751ms (next.js: 5ms, application-code: 746ms)
 GET /api/invoices/deal/f8ac7984-61dd-496d-a4ec-e91ec10a2314 200 in 195ms (next.js: 5ms, application-code: 190ms)
 GET /api/sponsor/deliverables?dealId=7de4ad9b-dbb8-4704-b7c1-a83e937009b8 200 in 739ms (next.js: 1743µs, application-code: 737ms)
 GET /api/sponsor/deliverables?dealId=f8ac7984-61dd-496d-a4ec-e91ec10a2314 200 in 749ms (next.js: 1201µs, application-code: 748ms)
 GET /api/sponsor/deliverables?dealId=a7cb4fcd-177d-4567-8d55-b053c3067a7f 200 in 779ms (next.js: 1590µs, application-code: 778ms)
 GET /api/invoices/deal/8729fe56-41e2-43ec-938e-134f249c730f 200 in 192ms (next.js: 1778µs, application-code: 191ms)
 PATCH /api/sponsor/deals/62587e31-3e8f-4836-8a4b-eaeff4ab5d21 200 in 2.2s (next.js: 1543µs, application-code: 2.2s)
 GET /api/sponsor/deliverables?dealId=8729fe56-41e2-43ec-938e-134f249c730f 200 in 746ms (next.js: 1472µs, application-code: 744ms)
 GET /api/sponsor/deliverables?dealId=46c46bfe-02f6-492d-afb6-e1f67ea8f91b 200 in 753ms (next.js: 1384µs, application-code: 751ms)
 POST /api/sponsor/accounts 201 in 1021ms (next.js: 5ms, application-code: 1016ms)
 GET /api/invoices/deal/62587e31-3e8f-4836-8a4b-eaeff4ab5d21 200 in 191ms (next.js: 1300µs, application-code: 190ms)
 GET /api/sponsor/deliverables?dealId=62587e31-3e8f-4836-8a4b-eaeff4ab5d21 200 in 759ms (next.js: 5ms, application-code: 754ms)
 GET /api/sponsor/deliverables?dealId=62587e31-3e8f-4836-8a4b-eaeff4ab5d21 200 in 759ms (next.js: 5ms, application-code: 754ms)
 POST /api/sponsor/accounts/verify 200 in 1375ms (next.js: 6ms, application-code: 1369ms)
 GET /api/invoices/deal/62587e31-3e8f-4836-8a4b-eaeff4ab5d21 200 in 197ms (next.js: 5ms, application-code: 192ms)
 GET /api/sponsor/thresholds 200 in 196ms (next.js: 5ms, application-code: 191ms)
 GET /api/invoices/deal/62587e31-3e8f-4836-8a4b-eaeff4ab5d21 200 in 194ms (next.js: 1757µs, application-code: 192ms)
 GET /api/sponsor/deliverables?dealId=62587e31-3e8f-4836-8a4b-eaeff4ab5d21 200 in 1938ms (next.js: 9ms, application-code: 1929ms)
 GET /api/sponsor/deliverables?dealId=62587e31-3e8f-4836-8a4b-eaeff4ab5d21 200 in 781ms (next.js: 5ms, application-code: 776ms)
 GET /api/sponsor/deliverables?dealId=62587e31-3e8f-4836-8a4b-eaeff4ab5d21 200 in 783ms (next.js: 6ms, application-code: 777ms)
 POST /api/invoices/generate 500 in 938ms (next.js: 5ms, application-code: 933ms)
 GET /dashboard/invoice 200 in 16ms (next.js: 3ms, application-code: 13ms)
 GET /api/invoices 200 in 1312ms (next.js: 5ms, application-code: 1307ms)
 GET /api/invoices 200 in 195ms (next.js: 5ms, application-code: 190ms)
 GET /api/sponsor/deals 200 in 2.8s (next.js: 9ms, application-code: 2.8s)
 GET /api/settings/promoter 200 in 2.4s (next.js: 1585µs, application-code: 2.4s)
 GET /api/settings/promoter 200 in 194ms (next.js: 5ms, application-code: 188ms)
 GET /api/sponsor/deals 200 in 564ms (next.js: 9ms, application-code: 555ms)
 GET /dashboard/invoice 200 in 142ms (next.js: 2ms, application-code: 139ms)
 GET /api/invoices 200 in 1541ms (next.js: 1819µs, application-code: 1539ms)
 GET /api/settings/promoter 200 in 1556ms (next.js: 6ms, application-code: 1550ms)
 GET /api/sponsor/deals 200 in 3.2s (next.js: 6ms, application-code: 3.2s)
 POST /api/invoices/generate 500 in 1080ms (next.js: 6ms, application-code: 1074ms)
 GET /dashboard/invoice 200 in 37ms (next.js: 3ms, application-code: 34ms)
 GET /api/settings/promoter 200 in 1385ms (next.js: 5ms, application-code: 1380ms)
 GET /api/invoices 200 in 2.6s (next.js: 1484µs, application-code: 2.6s)
 GET /api/sponsor/deals 200 in 2.9s (next.js: 5ms, application-code: 2.9s)
 POST /api/invoices/generate 200 in 1511ms (next.js: 6ms, application-code: 1505ms)
 GET /api/invoices 200 in 197ms (next.js: 5ms, application-code: 192ms)
 GET /api/pdf?path=%2Fpublic%2Finvoices%2Fcmqrncov70000m8tpm89px18v.pdf 200 in 196ms (next.js: 187ms, application-code: 9ms)
 GET /dashboard 200 in 19ms (next.js: 3ms, application-code: 16ms)
 GET /api/invoices 200 in 1334ms (next.js: 5ms, application-code: 1329ms)
 GET /api/sponsor/deals 200 in 1671ms (next.js: 1562µs, application-code: 1669ms)
 GET /api/events 200 in 1364ms (next.js: 1835µs, application-code: 1362ms)
 GET /api/events 200 in 192ms (next.js: 1152µs, application-code: 191ms)
 GET /api/events 200 in 195ms (next.js: 5ms, application-code: 190ms)
 GET /api/sponsor/deals 200 in 574ms (next.js: 1680µs, application-code: 572ms)
 GET /api/events 200 in 193ms (next.js: 1653µs, application-code: 191ms)
 GET /api/invoices 200 in 1319ms (next.js: 5ms, application-code: 1313ms)
 GET /api/events 200 in 199ms (next.js: 5ms, application-code: 194ms)
 GET /api/events 200 in 195ms (next.js: 1939µs, application-code: 193ms)
 GET /api/budgets/c6906ca4-f764-4807-ba64-e70f2cb026dc 200 in 1678ms (next.js: 1557µs, application-code: 1676ms)
 GET /api/budgets/c6906ca4-f764-4807-ba64-e70f2cb026dc 200 in 563ms (next.js: 6ms, application-code: 557ms)
 GET /api/budgets/c6906ca4-f764-4807-ba64-e70f2cb026dc 200 in 563ms (next.js: 5ms, application-code: 558ms)
 GET /dashboard/invoice 200 in 15ms (next.js: 3ms, application-code: 12ms)
 GET /api/settings/promoter 200 in 197ms (next.js: 5ms, application-code: 191ms)
 GET /api/invoices 200 in 197ms (next.js: 5ms, application-code: 192ms)
 GET /api/settings/promoter 200 in 193ms (next.js: 1849µs, application-code: 191ms)
 GET /api/invoices 200 in 192ms (next.js: 1740µs, application-code: 190ms)
 GET /api/sponsor/deals 200 in 562ms (next.js: 1447µs, application-code: 561ms)
 GET /api/sponsor/deals 200 in 565ms (next.js: 5ms, application-code: 559ms)
 POST /api/invoices/generate 200 in 2.9s (next.js: 5ms, application-code: 2.9s)
 GET /api/invoices 200 in 223ms (next.js: 5ms, application-code: 218ms)
 GET /api/pdf?path=%2Fpublic%2Finvoices%2Fcmqrndva50001m8tp67cf1rsh.pdf 200 in 7ms (next.js: 1987µs, application-code: 5ms)
✓ Compiled in 196ms
✓ Compiled in 169ms
 GET /dashboard/invoice 200 in 127ms (next.js: 69ms, application-code: 57ms)
 GET /sponsor-dashboard 200 in 127ms (next.js: 111ms, application-code: 16ms)
✓ Compiled in 99ms
 GET /api/invoices 200 in 12.1s (next.js: 1720µs, application-code: 12.1s)
 GET /api/settings/promoter 200 in 12.7s (next.js: 27ms, application-code: 12.7s)
 GET /api/sponsor/deals 200 in 12.5s (next.js: 1316µs, application-code: 12.5s)
 GET /sponsor-dashboard 200 in 160ms (next.js: 44ms, application-code: 116ms)
 GET /dashboard/invoice 200 in 91ms (next.js: 63ms, application-code: 27ms)
 GET /api/settings/promoter 200 in 225ms (next.js: 27ms, application-code: 197ms)
 GET /api/invoices 200 in 191ms (next.js: 2ms, application-code: 189ms)
 GET /api/sponsor/deals 200 in 593ms (next.js: 6ms, application-code: 588ms)
✓ Compiled in 25.6s
 GET /login 200 in 452ms (next.js: 146ms, application-code: 306ms)
 POST /api/auth/login 200 in 1542ms (next.js: 30ms, application-code: 1513ms)
 GET /dashboard 200 in 27ms (next.js: 11ms, application-code: 16ms)
 GET /api/events 200 in 251ms (next.js: 6ms, application-code: 245ms)
 GET /dashboard/invoice 200 in 185ms (next.js: 61ms, application-code: 124ms)
 GET /api/events 200 in 24ms (next.js: 2ms, application-code: 22ms)
 GET /api/sponsor/deals 200 in 264ms (next.js: 1680µs, application-code: 262ms)
 GET /api/invoices 200 in 269ms (next.js: 1804µs, application-code: 267ms)
 GET /api/settings/promoter 200 in 207ms (next.js: 7ms, application-code: 200ms)
 GET /api/invoices 200 in 1320ms (next.js: 13ms, application-code: 1307ms)
 GET /api/sponsor/deals 200 in 1674ms (next.js: 1478µs, application-code: 1672ms)
 GET /api/events 200 in 195ms (next.js: 5ms, application-code: 190ms)
 GET /api/events 200 in 191ms (next.js: 1643µs, application-code: 189ms)
 GET /api/po?eventId=c6906ca4-f764-4807-ba64-e70f2cb026dc 200 in 386ms (next.js: 6ms, application-code: 380ms)
 GET /login 200 in 31ms (next.js: 3ms, application-code: 27ms)
 POST /api/auth/login 200 in 4.4s (next.js: 6ms, application-code: 4.4s)
 GET /dashboard 200 in 16ms (next.js: 3ms, application-code: 13ms)
 GET /api/invoices 200 in 114ms (next.js: 1750µs, application-code: 112ms)
 GET /dashboard/invoice 200 in 45ms (next.js: 3ms, application-code: 42ms)
 GET /api/sponsor/deals 200 in 110ms (next.js: 1992µs, application-code: 108ms)
 GET /api/events 200 in 128ms (next.js: 6ms, application-code: 122ms)
 GET /api/settings/promoter 200 in 193ms (next.js: 2ms, application-code: 191ms)
 GET /api/invoices 200 in 1316ms (next.js: 1875µs, application-code: 1314ms)
 GET /api/sponsor/deals 200 in 1648ms (next.js: 1705µs, application-code: 1646ms)
 GET /api/events 200 in 197ms (next.js: 7ms, application-code: 190ms)
 GET /api/events 200 in 189ms (next.js: 1710µs, application-code: 188ms)
 GET /api/po?eventId=c6906ca4-f764-4807-ba64-e70f2cb026dc 200 in 377ms (next.js: 6ms, application-code: 371ms)
 POST /api/po 201 in 1142ms (next.js: 6ms, application-code: 1136ms)
 GET /api/po?eventId=c6906ca4-f764-4807-ba64-e70f2cb026dc 200 in 377ms (next.js: 6ms, application-code: 371ms)
✓ Compiled in 100ms
 GET /sponsor-dashboard 200 in 163ms (next.js: 46ms, application-code: 117ms)
 GET /dashboard/invoice 200 in 90ms (next.js: 62ms, application-code: 28ms)
 GET /api/settings/promoter 200 in 1688ms (next.js: 28ms, application-code: 1660ms)
✓ Compiled in 38ms
 GET /sponsor-dashboard 200 in 162ms (next.js: 47ms, application-code: 115ms)
 GET /dashboard/invoice 200 in 92ms (next.js: 63ms, application-code: 29ms)
 GET /api/invoices 200 in 1330ms (next.js: 5ms, application-code: 1324ms)
 GET /api/settings/promoter 200 in 221ms (next.js: 27ms, application-code: 194ms)
 GET /api/sponsor/deals 200 in 1695ms (next.js: 1562µs, application-code: 1694ms)
 GET /api/sponsor/deals 200 in 564ms (next.js: 1663µs, application-code: 562ms)
 GET /api/invoices 200 in 1322ms (next.js: 1511µs, application-code: 1321ms)
 GET /dashboard/invoice 200 in 104ms (next.js: 2ms, application-code: 101ms)
 GET /api/invoices 200 in 1381ms (next.js: 11ms, application-code: 1371ms)
 GET /api/settings/promoter 200 in 1386ms (next.js: 6ms, application-code: 1380ms)
 GET /api/sponsor/deals 200 in 1821ms (next.js: 14ms, application-code: 1807ms)
 GET /api/events 200 in 198ms (next.js: 5ms, application-code: 193ms)
 GET /api/events 200 in 193ms (next.js: 1752µs, application-code: 192ms)
 GET /api/po?eventId=c6906ca4-f764-4807-ba64-e70f2cb026dc 200 in 383ms (next.js: 5ms, application-code: 378ms)
 GET /api/events/c6906ca4-f764-4807-ba64-e70f2cb026dc/rab-items 200 in 1711ms (next.js: 5ms, application-code: 1706ms)
 GET /api/events/c6906ca4-f764-4807-ba64-e70f2cb026dc/rab-items 200 in 565ms (next.js: 5ms, application-code: 559ms)
 GET /api/events/c6906ca4-f764-4807-ba64-e70f2cb026dc/rab-items 200 in 2.4s (next.js: 5ms, application-code: 2.4s)
 GET /api/events/c6906ca4-f764-4807-ba64-e70f2cb026dc/rab-items 200 in 988ms (next.js: 5ms, application-code: 982ms)
 POST /api/po 201 in 2.3s (next.js: 5ms, application-code: 2.3s)
 GET /api/po?eventId=c6906ca4-f764-4807-ba64-e70f2cb026dc 200 in 383ms (next.js: 5ms, application-code: 378ms)
 GET /dashboard 200 in 25ms (next.js: 10ms, application-code: 15ms)
 GET /api/invoices 200 in 1353ms (next.js: 10ms, application-code: 1343ms)
 GET /api/events 200 in 1362ms (next.js: 5ms, application-code: 1357ms)
 GET /api/events 200 in 199ms (next.js: 5ms, application-code: 193ms)
 GET /api/invoices 200 in 199ms (next.js: 9ms, application-code: 190ms)
 GET /api/sponsor/deals 200 in 2.9s (next.js: 5ms, application-code: 2.9s)
 GET /api/events 200 in 191ms (next.js: 1641µs, application-code: 190ms)
 GET /api/events 200 in 197ms (next.js: 5ms, application-code: 192ms)
 GET /api/budgets/c6906ca4-f764-4807-ba64-e70f2cb026dc 200 in 566ms (next.js: 2ms, application-code: 564ms)
 GET /api/sponsor/deals 200 in 568ms (next.js: 5ms, application-code: 563ms)
 GET /api/events 200 in 195ms (next.js: 1582µs, application-code: 193ms)
 GET /api/events 200 in 194ms (next.js: 5ms, application-code: 189ms)
 GET /api/budgets/c6906ca4-f764-4807-ba64-e70f2cb026dc 200 in 569ms (next.js: 1770µs, application-code: 568ms)
 GET /api/budgets/c6906ca4-f764-4807-ba64-e70f2cb026dc 200 in 570ms (next.js: 1773µs, application-code: 568ms)
✓ Compiled in 37ms
 GET /dashboard 200 in 74ms (next.js: 43ms, application-code: 31ms)
✓ Compiled in 52ms
 GET /dashboard 200 in 70ms (next.js: 47ms, application-code: 24ms)
✓ Compiled in 32ms
 GET /dashboard 200 in 66ms (next.js: 41ms, application-code: 24ms)
✓ Compiled in 37ms
 GET /dashboard 200 in 72ms (next.js: 45ms, application-code: 27ms)
✓ Compiled in 63ms
 GET /dashboard 200 in 69ms (next.js: 42ms, application-code: 27ms)
✓ Compiled in 41ms
 GET /dashboard 200 in 65ms (next.js: 40ms, application-code: 25ms)
✓ Compiled in 48ms
 GET /dashboard 200 in 71ms (next.js: 44ms, application-code: 27ms)
✓ Compiled in 359ms
 GET /dashboard 200 in 70ms (next.js: 41ms, application-code: 28ms)
 GET /dashboard 200 in 18ms (next.js: 3ms, application-code: 15ms)
 GET /dashboard 200 in 16ms (next.js: 3ms, application-code: 13ms)
✓ Compiled in 31ms
 GET /dashboard 200 in 68ms (next.js: 41ms, application-code: 27ms)
✓ Compiled in 69ms
✓ Compiled in 94ms
 GET /dashboard 200 in 76ms (next.js: 52ms, application-code: 24ms)
✓ Compiled in 33ms
 GET /dashboard 200 in 74ms (next.js: 51ms, application-code: 23ms)
✓ Compiled in 371ms
⨯ ./src/components/dashboard/document-table.tsx:244:8
Unterminated regexp literal
  [90m242 |[0m           </[33mTableBody[0m>
  [90m243 |[0m         </[33mTable[0m>
[31m[1m>[0m [90m244 |[0m       </div>
  [90m    |[0m        [31m[1m^^^^^[0m
  [90m245 |[0m     </section>
  [90m246 |[0m   )
  [90m247 |[0m }

Parsing ecmascript source code failed

Import traces:
  Client Component Browser:
    ./src/components/dashboard/document-table.tsx [Client Component Browser]
    ./src/app/dashboard/page.tsx [Client Component Browser]
    ./src/app/dashboard/page.tsx [Server Component]

  Client Component SSR:
    ./src/components/dashboard/document-table.tsx [Client Component SSR]
    ./src/app/dashboard/page.tsx [Client Component SSR]
    ./src/app/dashboard/page.tsx [Server Component]


 GET /dashboard 500 in 1740ms (next.js: 1131ms, application-code: 609ms)
⨯ ./src/components/dashboard/document-table.tsx:244:8
Unterminated regexp literal
  [90m242 |[0m           </[33mTableBody[0m>
  [90m243 |[0m         </[33mTable[0m>
[31m[1m>[0m [90m244 |[0m       </div>
  [90m    |[0m        [31m[1m^^^^^[0m
  [90m245 |[0m     </section>
  [90m246 |[0m   )
  [90m247 |[0m }

Parsing ecmascript source code failed

Import traces:
  Client Component Browser:
    ./src/components/dashboard/document-table.tsx [Client Component Browser]
    ./src/app/dashboard/page.tsx [Client Component Browser]
    ./src/app/dashboard/page.tsx [Server Component]

  Client Component SSR:
    ./src/components/dashboard/document-table.tsx [Client Component SSR]
    ./src/app/dashboard/page.tsx [Client Component SSR]
    ./src/app/dashboard/page.tsx [Server Component]


 GET /dashboard 500 in 13ms (next.js: 6ms, application-code: 7ms)
⨯ ./src/components/dashboard/document-table.tsx:244:8
Unterminated regexp literal
  [90m242 |[0m           </[33mTableBody[0m>
  [90m243 |[0m         </[33mTable[0m>
[31m[1m>[0m [90m244 |[0m       </div>
  [90m    |[0m        [31m[1m^^^^^[0m
  [90m245 |[0m     </section>
  [90m246 |[0m   )
  [90m247 |[0m }

Parsing ecmascript source code failed

Import traces:
  Client Component Browser:
    ./src/components/dashboard/document-table.tsx [Client Component Browser]
    ./src/app/dashboard/page.tsx [Client Component Browser]
    ./src/app/dashboard/page.tsx [Server Component]

  Client Component SSR:
    ./src/components/dashboard/document-table.tsx [Client Component SSR]
    ./src/app/dashboard/page.tsx [Client Component SSR]
    ./src/app/dashboard/page.tsx [Server Component]


 GET /dashboard 500 in 13ms (next.js: 7ms, application-code: 7ms)
[browser] Uncaught Error: ./src/components/dashboard/document-table.tsx:244:8
Unterminated regexp literal
  242 |           </TableBody>
  243 |         </Table>
> 244 |       </div>
      |        ^^^^^
  245 |     </section>
  246 |   )
  247 | }

Parsing ecmascript source code failed

Import traces:
  Client Component Browser:
    ./src/components/dashboard/document-table.tsx [Client Component Browser]
    ./src/app/dashboard/page.tsx [Client Component Browser]
    ./src/app/dashboard/page.tsx [Server Component]

  Client Component SSR:
    ./src/components/dashboard/document-table.tsx [Client Component SSR]
    ./src/app/dashboard/page.tsx [Client Component SSR]
    ./src/app/dashboard/page.tsx [Server Component]


    at <unknown> (Error: ./src/components/dashboard/document-table.tsx:244:8)
    at <unknown> (Error: (./src/components/dashboard/document-table.tsx:244:8)
 GET /dashboard 200 in 848ms (next.js: 600ms, application-code: 247ms)
 GET /dashboard 200 in 112ms (next.js: 5ms, application-code: 107ms)
 GET /dashboard 200 in 112ms (next.js: 18ms, application-code: 94ms)
 GET /dashboard 200 in 112ms (next.js: 31ms, application-code: 82ms)
 GET /api/events 200 in 1792ms (next.js: 30ms, application-code: 1762ms)
 GET /api/invoices 200 in 1793ms (next.js: 40ms, application-code: 1753ms)
 GET /api/events 200 in 226ms (next.js: 5ms, application-code: 221ms)
 GET /api/events 200 in 222ms (next.js: 1999µs, application-code: 220ms)
 GET /api/budgets/c6906ca4-f764-4807-ba64-e70f2cb026dc 200 in 657ms (next.js: 5ms, application-code: 652ms)
 GET /api/sponsor/deals 200 in 3.4s (next.js: 2ms, application-code: 3.4s)
 GET /api/budgets/c6906ca4-f764-4807-ba64-e70f2cb026dc 200 in 647ms (next.js: 5ms, application-code: 642ms)
 GET /api/budgets/c6906ca4-f764-4807-ba64-e70f2cb026dc 200 in 645ms (next.js: 5ms, application-code: 640ms)
 GET /dashboard 200 in 40ms (next.js: 4ms, application-code: 36ms)
 GET /api/events 200 in 1527ms (next.js: 6ms, application-code: 1522ms)
 GET /api/invoices 200 in 1528ms (next.js: 11ms, application-code: 1518ms)
 GET /api/events 200 in 221ms (next.js: 5ms, application-code: 216ms)
 GET /api/sponsor/deals 200 in 2.0s (next.js: 1698µs, application-code: 2.0s)
 GET /api/events 200 in 218ms (next.js: 1960µs, application-code: 216ms)
 GET /api/budgets/c6906ca4-f764-4807-ba64-e70f2cb026dc 200 in 646ms (next.js: 5ms, application-code: 641ms)
 GET /api/budgets/c6906ca4-f764-4807-ba64-e70f2cb026dc 200 in 644ms (next.js: 5ms, application-code: 638ms)
 GET /dashboard/invoice 200 in 83ms (next.js: 62ms, application-code: 21ms)
 GET /api/budgets/c6906ca4-f764-4807-ba64-e70f2cb026dc 200 in 644ms (next.js: 5ms, application-code: 638ms)
 GET /api/settings/promoter 200 in 225ms (next.js: 5ms, application-code: 220ms)
 GET /api/invoices 200 in 218ms (next.js: 1583µs, application-code: 217ms)
 GET /api/settings/promoter 200 in 219ms (next.js: 2ms, application-code: 217ms)
 GET /api/sponsor/deals 200 in 615ms (next.js: 1714µs, application-code: 614ms)
 GET /api/sponsor/deals 200 in 645ms (next.js: 5ms, application-code: 639ms)
 GET /api/invoices 200 in 1502ms (next.js: 6ms, application-code: 1496ms)
 GET /api/events 200 in 223ms (next.js: 5ms, application-code: 217ms)
 GET /api/events 200 in 219ms (next.js: 2ms, application-code: 217ms)
 GET /api/po?eventId=c6906ca4-f764-4807-ba64-e70f2cb026dc 200 in 437ms (next.js: 6ms, application-code: 432ms)
 DELETE /api/po/5984b0d3-c04f-43b2-8829-0dc7430325b6 200 in 233ms (next.js: 5ms, application-code: 228ms)
 GET /api/events/c6906ca4-f764-4807-ba64-e70f2cb026dc/rab-items 200 in 1948ms (next.js: 5ms, application-code: 1943ms)
 GET /api/events/c6906ca4-f764-4807-ba64-e70f2cb026dc/rab-items 200 in 657ms (next.js: 5ms, application-code: 652ms)
 POST /api/po 201 in 2.6s (next.js: 7ms, application-code: 2.6s)
 GET /api/po?eventId=c6906ca4-f764-4807-ba64-e70f2cb026dc 200 in 1752ms (next.js: 5ms, application-code: 1747ms)
 GET /api/po/f90c3312-99e9-4950-9d24-5d733e043885/pdf 200 in 1743ms (next.js: 5ms, application-code: 1738ms)
 GET /dashboard 200 in 15ms (next.js: 3ms, application-code: 12ms)
 GET /api/events 200 in 2.3s (next.js: 5ms, application-code: 2.3s)
 GET /api/invoices 200 in 1835ms (next.js: 1910µs, application-code: 1833ms)
 GET /api/events 200 in 203ms (next.js: 7ms, application-code: 195ms)
 GET /api/invoices 200 in 204ms (next.js: 13ms, application-code: 190ms)
 GET /api/events 200 in 191ms (next.js: 2ms, application-code: 189ms)
 GET /api/events 200 in 200ms (next.js: 6ms, application-code: 193ms)
 GET /api/events 200 in 191ms (next.js: 1799µs, application-code: 189ms)
 GET /api/budgets/c6906ca4-f764-4807-ba64-e70f2cb026dc 200 in 563ms (next.js: 1938µs, application-code: 561ms)
 GET /api/sponsor/deals 200 in 3.2s (next.js: 5ms, application-code: 3.2s)
 GET /api/events 200 in 196ms (next.js: 5ms, application-code: 190ms)
 GET /api/sponsor/deals 200 in 561ms (next.js: 1792µs, application-code: 559ms)
 GET /api/budgets/c6906ca4-f764-4807-ba64-e70f2cb026dc 200 in 564ms (next.js: 1876µs, application-code: 562ms)
 GET /api/budgets/c6906ca4-f764-4807-ba64-e70f2cb026dc 200 in 567ms (next.js: 5ms, application-code: 561ms)
 GET /api/po 200 in 381ms (next.js: 1921µs, application-code: 380ms)
 GET /api/po 200 in 382ms (next.js: 5ms, application-code: 376ms)
✓ Compiled in 315ms
✓ Compiled in 1594ms
 GET /dashboard 200 in 92ms (next.js: 54ms, application-code: 38ms)
 GET /dashboard 200 in 16ms (next.js: 3ms, application-code: 13ms)
 GET /dashboard 200 in 118ms (next.js: 3ms, application-code: 116ms)
 GET /api/invoices 200 in 1657ms (next.js: 1887µs, application-code: 1655ms)
 GET /api/events 200 in 1698ms (next.js: 28ms, application-code: 1670ms)
 GET /api/events 200 in 223ms (next.js: 6ms, application-code: 218ms)
 GET /api/sponsor/deals 200 in 2.1s (next.js: 6ms, application-code: 2.1s)
 GET /api/events 200 in 221ms (next.js: 1959µs, application-code: 219ms)
 GET /api/budgets/c6906ca4-f764-4807-ba64-e70f2cb026dc 200 in 650ms (next.js: 2ms, application-code: 648ms)
 GET /api/budgets/c6906ca4-f764-4807-ba64-e70f2cb026dc 200 in 647ms (next.js: 5ms, application-code: 642ms)
 GET /api/budgets/c6906ca4-f764-4807-ba64-e70f2cb026dc 200 in 647ms (next.js: 5ms, application-code: 642ms)
