
> server@1.0.0 dev
> cross-env NODE_TLS_REJECT_UNAUTHORIZED=0 NODE_OPTIONS=--dns-result-order=ipv4first nodemon src/index.js

[33m[nodemon] 3.1.14[39m
[33m[nodemon] to restart at any time, enter `rs`[39m
[33m[nodemon] watching path(s): *.*[39m
[33m[nodemon] watching extensions: js,mjs,cjs,json[39m
[32m[nodemon] starting `node src/index.js`[39m

đźš€ Habitat API berjalan di http://localhost:5000
âŹ° 23/6/2026, 09.49.50

(node:26104) Warning: Setting the NODE_TLS_REJECT_UNAUTHORIZED environment variable to '0' makes TLS connections and HTTPS requests insecure by disabling certificate verification.
(Use `node --trace-warnings ...` to show where the warning was created)
[GENERATE CODE] hit by user: 8ee504da-7469-4e05-b5e3-bd677720b579
[GENERATE CODE] created: SPN-S98S-YUQ4
[VALIDATE CODE] received code: SPN-S98S-YUQ4
[GENERATE CODE] hit by user: 8ee504da-7469-4e05-b5e3-bd677720b579
[GENERATE CODE] created: SPN-TQFM-S763
[VALIDATE CODE] received code: SPN-TQFM-S763
[GENERATE CODE] hit by user: 126dac2f-7237-413e-a437-1afa644ccee0
[GENERATE CODE] created: SPN-EJNX-MD72
[VALIDATE CODE] received code: SPN-EJNX-MD72
[GENERATE CODE] hit by user: 126dac2f-7237-413e-a437-1afa644ccee0
[GENERATE CODE] created: SPN-FQFB-KMND
[VALIDATE CODE] received code: SPN-FQFB-KMND
[GENERATE CODE] hit by user: 126dac2f-7237-413e-a437-1afa644ccee0
[GENERATE CODE] created: SPN-CVZD-A3D8
[VALIDATE CODE] received code: SPN-CVZD-A3D8
[GENERATE CODE] hit by user: 126dac2f-7237-413e-a437-1afa644ccee0
[GENERATE CODE] created: SPN-CDW4-6MEJ
[VALIDATE CODE] received code: SPN-CDW4-6MEJ
[GENERATE CODE] hit by user: 126dac2f-7237-413e-a437-1afa644ccee0
[GENERATE CODE] created: SPN-5DCR-QVYW
[VALIDATE CODE] received code: SPN-5DCR-QVYW
[CREATE ACCOUNT ERROR] PrismaClientKnownRequestError: 
Invalid `prisma.clientAccount.create()` invocation in
D:\PROJECT\APLIKASI HABITAT\V2\habitat-saas\server\controllers\sponsor.controller.js:251:48

  248   return res.status(409).json({ success: false, message: 'Akun untuk deal ini sudah ada.' });
  249 }
  250 const hashed = await bcrypt.hash(password, 10);
â†’ 251 const account = await prisma.clientAccount.create(
Unique constraint failed on the fields: (`username`)
    at zr.handleRequestError (D:\PROJECT\APLIKASI HABITAT\V2\habitat-saas\server\node_modules\@prisma\client\runtime\client.js:65:8286)
    at zr.handleAndLogRequestError (D:\PROJECT\APLIKASI HABITAT\V2\habitat-saas\server\node_modules\@prisma\client\runtime\client.js:65:7581)
    at zr.request (D:\PROJECT\APLIKASI HABITAT\V2\habitat-saas\server\node_modules\@prisma\client\runtime\client.js:65:7288)
    at process.processTicksAndRejections (node:internal/process/task_queues:104:5)
    at async a (D:\PROJECT\APLIKASI HABITAT\V2\habitat-saas\server\node_modules\@prisma\client\runtime\client.js:75:6862)
    at async createAccount (D:\PROJECT\APLIKASI HABITAT\V2\habitat-saas\server\controllers\sponsor.controller.js:251:21) {
  code: 'P2002',
  meta: {
    modelName: 'ClientAccount',
    driverAdapterError: DriverAdapterError: UniqueConstraintViolation
        at PrismaPgAdapter.onError (D:\PROJECT\APLIKASI HABITAT\V2\habitat-saas\server\node_modules\@prisma\adapter-pg\dist\index.js:678:11)
        at PrismaPgAdapter.performIO (D:\PROJECT\APLIKASI HABITAT\V2\habitat-saas\server\node_modules\@prisma\adapter-pg\dist\index.js:673:12)
        at process.processTicksAndRejections (node:internal/process/task_queues:104:5)
        at async PrismaPgAdapter.queryRaw (D:\PROJECT\APLIKASI HABITAT\V2\habitat-saas\server\node_modules\@prisma\adapter-pg\dist\index.js:604:30)
        at async e.interpretNode (D:\PROJECT\APLIKASI HABITAT\V2\habitat-saas\server\node_modules\@prisma\client\runtime\client.js:11:44621)
        at async e.interpretNode (D:\PROJECT\APLIKASI HABITAT\V2\habitat-saas\server\node_modules\@prisma\client\runtime\client.js:11:45065)
        at async e.interpretNode (D:\PROJECT\APLIKASI HABITAT\V2\habitat-saas\server\node_modules\@prisma\client\runtime\client.js:11:46285)
        at async e.run (D:\PROJECT\APLIKASI HABITAT\V2\habitat-saas\server\node_modules\@prisma\client\runtime\client.js:11:43335)
        at async e.execute (D:\PROJECT\APLIKASI HABITAT\V2\habitat-saas\server\node_modules\@prisma\client\runtime\client.js:57:815)
        at async jt.request (D:\PROJECT\APLIKASI HABITAT\V2\habitat-saas\server\node_modules\@prisma\client\runtime\client.js:58:2401) {
      cause: [Object]
    }
  },
  clientVersion: '7.8.0'
}
[32m[nodemon] restarting due to changes...[39m
[32m[nodemon] starting `node src/index.js`[39m

đźš€ Habitat API berjalan di http://localhost:5000
âŹ° 23/6/2026, 11.19.07

(node:19744) Warning: Setting the NODE_TLS_REJECT_UNAUTHORIZED environment variable to '0' makes TLS connections and HTTPS requests insecure by disabling certificate verification.
(Use `node --trace-warnings ...` to show where the warning was created)
[GENERATE CODE] hit by user: 126dac2f-7237-413e-a437-1afa644ccee0
[GENERATE CODE] created: SPN-CN6R-FXMB
[VALIDATE CODE] received code: SPN-CN6R-FXMB
[CREATE ACCOUNT ERROR] PrismaClientKnownRequestError: 
Invalid `prisma.clientAccount.create()` invocation in
D:\PROJECT\APLIKASI HABITAT\V2\habitat-saas\server\controllers\sponsor.controller.js:251:48

  248   return res.status(409).json({ success: false, message: 'Akun untuk deal ini sudah ada.' });
  249 }
  250 const hashed = await bcrypt.hash(password, 10);
â†’ 251 const account = await prisma.clientAccount.create(
Unique constraint failed on the fields: (`username`)
    at zr.handleRequestError (D:\PROJECT\APLIKASI HABITAT\V2\habitat-saas\server\node_modules\@prisma\client\runtime\client.js:65:8286)
    at zr.handleAndLogRequestError (D:\PROJECT\APLIKASI HABITAT\V2\habitat-saas\server\node_modules\@prisma\client\runtime\client.js:65:7581)
    at zr.request (D:\PROJECT\APLIKASI HABITAT\V2\habitat-saas\server\node_modules\@prisma\client\runtime\client.js:65:7288)
    at process.processTicksAndRejections (node:internal/process/task_queues:104:5)
    at async a (D:\PROJECT\APLIKASI HABITAT\V2\habitat-saas\server\node_modules\@prisma\client\runtime\client.js:75:6862)
    at async createAccount (D:\PROJECT\APLIKASI HABITAT\V2\habitat-saas\server\controllers\sponsor.controller.js:251:21) {
  code: 'P2002',
  meta: {
    modelName: 'ClientAccount',
    driverAdapterError: DriverAdapterError: UniqueConstraintViolation
        at PrismaPgAdapter.onError (D:\PROJECT\APLIKASI HABITAT\V2\habitat-saas\server\node_modules\@prisma\adapter-pg\dist\index.js:678:11)
        at PrismaPgAdapter.performIO (D:\PROJECT\APLIKASI HABITAT\V2\habitat-saas\server\node_modules\@prisma\adapter-pg\dist\index.js:673:12)
        at process.processTicksAndRejections (node:internal/process/task_queues:104:5)
        at async PrismaPgAdapter.queryRaw (D:\PROJECT\APLIKASI HABITAT\V2\habitat-saas\server\node_modules\@prisma\adapter-pg\dist\index.js:604:30)
        at async e.interpretNode (D:\PROJECT\APLIKASI HABITAT\V2\habitat-saas\server\node_modules\@prisma\client\runtime\client.js:11:44621)
        at async e.interpretNode (D:\PROJECT\APLIKASI HABITAT\V2\habitat-saas\server\node_modules\@prisma\client\runtime\client.js:11:45065)
        at async e.interpretNode (D:\PROJECT\APLIKASI HABITAT\V2\habitat-saas\server\node_modules\@prisma\client\runtime\client.js:11:46285)
        at async e.run (D:\PROJECT\APLIKASI HABITAT\V2\habitat-saas\server\node_modules\@prisma\client\runtime\client.js:11:43335)
        at async e.execute (D:\PROJECT\APLIKASI HABITAT\V2\habitat-saas\server\node_modules\@prisma\client\runtime\client.js:57:815)
        at async jt.request (D:\PROJECT\APLIKASI HABITAT\V2\habitat-saas\server\node_modules\@prisma\client\runtime\client.js:58:2401) {
      cause: [Object]
    }
  },
  clientVersion: '7.8.0'
}
[32m[nodemon] restarting due to changes...[39m
[32m[nodemon] starting `node src/index.js`[39m

đźš€ Habitat API berjalan di http://localhost:5000
âŹ° 23/6/2026, 11.21.49

(node:11400) Warning: Setting the NODE_TLS_REJECT_UNAUTHORIZED environment variable to '0' makes TLS connections and HTTPS requests insecure by disabling certificate verification.
(Use `node --trace-warnings ...` to show where the warning was created)
[GENERATE CODE] hit by user: 126dac2f-7237-413e-a437-1afa644ccee0
[GENERATE CODE] created: SPN-CS28-RXYX
[VALIDATE CODE] received code: SPN-CS28-RXYX
[GENERATE CODE] hit by user: 126dac2f-7237-413e-a437-1afa644ccee0
[GENERATE CODE] created: SPN-LTUJ-KTZG
[VALIDATE CODE] received code: SPN-LTUJ-KTZG
[32m[nodemon] restarting due to changes...[39m
[32m[nodemon] starting `node src/index.js`[39m

đźš€ Habitat API berjalan di http://localhost:5000
âŹ° 23/6/2026, 12.02.27

(node:27892) Warning: Setting the NODE_TLS_REJECT_UNAUTHORIZED environment variable to '0' makes TLS connections and HTTPS requests insecure by disabling certificate verification.
(Use `node --trace-warnings ...` to show where the warning was created)
[GENERATE CODE] hit by user: 126dac2f-7237-413e-a437-1afa644ccee0
[GENERATE CODE] created: SPN-7YCU-SVV6
[VALIDATE CODE] received code: SPN-7YCU-SVV6
[GENERATE CODE] hit by user: 126dac2f-7237-413e-a437-1afa644ccee0
[GENERATE CODE] created: SPN-4DEU-HKBH
[VALIDATE CODE] received code: SPN-4DEU-HKBH
[UPDATE DEAL STATUS] Auto-created 2 deliverables for deal a99c3630-f219-44fa-8402-03e0397aeb4f
[GENERATE CODE] hit by user: 126dac2f-7237-413e-a437-1afa644ccee0
[GENERATE CODE] created: SPN-6K9E-GD59
[VALIDATE CODE] received code: SPN-6K9E-GD59
[UPDATE DEAL STATUS] Auto-created 2 deliverables for deal 547e8599-a3b8-4105-b040-56930e8c98b4
[32m[nodemon] restarting due to changes...[39m
[32m[nodemon] starting `node src/index.js`[39m

đźš€ Habitat API berjalan di http://localhost:5000
âŹ° 23/6/2026, 13.33.29

(node:24960) Warning: Setting the NODE_TLS_REJECT_UNAUTHORIZED environment variable to '0' makes TLS connections and HTTPS requests insecure by disabling certificate verification.
(Use `node --trace-warnings ...` to show where the warning was created)
[32m[nodemon] restarting due to changes...[39m
[32m[nodemon] starting `node src/index.js`[39m

đźš€ Habitat API berjalan di http://localhost:5000
âŹ° 23/6/2026, 14.01.50

(node:25068) Warning: Setting the NODE_TLS_REJECT_UNAUTHORIZED environment variable to '0' makes TLS connections and HTTPS requests insecure by disabling certificate verification.
(Use `node --trace-warnings ...` to show where the warning was created)
[GENERATE CODE] hit by user: 126dac2f-7237-413e-a437-1afa644ccee0
[GENERATE CODE] created: SPN-NFT5-HWJD
[VALIDATE CODE] received code: SPN-NFT5-HWJD
[GENERATE CODE] hit by user: 126dac2f-7237-413e-a437-1afa644ccee0
[GENERATE CODE] created: SPN-KFBY-SK5S
[VALIDATE CODE] received code: SPN-KFBY-SK5S
[GENERATE CODE] hit by user: 126dac2f-7237-413e-a437-1afa644ccee0
[GENERATE CODE] created: SPN-NC2Y-GTJV
[VALIDATE CODE] received code: SPN-NC2Y-GTJV
[32m[nodemon] restarting due to changes...[39m
[32m[nodemon] starting `node src/index.js`[39m

đźš€ Habitat API berjalan di http://localhost:5000
âŹ° 23/6/2026, 14.17.46

[32m[nodemon] restarting due to changes...[39m
[32m[nodemon] starting `node src/index.js`[39m

đźš€ Habitat API berjalan di http://localhost:5000
âŹ° 23/6/2026, 14.17.54

[32m[nodemon] restarting due to changes...[39m
[32m[nodemon] starting `node src/index.js`[39m

đźš€ Habitat API berjalan di http://localhost:5000
âŹ° 23/6/2026, 14.18.00

(node:22132) Warning: Setting the NODE_TLS_REJECT_UNAUTHORIZED environment variable to '0' makes TLS connections and HTTPS requests insecure by disabling certificate verification.
(Use `node --trace-warnings ...` to show where the warning was created)
[GENERATE CODE] hit by user: 126dac2f-7237-413e-a437-1afa644ccee0
[GENERATE CODE] created: SPN-N2ZN-FNYF
[VALIDATE CODE] received code: SPN-N2ZN-FNYF
[GENERATE CODE] hit by user: 126dac2f-7237-413e-a437-1afa644ccee0
[GENERATE CODE] created: SPN-9WPL-5R32
[VALIDATE CODE] received code: SPN-9WPL-5R32
[GENERATE CODE] hit by user: 126dac2f-7237-413e-a437-1afa644ccee0
[GENERATE CODE] created: SPN-ZQ5L-C49T
[32m[nodemon] restarting due to changes...[39m
[32m[nodemon] starting `node src/index.js`[39m

đźš€ Habitat API berjalan di http://localhost:5000
âŹ° 23/6/2026, 14.27.36

(node:24448) Warning: Setting the NODE_TLS_REJECT_UNAUTHORIZED environment variable to '0' makes TLS connections and HTTPS requests insecure by disabling certificate verification.
(Use `node --trace-warnings ...` to show where the warning was created)
[GENERATE CODE] hit by user: 126dac2f-7237-413e-a437-1afa644ccee0
[GENERATE CODE] created: SPN-UTES-L3F5
[VALIDATE CODE] received code: SPN-UTES-L3F5
[UPDATE DEAL STATUS] Auto-created 2 deliverables for deal 5060cf03-97f0-4fef-8bc5-501b0a2db59b
[32m[nodemon] restarting due to changes...[39m
[32m[nodemon] restarting due to changes...[39m
[32m[nodemon] starting `node src/index.js`[39m

đźš€ Habitat API berjalan di http://localhost:5000
âŹ° 23/6/2026, 14.48.01

[32m[nodemon] restarting due to changes...[39m
[32m[nodemon] starting `node src/index.js`[39m

đźš€ Habitat API berjalan di http://localhost:5000
âŹ° 23/6/2026, 14.50.08

[32m[nodemon] restarting due to changes...[39m
[32m[nodemon] starting `node src/index.js`[39m

đźš€ Habitat API berjalan di http://localhost:5000
âŹ° 23/6/2026, 14.50.17

[32m[nodemon] restarting due to changes...[39m
[32m[nodemon] starting `node src/index.js`[39m

đźš€ Habitat API berjalan di http://localhost:5000
âŹ° 23/6/2026, 14.50.22

[32m[nodemon] restarting due to changes...[39m
[32m[nodemon] starting `node src/index.js`[39m

đźš€ Habitat API berjalan di http://localhost:5000
âŹ° 23/6/2026, 14.50.28

[32m[nodemon] restarting due to changes...[39m
[32m[nodemon] starting `node src/index.js`[39m
D:\PROJECT\APLIKASI HABITAT\V2\habitat-saas\server\node_modules\@prisma\client\runtime\client.js:70
${n}`}var Ul=require("@prisma/client-runtime-utils");function Bl(e){return e.length===0?Promise.resolve([]):new Promise((t,r)=>{let n=new Array(e.length),i=null,o=!1,s=0,a=()=>{o||(s++,s===e.length&&(o=!0,i?r(i):t(n)))},l=u=>{o||(o=!0,r(u))};for(let u=0;u<e.length;u++)e[u].then(c=>{n[u]=c,a()},c=>{if(!(0,Ul.hasBatchIndex)(c)){l(c);return}c.batchRequestIdx===u?l(c):(i||(i=c),a())})})}var rt=_("prisma:client");typeof globalThis=="object"&&(globalThis.NODE_CLIENT=!0);var Nm={requestArgsToMiddlewareArgs:e=>e,middlewareArgsToRequestArgs:e=>e},Wl=Symbol.for("prisma.client.transaction.scope_context");function Ql(e){let r=e[Wl];if(r===void 0)return{kind:"top-level"};if(Dm(r))return r;throw new Error("Internal error: inconsistent transaction scope context.")}function Dm(e){if(typeof e!="object"||e===null)return!1;let t=e;return t.kind==="nested"&&typeof t.txId=="string"&&typeof t.scopeId=="string"&&Mm(t.scopeState)}function Mm(e){return typeof e!="object"||e===null?!1:Array.isArray(e.stack)}function Fm(){return typeof globalThis.crypto?.randomUUID=="function"?globalThis.crypto.randomUUID():`${Date.now()}-${Math.random().toString(16).slice(2)}`}var _m={id:0,nextId(){return++this.id}};function Kl(e){class t{_originalClient=this;_runtimeDataModel;_requestHandler;_connectionPromise;_disconnectionPromise;_engineConfig;_accelerateEngineConfig;_clientVersion;_errorFormat;_tracingHelper;_previewFeatures;_activeProvider;_globalOmit;_extensions;_engine;_appliedParent;_createPrismaPromise=mi();constructor(n){if(!n)throw new b.PrismaClientInitializationError("`PrismaClient` needs to be constructed with a non-empty, valid `PrismaClientOptions`:\n\n```\nnew PrismaClient({\n  ...\n})\n```\n\nor\n\n```\nconstructor() {\n  super({ ... });\n}\n```\n          ",wi);e=n.__internal?.configOverride?.(e)??e,jl(n,e);let i=new Gl.EventEmitter().on("error",()=>{});this._extensions=Qe.empty(),this._previewFeatures=e.previewFeatures,this._clientVersion=e.clientVersion??wi,this._activeProvider=e.activeProvider,this._globalOmit=n?.omit,this._tracingHelper=kl();let o;if(n.adapter){o=n.adapter;let s=e.activeProvider==="postgresql"||e.activeProvider==="cockroachdb"?"postgres":e.activeProvider;if(o.provider!==s)throw new b.PrismaClientInitializationError(`The Driver Adapter \`${o.adapterName}\`, based on \`${o.provider}\`, is not compatible with the provider \`${s}\` specified in the Prisma schema.`,this._clientVersion)}try{let s=n??{},l=(s.__internal??{}).debug===!0;if(l&&_.enable("prisma:client"),s.errorFormat?this._errorFormat=s.errorFormat:process.env.NODE_ENV==="production"?this._errorFormat="minimal":process.env.NO_COLOR?this._errorFormat="colorless":this._errorFormat="colorless",this._runtimeDataModel=e.runtimeDataModel,this._engineConfig={enableDebugLogs:l,logLevel:s.log&&Ol(s.log),logQueries:s.log&&!!(typeof s.log=="string"?s.log==="query":s.log.find(u=>typeof u=="string"?u==="query":u.level==="query")),compilerWasm:e.compilerWasm,clientVersion:e.clientVersion,previewFeatures:this._previewFeatures,activeProvider:e.activeProvider,inlineSchema:e.inlineSchema,tracingHelper:this._tracingHelper,transactionOptions:{maxWait:s.transactionOptions?.maxWait??2e3,timeout:s.transactionOptions?.timeout??5e3,isolationLevel:s.transactionOptions?.isolationLevel},logEmitter:i,adapter:o,accelerateUrl:s.accelerateUrl,sqlCommenters:s.comments,parameterizationSchema:e.parameterizationSchema,runtimeDataModel:e.runtimeDataModel,queryPlanCacheMaxSize:n.queryPlanCacheMaxSize},this._accelerateEngineConfig=Object.create(this._engineConfig),this._accelerateEngineConfig.accelerateUtils={resolveDatasourceUrl:()=>{if(s.accelerateUrl)return s.accelerateUrl;throw new b.PrismaClientInitializationError(`\`accelerateUrl\` is required when using \`@prisma/extension-accelerate\`:
                                                                                                                                                                                                                                                                                                                                                                                                                                                                                                                                                                                                                                                                                                                                                                                                                                                                                                                                                                                                                                                            

PrismaClientInitializationError: `PrismaClient` needs to be constructed with a non-empty, valid `PrismaClientOptions`:

```
new PrismaClient({
  ...
})
```

or

```
constructor() {
  super({ ... });
}
```
          
    at new t (D:\PROJECT\APLIKASI HABITAT\V2\habitat-saas\server\node_modules\@prisma\client\runtime\client.js:70:1527)
    at Object.<anonymous> (D:\PROJECT\APLIKASI HABITAT\V2\habitat-saas\server\controllers\invoice.controller.js:6:16)
    at Module._compile (node:internal/modules/cjs/loader:1854:14)
    at Object..js (node:internal/modules/cjs/loader:1985:10)
    at Module.load (node:internal/modules/cjs/loader:1577:32)
    at Module._load (node:internal/modules/cjs/loader:1379:12)
    at wrapModuleLoad (node:internal/modules/cjs/loader:255:19)
    at Module.require (node:internal/modules/cjs/loader:1600:12)
    at require (node:internal/modules/helpers:153:16)
    at Object.<anonymous> (D:\PROJECT\APLIKASI HABITAT\V2\habitat-saas\server\routes\invoice.routes.js:11:5) {
  clientVersion: '7.8.0',
  errorCode: undefined,
  retryable: undefined
}

Node.js v24.16.0
[31m[nodemon] app crashed - waiting for file changes before starting...[39m
[32m[nodemon] restarting due to changes...[39m
[32m[nodemon] starting `node src/index.js`[39m
D:\PROJECT\APLIKASI HABITAT\V2\habitat-saas\server\node_modules\@prisma\client\runtime\client.js:70
${n}`}var Ul=require("@prisma/client-runtime-utils");function Bl(e){return e.length===0?Promise.resolve([]):new Promise((t,r)=>{let n=new Array(e.length),i=null,o=!1,s=0,a=()=>{o||(s++,s===e.length&&(o=!0,i?r(i):t(n)))},l=u=>{o||(o=!0,r(u))};for(let u=0;u<e.length;u++)e[u].then(c=>{n[u]=c,a()},c=>{if(!(0,Ul.hasBatchIndex)(c)){l(c);return}c.batchRequestIdx===u?l(c):(i||(i=c),a())})})}var rt=_("prisma:client");typeof globalThis=="object"&&(globalThis.NODE_CLIENT=!0);var Nm={requestArgsToMiddlewareArgs:e=>e,middlewareArgsToRequestArgs:e=>e},Wl=Symbol.for("prisma.client.transaction.scope_context");function Ql(e){let r=e[Wl];if(r===void 0)return{kind:"top-level"};if(Dm(r))return r;throw new Error("Internal error: inconsistent transaction scope context.")}function Dm(e){if(typeof e!="object"||e===null)return!1;let t=e;return t.kind==="nested"&&typeof t.txId=="string"&&typeof t.scopeId=="string"&&Mm(t.scopeState)}function Mm(e){return typeof e!="object"||e===null?!1:Array.isArray(e.stack)}function Fm(){return typeof globalThis.crypto?.randomUUID=="function"?globalThis.crypto.randomUUID():`${Date.now()}-${Math.random().toString(16).slice(2)}`}var _m={id:0,nextId(){return++this.id}};function Kl(e){class t{_originalClient=this;_runtimeDataModel;_requestHandler;_connectionPromise;_disconnectionPromise;_engineConfig;_accelerateEngineConfig;_clientVersion;_errorFormat;_tracingHelper;_previewFeatures;_activeProvider;_globalOmit;_extensions;_engine;_appliedParent;_createPrismaPromise=mi();constructor(n){if(!n)throw new b.PrismaClientInitializationError("`PrismaClient` needs to be constructed with a non-empty, valid `PrismaClientOptions`:\n\n```\nnew PrismaClient({\n  ...\n})\n```\n\nor\n\n```\nconstructor() {\n  super({ ... });\n}\n```\n          ",wi);e=n.__internal?.configOverride?.(e)??e,jl(n,e);let i=new Gl.EventEmitter().on("error",()=>{});this._extensions=Qe.empty(),this._previewFeatures=e.previewFeatures,this._clientVersion=e.clientVersion??wi,this._activeProvider=e.activeProvider,this._globalOmit=n?.omit,this._tracingHelper=kl();let o;if(n.adapter){o=n.adapter;let s=e.activeProvider==="postgresql"||e.activeProvider==="cockroachdb"?"postgres":e.activeProvider;if(o.provider!==s)throw new b.PrismaClientInitializationError(`The Driver Adapter \`${o.adapterName}\`, based on \`${o.provider}\`, is not compatible with the provider \`${s}\` specified in the Prisma schema.`,this._clientVersion)}try{let s=n??{},l=(s.__internal??{}).debug===!0;if(l&&_.enable("prisma:client"),s.errorFormat?this._errorFormat=s.errorFormat:process.env.NODE_ENV==="production"?this._errorFormat="minimal":process.env.NO_COLOR?this._errorFormat="colorless":this._errorFormat="colorless",this._runtimeDataModel=e.runtimeDataModel,this._engineConfig={enableDebugLogs:l,logLevel:s.log&&Ol(s.log),logQueries:s.log&&!!(typeof s.log=="string"?s.log==="query":s.log.find(u=>typeof u=="string"?u==="query":u.level==="query")),compilerWasm:e.compilerWasm,clientVersion:e.clientVersion,previewFeatures:this._previewFeatures,activeProvider:e.activeProvider,inlineSchema:e.inlineSchema,tracingHelper:this._tracingHelper,transactionOptions:{maxWait:s.transactionOptions?.maxWait??2e3,timeout:s.transactionOptions?.timeout??5e3,isolationLevel:s.transactionOptions?.isolationLevel},logEmitter:i,adapter:o,accelerateUrl:s.accelerateUrl,sqlCommenters:s.comments,parameterizationSchema:e.parameterizationSchema,runtimeDataModel:e.runtimeDataModel,queryPlanCacheMaxSize:n.queryPlanCacheMaxSize},this._accelerateEngineConfig=Object.create(this._engineConfig),this._accelerateEngineConfig.accelerateUtils={resolveDatasourceUrl:()=>{if(s.accelerateUrl)return s.accelerateUrl;throw new b.PrismaClientInitializationError(`\`accelerateUrl\` is required when using \`@prisma/extension-accelerate\`:
                                                                                                                                                                                                                                                                                                                                                                                                                                                                                                                                                                                                                                                                                                                                                                                                                                                                                                                                                                                                                                                            

PrismaClientInitializationError: `PrismaClient` needs to be constructed with a non-empty, valid `PrismaClientOptions`:

```
new PrismaClient({
  ...
})
```

or

```
constructor() {
  super({ ... });
}
```
          
    at new t (D:\PROJECT\APLIKASI HABITAT\V2\habitat-saas\server\node_modules\@prisma\client\runtime\client.js:70:1527)
    at Object.<anonymous> (D:\PROJECT\APLIKASI HABITAT\V2\habitat-saas\server\controllers\invoice.controller.js:6:16)
    at Module._compile (node:internal/modules/cjs/loader:1854:14)
    at Object..js (node:internal/modules/cjs/loader:1985:10)
    at Module.load (node:internal/modules/cjs/loader:1577:32)
    at Module._load (node:internal/modules/cjs/loader:1379:12)
    at wrapModuleLoad (node:internal/modules/cjs/loader:255:19)
    at Module.require (node:internal/modules/cjs/loader:1600:12)
    at require (node:internal/modules/helpers:153:16)
    at Object.<anonymous> (D:\PROJECT\APLIKASI HABITAT\V2\habitat-saas\server\routes\invoice.routes.js:11:5) {
  clientVersion: '7.8.0',
  errorCode: undefined,
  retryable: undefined
}

Node.js v24.16.0
[31m[nodemon] app crashed - waiting for file changes before starting...[39m
[32m[nodemon] restarting due to changes...[39m
[32m[nodemon] starting `node src/index.js`[39m
D:\PROJECT\APLIKASI HABITAT\V2\habitat-saas\server\node_modules\@prisma\client\runtime\client.js:70
${n}`}var Ul=require("@prisma/client-runtime-utils");function Bl(e){return e.length===0?Promise.resolve([]):new Promise((t,r)=>{let n=new Array(e.length),i=null,o=!1,s=0,a=()=>{o||(s++,s===e.length&&(o=!0,i?r(i):t(n)))},l=u=>{o||(o=!0,r(u))};for(let u=0;u<e.length;u++)e[u].then(c=>{n[u]=c,a()},c=>{if(!(0,Ul.hasBatchIndex)(c)){l(c);return}c.batchRequestIdx===u?l(c):(i||(i=c),a())})})}var rt=_("prisma:client");typeof globalThis=="object"&&(globalThis.NODE_CLIENT=!0);var Nm={requestArgsToMiddlewareArgs:e=>e,middlewareArgsToRequestArgs:e=>e},Wl=Symbol.for("prisma.client.transaction.scope_context");function Ql(e){let r=e[Wl];if(r===void 0)return{kind:"top-level"};if(Dm(r))return r;throw new Error("Internal error: inconsistent transaction scope context.")}function Dm(e){if(typeof e!="object"||e===null)return!1;let t=e;return t.kind==="nested"&&typeof t.txId=="string"&&typeof t.scopeId=="string"&&Mm(t.scopeState)}function Mm(e){return typeof e!="object"||e===null?!1:Array.isArray(e.stack)}function Fm(){return typeof globalThis.crypto?.randomUUID=="function"?globalThis.crypto.randomUUID():`${Date.now()}-${Math.random().toString(16).slice(2)}`}var _m={id:0,nextId(){return++this.id}};function Kl(e){class t{_originalClient=this;_runtimeDataModel;_requestHandler;_connectionPromise;_disconnectionPromise;_engineConfig;_accelerateEngineConfig;_clientVersion;_errorFormat;_tracingHelper;_previewFeatures;_activeProvider;_globalOmit;_extensions;_engine;_appliedParent;_createPrismaPromise=mi();constructor(n){if(!n)throw new b.PrismaClientInitializationError("`PrismaClient` needs to be constructed with a non-empty, valid `PrismaClientOptions`:\n\n```\nnew PrismaClient({\n  ...\n})\n```\n\nor\n\n```\nconstructor() {\n  super({ ... });\n}\n```\n          ",wi);e=n.__internal?.configOverride?.(e)??e,jl(n,e);let i=new Gl.EventEmitter().on("error",()=>{});this._extensions=Qe.empty(),this._previewFeatures=e.previewFeatures,this._clientVersion=e.clientVersion??wi,this._activeProvider=e.activeProvider,this._globalOmit=n?.omit,this._tracingHelper=kl();let o;if(n.adapter){o=n.adapter;let s=e.activeProvider==="postgresql"||e.activeProvider==="cockroachdb"?"postgres":e.activeProvider;if(o.provider!==s)throw new b.PrismaClientInitializationError(`The Driver Adapter \`${o.adapterName}\`, based on \`${o.provider}\`, is not compatible with the provider \`${s}\` specified in the Prisma schema.`,this._clientVersion)}try{let s=n??{},l=(s.__internal??{}).debug===!0;if(l&&_.enable("prisma:client"),s.errorFormat?this._errorFormat=s.errorFormat:process.env.NODE_ENV==="production"?this._errorFormat="minimal":process.env.NO_COLOR?this._errorFormat="colorless":this._errorFormat="colorless",this._runtimeDataModel=e.runtimeDataModel,this._engineConfig={enableDebugLogs:l,logLevel:s.log&&Ol(s.log),logQueries:s.log&&!!(typeof s.log=="string"?s.log==="query":s.log.find(u=>typeof u=="string"?u==="query":u.level==="query")),compilerWasm:e.compilerWasm,clientVersion:e.clientVersion,previewFeatures:this._previewFeatures,activeProvider:e.activeProvider,inlineSchema:e.inlineSchema,tracingHelper:this._tracingHelper,transactionOptions:{maxWait:s.transactionOptions?.maxWait??2e3,timeout:s.transactionOptions?.timeout??5e3,isolationLevel:s.transactionOptions?.isolationLevel},logEmitter:i,adapter:o,accelerateUrl:s.accelerateUrl,sqlCommenters:s.comments,parameterizationSchema:e.parameterizationSchema,runtimeDataModel:e.runtimeDataModel,queryPlanCacheMaxSize:n.queryPlanCacheMaxSize},this._accelerateEngineConfig=Object.create(this._engineConfig),this._accelerateEngineConfig.accelerateUtils={resolveDatasourceUrl:()=>{if(s.accelerateUrl)return s.accelerateUrl;throw new b.PrismaClientInitializationError(`\`accelerateUrl\` is required when using \`@prisma/extension-accelerate\`:
                                                                                                                                                                                                                                                                                                                                                                                                                                                                                                                                                                                                                                                                                                                                                                                                                                                                                                                                                                                                                                                            

PrismaClientInitializationError: `PrismaClient` needs to be constructed with a non-empty, valid `PrismaClientOptions`:

```
new PrismaClient({
  ...
})
```

or

```
constructor() {
  super({ ... });
}
```
          
    at new t (D:\PROJECT\APLIKASI HABITAT\V2\habitat-saas\server\node_modules\@prisma\client\runtime\client.js:70:1527)
    at Object.<anonymous> (D:\PROJECT\APLIKASI HABITAT\V2\habitat-saas\server\controllers\settings.controller.js:3:16)
    at Module._compile (node:internal/modules/cjs/loader:1854:14)
    at Object..js (node:internal/modules/cjs/loader:1985:10)
    at Module.load (node:internal/modules/cjs/loader:1577:32)
    at Module._load (node:internal/modules/cjs/loader:1379:12)
    at wrapModuleLoad (node:internal/modules/cjs/loader:255:19)
    at Module.require (node:internal/modules/cjs/loader:1600:12)
    at require (node:internal/modules/helpers:153:16)
    at Object.<anonymous> (D:\PROJECT\APLIKASI HABITAT\V2\habitat-saas\server\routes\settings.routes.js:4:55) {
  clientVersion: '7.8.0',
  errorCode: undefined,
  retryable: undefined
}

Node.js v24.16.0
[31m[nodemon] app crashed - waiting for file changes before starting...[39m
[32m[nodemon] restarting due to changes...[39m
[32m[nodemon] starting `node src/index.js`[39m

đźš€ Habitat API berjalan di http://localhost:5000
âŹ° 23/6/2026, 14.57.19

(node:4344) Warning: Setting the NODE_TLS_REJECT_UNAUTHORIZED environment variable to '0' makes TLS connections and HTTPS requests insecure by disabling certificate verification.
(Use `node --trace-warnings ...` to show where the warning was created)
[31m[nodemon] app crashed - waiting for file changes before starting...[39m
[32m[nodemon] restarting due to changes...[39m
[32m[nodemon] starting `node src/index.js`[39m

đźš€ Habitat API berjalan di http://localhost:5000
âŹ° 23/6/2026, 15.43.44

[32m[nodemon] restarting due to changes...[39m
[32m[nodemon] starting `node src/index.js`[39m

đźš€ Habitat API berjalan di http://localhost:5000
âŹ° 23/6/2026, 15.43.48

[32m[nodemon] clean exit - waiting for changes before restart[39m
[32m[nodemon] restarting due to changes...[39m
[32m[nodemon] starting `node src/index.js`[39m

đźš€ Habitat API berjalan di http://localhost:5000
âŹ° 23/6/2026, 19.13.59

[32m[nodemon] restarting due to changes...[39m
[32m[nodemon] starting `node src/index.js`[39m

đźš€ Habitat API berjalan di http://localhost:5000
âŹ° 23/6/2026, 19.14.06

[31m[nodemon] app crashed - waiting for file changes before starting...[39m
[32m[nodemon] restarting due to changes...[39m
[32m[nodemon] starting `node src/index.js`[39m

đźš€ Habitat API berjalan di http://localhost:5000
âŹ° 23/6/2026, 19.27.48

(node:12168) Warning: Setting the NODE_TLS_REJECT_UNAUTHORIZED environment variable to '0' makes TLS connections and HTTPS requests insecure by disabling certificate verification.
(Use `node --trace-warnings ...` to show where the warning was created)
[32m[nodemon] restarting due to changes...[39m
[32m[nodemon] starting `node src/index.js`[39m

đźš€ Habitat API berjalan di http://localhost:5000
âŹ° 23/6/2026, 19.31.17

[32m[nodemon] clean exit - waiting for changes before restart[39m
[32m[nodemon] restarting due to changes...[39m
[32m[nodemon] starting `node src/index.js`[39m

đźš€ Habitat API berjalan di http://localhost:5000
âŹ° 23/6/2026, 19.31.23

[32m[nodemon] restarting due to changes...[39m
[32m[nodemon] starting `node src/index.js`[39m

đźš€ Habitat API berjalan di http://localhost:5000
âŹ° 23/6/2026, 19.31.28

[32m[nodemon] clean exit - waiting for changes before restart[39m
[32m[nodemon] restarting due to changes...[39m
[32m[nodemon] starting `node src/index.js`[39m

đźš€ Habitat API berjalan di http://localhost:5000
âŹ° 23/6/2026, 20.37.02

[32m[nodemon] clean exit - waiting for changes before restart[39m
[32m[nodemon] restarting due to changes...[39m
[32m[nodemon] starting `node src/index.js`[39m

đźš€ Habitat API berjalan di http://localhost:5000
âŹ° 24/6/2026, 07.54.56

[32m[nodemon] clean exit - waiting for changes before restart[39m
[32m[nodemon] restarting due to changes...[39m
[32m[nodemon] starting `node src/index.js`[39m

đźš€ Habitat API berjalan di http://localhost:5000
âŹ° 24/6/2026, 07.55.07

[32m[nodemon] restarting due to changes...[39m
[32m[nodemon] starting `node src/index.js`[39m

đźš€ Habitat API berjalan di http://localhost:5000
âŹ° 24/6/2026, 07.55.14

[32m[nodemon] clean exit - waiting for changes before restart[39m
[32m[nodemon] restarting due to changes...[39m
[32m[nodemon] starting `node src/index.js`[39m

đźš€ Habitat API berjalan di http://localhost:5000
âŹ° 24/6/2026, 07.55.19

[32m[nodemon] restarting due to changes...[39m
[32m[nodemon] starting `node src/index.js`[39m

đźš€ Habitat API berjalan di http://localhost:5000
âŹ° 24/6/2026, 07.57.56

[32m[nodemon] clean exit - waiting for changes before restart[39m
[32m[nodemon] restarting due to changes...[39m
[32m[nodemon] starting `node src/index.js`[39m

đźš€ Habitat API berjalan di http://localhost:5000
âŹ° 24/6/2026, 08.45.18

[32m[nodemon] clean exit - waiting for changes before restart[39m
[32m[nodemon] restarting due to changes...[39m
[32m[nodemon] starting `node src/index.js`[39m

đźš€ Habitat API berjalan di http://localhost:5000
âŹ° 24/6/2026, 08.45.59

(node:8512) Warning: Setting the NODE_TLS_REJECT_UNAUTHORIZED environment variable to '0' makes TLS connections and HTTPS requests insecure by disabling certificate verification.
(Use `node --trace-warnings ...` to show where the warning was created)
[32m[nodemon] restarting due to changes...[39m
[32m[nodemon] starting `node src/index.js`[39m

đźš€ Habitat API berjalan di http://localhost:5000
âŹ° 24/6/2026, 13.14.11

[32m[nodemon] clean exit - waiting for changes before restart[39m
[32m[nodemon] restarting due to changes...[39m
[32m[nodemon] starting `node src/index.js`[39m

đźš€ Habitat API berjalan di http://localhost:5000
âŹ° 24/6/2026, 13.14.13

[32m[nodemon] restarting due to changes...[39m
[32m[nodemon] starting `node src/index.js`[39m

đźš€ Habitat API berjalan di http://localhost:5000
âŹ° 24/6/2026, 13.14.17

[32m[nodemon] clean exit - waiting for changes before restart[39m
[32m[nodemon] restarting due to changes...[39m
[32m[nodemon] starting `node src/index.js`[39m

đźš€ Habitat API berjalan di http://localhost:5000
âŹ° 24/6/2026, 13.14.33

(node:16156) Warning: Setting the NODE_TLS_REJECT_UNAUTHORIZED environment variable to '0' makes TLS connections and HTTPS requests insecure by disabling certificate verification.
(Use `node --trace-warnings ...` to show where the warning was created)
[generateInvoice] PrismaClientValidationError: 
Invalid `prisma.sponsorInvoice.create()` invocation in
D:\PROJECT\APLIKASI HABITAT\V2\habitat-saas\server\controllers\invoice.controller.js:379:49

  376 const invoiceNumber = await nextInvoiceNumber();
  377 
  378 // Buat record dulu (tanpa pdfUrl)
â†’ 379 const invoice = await prisma.sponsorInvoice.create({
        data: {
          invoiceNumber: "INV-001-240626",
          dealId: "5060cf03-97f0-4fef-8bc5-501b0a2db59b",
          sponsorName: "PT GEMILANG BERJAYA JAYA",
          sponsorEmail: "info@gemilang.com",
          contactName: "made",
          promotorName: "Habitat bersama",
          promotorLogo: null,
          bankName: "BCA ",
          bankAccount: "45612378945",
          accountHolder: "habitat bersama ",
          items: [
            {
              name: "ABC",
              qty: 10,
              unitPrice: 200000,
              subtotal: 2000000
            }
          ],
          grandTotal: 10000000,
          itemsSubtotal: 2000000,
          ~~~~~~~~~~~~~
          discount: 0,
          invoiceSource: "bundling",
          invoiceType: "sponsorship",
          bonusItems: [],
          currentTier: "Supporting Sponsor",
          nextTier: "Silver",
          amountToUpgrade: 15000000,
          status: "Belum Dibayar",
      ?   id?: String,
      ?   pdfUrl?: String | Null,
      ?   paidAt?: DateTime | Null,
      ?   createdAt?: DateTime,
      ?   updatedAt?: DateTime
        }
      })

Unknown argument `itemsSubtotal`. Available options are marked with ?.
    at ar (D:\PROJECT\APLIKASI HABITAT\V2\habitat-saas\server\node_modules\@prisma\client\runtime\client.js:10:1374)
    at zr.handleRequestError (D:\PROJECT\APLIKASI HABITAT\V2\habitat-saas\server\node_modules\@prisma\client\runtime\client.js:65:7929)
    at zr.handleAndLogRequestError (D:\PROJECT\APLIKASI HABITAT\V2\habitat-saas\server\node_modules\@prisma\client\runtime\client.js:65:7581)
    at zr.request (D:\PROJECT\APLIKASI HABITAT\V2\habitat-saas\server\node_modules\@prisma\client\runtime\client.js:65:7288)
    at process.processTicksAndRejections (node:internal/process/task_queues:104:5)
    at async a (D:\PROJECT\APLIKASI HABITAT\V2\habitat-saas\server\node_modules\@prisma\client\runtime\client.js:75:6862)
    at async generateInvoice (D:\PROJECT\APLIKASI HABITAT\V2\habitat-saas\server\controllers\invoice.controller.js:379:21) {
  clientVersion: '7.8.0'
}
[generateInvoice] PrismaClientValidationError: 
Invalid `prisma.sponsorInvoice.create()` invocation in
D:\PROJECT\APLIKASI HABITAT\V2\habitat-saas\server\controllers\invoice.controller.js:379:49

  376 const invoiceNumber = await nextInvoiceNumber();
  377 
  378 // Buat record dulu (tanpa pdfUrl)
â†’ 379 const invoice = await prisma.sponsorInvoice.create({
        data: {
          invoiceNumber: "INV-001-240626",
          dealId: "5060cf03-97f0-4fef-8bc5-501b0a2db59b",
          sponsorName: "PT GEMILANG BERJAYA JAYA",
          sponsorEmail: "info@gemilang.com",
          contactName: "made",
          promotorName: "Habitat bersama",
          promotorLogo: null,
          bankName: "BCA ",
          bankAccount: "45612378945",
          accountHolder: "habitat bersama ",
          items: [
            {
              name: "ABC",
              qty: 10,
              unitPrice: 200000,
              subtotal: 2000000
            }
          ],
          grandTotal: 10000000,
          itemsSubtotal: 2000000,
          ~~~~~~~~~~~~~
          discount: 0,
          invoiceSource: "bundling",
          invoiceType: "sponsorship",
          bonusItems: [],
          currentTier: "Supporting Sponsor",
          nextTier: "Silver",
          amountToUpgrade: 15000000,
          status: "Belum Dibayar",
      ?   id?: String,
      ?   pdfUrl?: String | Null,
      ?   paidAt?: DateTime | Null,
      ?   createdAt?: DateTime,
      ?   updatedAt?: DateTime
        }
      })

Unknown argument `itemsSubtotal`. Available options are marked with ?.
    at ar (D:\PROJECT\APLIKASI HABITAT\V2\habitat-saas\server\node_modules\@prisma\client\runtime\client.js:10:1374)
    at zr.handleRequestError (D:\PROJECT\APLIKASI HABITAT\V2\habitat-saas\server\node_modules\@prisma\client\runtime\client.js:65:7929)
    at zr.handleAndLogRequestError (D:\PROJECT\APLIKASI HABITAT\V2\habitat-saas\server\node_modules\@prisma\client\runtime\client.js:65:7581)
    at zr.request (D:\PROJECT\APLIKASI HABITAT\V2\habitat-saas\server\node_modules\@prisma\client\runtime\client.js:65:7288)
    at process.processTicksAndRejections (node:internal/process/task_queues:104:5)
    at async a (D:\PROJECT\APLIKASI HABITAT\V2\habitat-saas\server\node_modules\@prisma\client\runtime\client.js:75:6862)
    at async generateInvoice (D:\PROJECT\APLIKASI HABITAT\V2\habitat-saas\server\controllers\invoice.controller.js:379:21) {
  clientVersion: '7.8.0'
}
[generateInvoice] PrismaClientValidationError: 
Invalid `prisma.sponsorInvoice.create()` invocation in
D:\PROJECT\APLIKASI HABITAT\V2\habitat-saas\server\controllers\invoice.controller.js:379:49

  376 const invoiceNumber = await nextInvoiceNumber();
  377 
  378 // Buat record dulu (tanpa pdfUrl)
â†’ 379 const invoice = await prisma.sponsorInvoice.create({
        data: {
          invoiceNumber: "INV-001-240626",
          dealId: "5060cf03-97f0-4fef-8bc5-501b0a2db59b",
          sponsorName: "PT GEMILANG BERJAYA JAYA",
          sponsorEmail: "info@gemilang.com",
          contactName: "made",
          promotorName: "Habitat bersama",
          promotorLogo: null,
          bankName: "BCA ",
          bankAccount: "45612378945",
          accountHolder: "habitat bersama ",
          items: [
            {
              name: "ABC",
              qty: 10,
              unitPrice: 200000,
              subtotal: 2000000
            }
          ],
          grandTotal: 10000000,
          itemsSubtotal: 2000000,
          ~~~~~~~~~~~~~
          discount: 0,
          invoiceSource: "bundling",
          invoiceType: "sponsorship",
          bonusItems: [],
          currentTier: "Supporting Sponsor",
          nextTier: "Silver",
          amountToUpgrade: 15000000,
          status: "Belum Dibayar",
      ?   id?: String,
      ?   pdfUrl?: String | Null,
      ?   paidAt?: DateTime | Null,
      ?   createdAt?: DateTime,
      ?   updatedAt?: DateTime
        }
      })

Unknown argument `itemsSubtotal`. Available options are marked with ?.
    at ar (D:\PROJECT\APLIKASI HABITAT\V2\habitat-saas\server\node_modules\@prisma\client\runtime\client.js:10:1374)
    at zr.handleRequestError (D:\PROJECT\APLIKASI HABITAT\V2\habitat-saas\server\node_modules\@prisma\client\runtime\client.js:65:7929)
    at zr.handleAndLogRequestError (D:\PROJECT\APLIKASI HABITAT\V2\habitat-saas\server\node_modules\@prisma\client\runtime\client.js:65:7581)
    at zr.request (D:\PROJECT\APLIKASI HABITAT\V2\habitat-saas\server\node_modules\@prisma\client\runtime\client.js:65:7288)
    at process.processTicksAndRejections (node:internal/process/task_queues:104:5)
    at async a (D:\PROJECT\APLIKASI HABITAT\V2\habitat-saas\server\node_modules\@prisma\client\runtime\client.js:75:6862)
    at async generateInvoice (D:\PROJECT\APLIKASI HABITAT\V2\habitat-saas\server\controllers\invoice.controller.js:379:21) {
  clientVersion: '7.8.0'
}
[GENERATE CODE] hit by user: 126dac2f-7237-413e-a437-1afa644ccee0
[GENERATE CODE] created: SPN-J86Q-R7KD
[VALIDATE CODE] received code: SPN-J86Q-R7KD
[UPDATE DEAL STATUS] Auto-created 2 deliverables for deal 62587e31-3e8f-4836-8a4b-eaeff4ab5d21
[generateInvoice] PrismaClientValidationError: 
Invalid `prisma.sponsorInvoice.create()` invocation in
D:\PROJECT\APLIKASI HABITAT\V2\habitat-saas\server\controllers\invoice.controller.js:379:49

  376 const invoiceNumber = await nextInvoiceNumber();
  377 
  378 // Buat record dulu (tanpa pdfUrl)
â†’ 379 const invoice = await prisma.sponsorInvoice.create({
        data: {
          invoiceNumber: "INV-001-240626",
          dealId: "62587e31-3e8f-4836-8a4b-eaeff4ab5d21",
          sponsorName: "metalmelayu",
          sponsorEmail: "metal@melayu.com",
          contactName: "komang",
          promotorName: "Habitat bersama",
          promotorLogo: null,
          bankName: "BCA ",
          bankAccount: "45612378945",
          accountHolder: "habitat bersama ",
          items: [
            {
              name: "LED Screen Branding",
              qty: 1,
              unitPrice: 50000000,
              subtotal: 50000000
            },
            {
              name: "VIP Lounge Activation",
              qty: 1,
              unitPrice: 75000000,
              subtotal: 75000000
            }
          ],
          grandTotal: 120000000,
          itemsSubtotal: 125000000,
          ~~~~~~~~~~~~~
          discount: 5000000,
          invoiceSource: "alacarte",
          invoiceType: "sponsorship",
          bonusItems: [],
          currentTier: "Platinum",
          nextTier: "Title Sponsor",
          amountToUpgrade: 130000000,
          status: "Belum Dibayar",
      ?   id?: String,
      ?   pdfUrl?: String | Null,
      ?   paidAt?: DateTime | Null,
      ?   createdAt?: DateTime,
      ?   updatedAt?: DateTime
        }
      })

Unknown argument `itemsSubtotal`. Available options are marked with ?.
    at ar (D:\PROJECT\APLIKASI HABITAT\V2\habitat-saas\server\node_modules\@prisma\client\runtime\client.js:10:1374)
    at zr.handleRequestError (D:\PROJECT\APLIKASI HABITAT\V2\habitat-saas\server\node_modules\@prisma\client\runtime\client.js:65:7929)
    at zr.handleAndLogRequestError (D:\PROJECT\APLIKASI HABITAT\V2\habitat-saas\server\node_modules\@prisma\client\runtime\client.js:65:7581)
    at zr.request (D:\PROJECT\APLIKASI HABITAT\V2\habitat-saas\server\node_modules\@prisma\client\runtime\client.js:65:7288)
    at process.processTicksAndRejections (node:internal/process/task_queues:104:5)
    at async a (D:\PROJECT\APLIKASI HABITAT\V2\habitat-saas\server\node_modules\@prisma\client\runtime\client.js:75:6862)
    at async generateInvoice (D:\PROJECT\APLIKASI HABITAT\V2\habitat-saas\server\controllers\invoice.controller.js:379:21) {
  clientVersion: '7.8.0'
}
[generateInvoice] PrismaClientValidationError: 
Invalid `prisma.sponsorInvoice.create()` invocation in
D:\PROJECT\APLIKASI HABITAT\V2\habitat-saas\server\controllers\invoice.controller.js:379:49

  376 const invoiceNumber = await nextInvoiceNumber();
  377 
  378 // Buat record dulu (tanpa pdfUrl)
â†’ 379 const invoice = await prisma.sponsorInvoice.create({
        data: {
          invoiceNumber: "INV-001-240626",
          dealId: "62587e31-3e8f-4836-8a4b-eaeff4ab5d21",
          sponsorName: "metalmelayu",
          sponsorEmail: "metal@melayu.com",
          contactName: "komang",
          promotorName: "Habitat bersama",
          promotorLogo: null,
          bankName: "BCA ",
          bankAccount: "45612378945",
          accountHolder: "habitat bersama ",
          items: [
            {
              name: "LED Screen Branding",
              qty: 1,
              unitPrice: 50000000,
              subtotal: 50000000
            },
            {
              name: "VIP Lounge Activation",
              qty: 1,
              unitPrice: 75000000,
              subtotal: 75000000
            }
          ],
          grandTotal: 120000000,
          itemsSubtotal: 125000000,
          ~~~~~~~~~~~~~
          discount: 5000000,
          invoiceSource: "bundling",
          invoiceType: "sponsorship",
          bonusItems: [],
          currentTier: "Platinum",
          nextTier: "Title Sponsor",
          amountToUpgrade: 130000000,
          status: "Belum Dibayar",
      ?   id?: String,
      ?   pdfUrl?: String | Null,
      ?   paidAt?: DateTime | Null,
      ?   createdAt?: DateTime,
      ?   updatedAt?: DateTime
        }
      })

Unknown argument `itemsSubtotal`. Available options are marked with ?.
    at ar (D:\PROJECT\APLIKASI HABITAT\V2\habitat-saas\server\node_modules\@prisma\client\runtime\client.js:10:1374)
    at zr.handleRequestError (D:\PROJECT\APLIKASI HABITAT\V2\habitat-saas\server\node_modules\@prisma\client\runtime\client.js:65:7929)
    at zr.handleAndLogRequestError (D:\PROJECT\APLIKASI HABITAT\V2\habitat-saas\server\node_modules\@prisma\client\runtime\client.js:65:7581)
    at zr.request (D:\PROJECT\APLIKASI HABITAT\V2\habitat-saas\server\node_modules\@prisma\client\runtime\client.js:65:7288)
    at process.processTicksAndRejections (node:internal/process/task_queues:104:5)
    at async a (D:\PROJECT\APLIKASI HABITAT\V2\habitat-saas\server\node_modules\@prisma\client\runtime\client.js:75:6862)
    at async generateInvoice (D:\PROJECT\APLIKASI HABITAT\V2\habitat-saas\server\controllers\invoice.controller.js:379:21) {
  clientVersion: '7.8.0'
}
[32m[nodemon] restarting due to changes...[39m
[32m[nodemon] starting `node src/index.js`[39m

đźš€ Habitat API berjalan di http://localhost:5000
âŹ° 24/6/2026, 13.28.03

[32m[nodemon] clean exit - waiting for changes before restart[39m
[32m[nodemon] restarting due to changes...[39m
[32m[nodemon] starting `node src/index.js`[39m

đźš€ Habitat API berjalan di http://localhost:5000
âŹ° 24/6/2026, 13.51.02

[32m[nodemon] restarting due to changes...[39m
[32m[nodemon] starting `node src/index.js`[39m

đźš€ Habitat API berjalan di http://localhost:5000
âŹ° 24/6/2026, 13.51.09

[32m[nodemon] clean exit - waiting for changes before restart[39m
[32m[nodemon] restarting due to changes...[39m
[32m[nodemon] starting `node src/index.js`[39m

đźš€ Habitat API berjalan di http://localhost:5000
âŹ° 24/6/2026, 13.51.18

[32m[nodemon] restarting due to changes...[39m
[32m[nodemon] starting `node src/index.js`[39m

đźš€ Habitat API berjalan di http://localhost:5000
âŹ° 24/6/2026, 13.51.29

[32m[nodemon] clean exit - waiting for changes before restart[39m
[32m[nodemon] restarting due to changes...[39m
[32m[nodemon] starting `node src/index.js`[39m

đźš€ Habitat API berjalan di http://localhost:5000
âŹ° 24/6/2026, 13.51.34

[32m[nodemon] restarting due to changes...[39m
[32m[nodemon] starting `node src/index.js`[39m

đźš€ Habitat API berjalan di http://localhost:5000
âŹ° 24/6/2026, 13.51.39

[32m[nodemon] clean exit - waiting for changes before restart[39m
[32m[nodemon] restarting due to changes...[39m
[32m[nodemon] starting `node src/index.js`[39m

đźš€ Habitat API berjalan di http://localhost:5000
âŹ° 24/6/2026, 14.17.17

[32m[nodemon] restarting due to changes...[39m
[32m[nodemon] starting `node src/index.js`[39m

đźš€ Habitat API berjalan di http://localhost:5000
âŹ° 24/6/2026, 14.17.35

[32m[nodemon] clean exit - waiting for changes before restart[39m
[32m[nodemon] restarting due to changes...[39m
[32m[nodemon] starting `node src/index.js`[39m

đźš€ Habitat API berjalan di http://localhost:5000
âŹ° 24/6/2026, 14.17.46

(node:26928) Warning: Setting the NODE_TLS_REJECT_UNAUTHORIZED environment variable to '0' makes TLS connections and HTTPS requests insecure by disabling certificate verification.
(Use `node --trace-warnings ...` to show where the warning was created)
[32m[nodemon] restarting due to changes...[39m
[32m[nodemon] starting `node src/index.js`[39m

đźš€ Habitat API berjalan di http://localhost:5000
âŹ° 24/6/2026, 14.29.33

[32m[nodemon] clean exit - waiting for changes before restart[39m
